Log file open, 04/04/15 17:39:01
LogInit:Display: Running engine for game: StarProject
LogInit: Version: 4.7.4-2497108+++depot+UE4-Releases+4.7
LogInit: API Version: 2455222
LogInit: Compiled (64-bit): Mar 31 2015 09:40:25
LogInit: Compiled with Visual C++: 18.00.21005.01
LogInit: Build Configuration: Development
LogInit: Branch Name: ++depot+UE4-Releases+4.7
LogInit: Command line:  
LogInit: Base directory: C:/Program Files/Epic Games/4.7/Engine/Binaries/Win64/
LogInit: Rocket: 1
[2015.04.04-15.39.01:304][  0]LogTaskGraph: Started task graph with 3 named threads and 6 total threads.
[2015.04.04-15.39.01:369][  0]LogOnline:Warning: No default platform service specified for OnlineSubsystem
[2015.04.04-15.39.01:382][  0]LogInit: Presizing for 0 objects not considered by GC, pre-allocating 0 bytes.
[2015.04.04-15.39.01:390][  0]LogInit: Object subsystem initialized
[2015.04.04-15.39.01:391][  0]LogConsoleResponse:Warning: Skipping Unknown console variable: 'TranslucentSortAxis = (X=0.000000,Y=-1.000000,Z=0.000000)'
[2015.04.04-15.39.01:391][  0]LogConsoleResponse:Warning:   Found in ini file 'C:/Users/admin/Documents/GitHub/StarProject/Saved/Config/Windows/Engine.ini', in section '[/Script/Engine.RendererSettings]'
[2015.04.04-15.39.01:391][  0]LogConsoleResponse:Warning: Skipping Unknown console variable: 'UIScaleRule = ShortestSide'
[2015.04.04-15.39.01:391][  0]LogConsoleResponse:Warning:   Found in ini file 'C:/Users/admin/Documents/GitHub/StarProject/Saved/Config/Windows/Engine.ini', in section '[/Script/Engine.RendererSettings]'
[2015.04.04-15.39.01:391][  0]LogConsoleResponse:Warning: Skipping Unknown console variable: 'UIScaleCurve = (EditorCurveData=(Keys=),ExternalCurve=None)'
[2015.04.04-15.39.01:391][  0]LogConsoleResponse:Warning:   Found in ini file 'C:/Users/admin/Documents/GitHub/StarProject/Saved/Config/Windows/Engine.ini', in section '[/Script/Engine.RendererSettings]'
[2015.04.04-15.39.01:392][  0]LogInit: Selected Device Profile: [Windows]
[2015.04.04-15.39.01:392][  0]LogInit: Applying CVar settings loaded from the selected device profile: [Windows]
[2015.04.04-15.39.01:399][  0]LogInit: Computer: ADMIN-PC
[2015.04.04-15.39.01:399][  0]LogInit: User: admin
[2015.04.04-15.39.01:399][  0]LogInit: CPU Page size=4096, Cores=4
[2015.04.04-15.39.01:399][  0]LogInit: High frequency timer resolution =14.318180 MHz
[2015.04.04-15.39.01:399][  0]LogMemory: Memory total: Physical=15.9GB (16GB approx) Virtual=131072.0GB
[2015.04.04-15.39.01:399][  0]LogMemory: Platform Memory Stats for Windows
[2015.04.04-15.39.01:399][  0]LogMemory: Process Physical Memory: 46.89 MB used, 46.89 MB peak
[2015.04.04-15.39.01:399][  0]LogMemory: Process Virtual Memory: 25.62 MB used, 25.63 MB peak
[2015.04.04-15.39.01:399][  0]LogMemory: Physical Memory: 3861.10 MB used, 16254.34 MB total
[2015.04.04-15.39.01:399][  0]LogMemory: Virtual Memory: 304.16 MB used, 134217728.00 MB total
[2015.04.04-15.39.01:453][  0]LogD3D11RHI: Found D3D11 adapter 0: NVIDIA GeForce GTX 770 (Feature Level 11_0)
[2015.04.04-15.39.01:453][  0]LogD3D11RHI: Adapter has 1985MB of dedicated video memory, 0MB of dedicated system memory, and 2048MB of shared system memory, 2 output[s]
[2015.04.04-15.39.01:459][  0]LogD3D11RHI: Found D3D11 adapter 1: Intel(R) HD Graphics 4600 (Feature Level 11_0)
[2015.04.04-15.39.01:459][  0]LogD3D11RHI: Adapter has 32MB of dedicated video memory, 0MB of dedicated system memory, and 1760MB of shared system memory, 1 output[s]
[2015.04.04-15.39.01:460][  0]LogD3D11RHI: Found D3D11 adapter 2: Microsoft Basic Render Driver (Feature Level 11_0)
[2015.04.04-15.39.01:460][  0]LogD3D11RHI: Adapter has 0MB of dedicated video memory, 0MB of dedicated system memory, and 256MB of shared system memory, 0 output[s]
[2015.04.04-15.39.01:460][  0]LogD3D11RHI: Chosen D3D11 Adapter Id = 0
[2015.04.04-15.39.01:464][  0]LogRHI: Texture pool is 1361 MB (70% of 1945 MB)
[2015.04.04-15.39.01:475][  0]LogD3D11RHI: Async texture creation enabled
[2015.04.04-15.39.01:538][  0]LogTextLocalizationManager: The requested culture ('de_DE') has no localization data; falling back to 'en' for localization and internationalization data.
[2015.04.04-15.39.01:607][  0]LogTextLocalizationManager:Warning: Loading localization resources contain conflicting entries for (Namespace:UICommands, Key:Save_ToolTip):
Resource: (C:/Program Files/Epic Games/4.7/Engine/Content/Localization/Editor/en/Editor.locres) Hash: (-29098895) String: (Saves the current level to disk)
Resource: (C:/Program Files/Epic Games/4.7/Engine/Content/Localization/Engine/en/Engine.locres) Hash: (-1280300587) String: (Save selected data to vlog file)
[2015.04.04-15.39.01:607][  0]LogTextLocalizationManager:Warning: Loading localization resources contain conflicting entries for (Namespace:ContentBrowser, Key:ImportAssetToolTip):
Resource: (C:/Program Files/Epic Games/4.7/Engine/Content/Localization/Editor/en/Editor.locres) Hash: (-630476809) String: (Import to {0}...)
Resource: (C:/Program Files/Epic Games/4.7/Engine/Content/Localization/Editor/en/Editor.locres) Hash: (1271782899) String: (Imports an asset from file to this folder.)
[2015.04.04-15.39.01:680][  0]LogContentStreaming: Texture pool size is 0.000000MB
[2015.04.04-15.39.03:464][  0]LogTargetPlatformManager:Display: Building Assets For Windows
[2015.04.04-15.39.03:899][  0]LogTargetPlatformManager:Display: Building Assets For Windows
[2015.04.04-15.39.03:945][  0]LogDerivedDataCache:Display: Max Cache Size: 512 MB
[2015.04.04-15.39.03:990][  0]LogDerivedDataCache: Loaded boot cache 0.04s 39MB C:/Users/admin/AppData/Local/UnrealEngine/4.7/DerivedDataCache/Boot.ddc.
[2015.04.04-15.39.03:990][  0]LogDerivedDataCache:Display: Loaded Boot cache: C:/Users/admin/AppData/Local/UnrealEngine/4.7/DerivedDataCache/Boot.ddc
[2015.04.04-15.39.03:990][  0]LogDerivedDataCache: FDerivedDataBackendGraph:  Pak pak cache file ../../../../../../Users/admin/Documents/GitHub/StarProject/DerivedDataCache/DDC.ddp not found, will not use a pak cache.
[2015.04.04-15.39.03:990][  0]LogDerivedDataCache: Unable to find inner node Pak for hierarchical cache Hierarchy.
[2015.04.04-15.39.04:079][  0]LogDerivedDataCache:Display: Pak cache opened for reading ../../../Engine/DerivedDataCache/Compressed.ddp.
[2015.04.04-15.39.04:091][  0]LogDerivedDataCache: Using Local data cache path C:/Users/admin/AppData/Local/UnrealEngine/Common/DerivedDataCache: Writable
[2015.04.04-15.39.04:314][  0]LogMeshUtilities: No automatic mesh reduction module available
[2015.04.04-15.39.04:314][  0]LogMeshUtilities: No automatic mesh merging module available
[2015.04.04-15.39.04:621][  0]LogInit: WinSock: version 1.1 (2.2), MaxSocks=32767, MaxUdp=65467
[2015.04.04-15.39.04:680][  0]LogSlate:Warning: Failed to load font data from '../../../Engine/Content/Slate/Fonts/Roboto-Italic.ttf'
[2015.04.04-15.39.05:278][  0]UdpMessaging: Initializing bridge on interface 0.0.0.0:0 to multicast group 230.0.0.1:6666.
[2015.04.04-15.39.05:465][  0]SourceControl: Info Source control is disabled
[2015.04.04-15.39.05:465][  0]SourceControl: Info Source control is disabled
[2015.04.04-15.39.05:465][  0]SourceControl: Info Source control is disabled
[2015.04.04-15.39.05:465][  0]LogSourceControl: RunCommandInternalRaw: 'git version'
[2015.04.04-15.39.05:465][  0]LogSourceControl: RunCommandInternalRaw: ExecProcess ReturnCode=2 OutResults=''
[2015.04.04-15.39.05:472][  0]SourceControl: Info Source control is disabled
[2015.04.04-15.39.05:610][  0]LogObj: 24232 objects as part of root set at end of initial load.
[2015.04.04-15.39.05:610][  0]LogUObjectAllocator: 5137176 out of 0 bytes used by permanent object pool.
[2015.04.04-15.39.05:674][  0]LogEngine: Initializing Engine...
[2015.04.04-15.39.08:837][  0]LogInit: XAudio2 using 'Lautsprecher (Logitech USB Headset)' : 2 channels at 44.1 kHz using 16 bits per sample (channel mask 0x3)
[2015.04.04-15.39.08:845][  0]LogInit: FAudioDevice initialized.
[2015.04.04-15.39.08:874][  0]LogAIModule: Creating AISystem for world NewWorld
[2015.04.04-15.39.08:897][  0]LogDerivedDataCache: Saved boot cache 0.02s 39MB C:/Users/admin/AppData/Local/UnrealEngine/4.7/DerivedDataCache/Boot.ddc.
[2015.04.04-15.39.08:903][  0]LogInit: Texture streaming: Enabled
[2015.04.04-15.39.08:974][  0]LogAnalytics: Creating configured Analytics provider AnalyticsET
[2015.04.04-15.39.08:974][  0]LogAnalytics: ET APIKey = Rocket.Release. APIServer = http://et2.epicgames.com/ET2/. AppVersion = 4.7.4-2497108+++depot+UE4-Releases+4.7
[2015.04.04-15.39.08:974][  0]LogAnalytics: ET APIKey = Rocket.Release. DataRouterUploadURL = https://datarouter-public-service-gamedev.ol.epicgames.net/datarouter/api/v1/public/data. AppVersion = 4.7.4-2497108+++depot+UE4-Releases+4.7
[2015.04.04-15.39.08:974][  0]LogAnalytics: SetUserId dde3deed4523c0a2a770c48b31092dad|9afb1e8fda0a480cb286d8fd65efbaea|7aadb3ab-5297-4333-a6d6-a0753f16fa7d
[2015.04.04-15.39.08:974][  0]LogAnalytics: AnalyticsET::StartSession [Rocket.Release]
[2015.04.04-15.39.08:993][  0]LogInit: Transaction tracking system initialized
[2015.04.04-15.39.09:132][  0]BlueprintLog: New page: Editor Load
[2015.04.04-15.39.09:162][  0]LogAssetRegistry: FAssetRegistry took 0.0108 seconds to start up
[2015.04.04-15.39.09:162][  0]LogDirectoryWatcher:Warning: Failed to begin reading directory changes for ../../../Engine/Plugins/Experimental/CharacterAI/Content/. Error: 0
[2015.04.04-15.39.09:566][  0]LogTargetPlatformManager:Display: Building Assets For Windows
[2015.04.04-15.39.09:850][  0]LogTargetPlatformManager:Display: Building Assets For Windows
[2015.04.04-15.39.10:041][  0]LogSlate:Warning: Failed to load font data from '../../../Engine/Content/Editor/Slate/Fonts/Roboto-Regular.ttf'
[2015.04.04-15.39.10:041][  0]LogSlate:Warning: Failed to load font data from '../../../Engine/Content/Editor/Slate/Fonts/Roboto-Bold.ttf'
[2015.04.04-15.39.10:044][  0]LogConsoleResponse:Display: 
[2015.04.04-15.39.10:141][  0]LogCook:Display: Done creating registry. It took  0.00s.
[2015.04.04-15.39.10:247][  0]SourceControl: Info Source control is disabled
[2015.04.04-15.39.10:247][  0]Cmd: MAP LOAD FILE="../../../../../../Users/admin/Documents/GitHub/StarProject/Content/FirstPersonBP/Maps/FirstPersonExampleMap.umap" TEMPLATE=0 SHOWPROGRESS=1 FEATURELEVEL=3
[2015.04.04-15.39.10:248][  0]LightingResults: New page: Lighting Build
[2015.04.04-15.39.10:257][  0]MapCheck: New page: Map Check
[2015.04.04-15.39.10:257][  0]LightingResults: New page: Lighting Build
[2015.04.04-15.39.10:262][  0]LogParticles: Destroying 0 GPU particle simulations for FXSystem 0x000000B300514C20
[2015.04.04-15.39.10:331][  0]LoadErrors:Error: Error Failed import for SceneComponent
[2015.04.04-15.39.10:332][  0]LoadErrors:Error: Error Failed import for StaticMeshComponent
[2015.04.04-15.39.10:332][  0]LoadErrors:Error: Error Failed import for StaticMeshComponent
[2015.04.04-15.39.12:660][  0]LogEditorServer: Finished looking for orphan Actors (0.000 secs)
[2015.04.04-15.39.13:005][  0]LogAIModule: Creating AISystem for world FirstPersonExampleMap
[2015.04.04-15.39.13:005][  0]Cmd: MAP CHECKDEP
[2015.04.04-15.39.13:005][  0]MapCheck: New page: FirstPersonExampleMap - Apr 4, 2015, 7:39:13 PM
[2015.04.04-15.39.13:064][  0]MapCheck: Info Map check complete: 0 Error(s), 0 Warning(s), took 58.684ms to complete.
[2015.04.04-15.39.13:064][  0]LogFileHelpers: Loading map 'FirstPersonExampleMap' took 2.816
[2015.04.04-15.39.13:257][  0]LogCollectionManager: Loaded 0 collections in 0.001530 seconds
[2015.04.04-15.39.13:265][  0]LogContentBrowser: Native class hierarchy populated in 0.0076 seconds. Added 1696 classes and 261 folders.
[2015.04.04-15.39.13:298][  0]LogContentBrowser: Native class hierarchy updated for 'SceneOutliner' in 0.0017 seconds. Added 1 classes and 2 folders.
[2015.04.04-15.39.13:334][  0]LogCrashTracker: Crashtracker disabled due to settings.
[2015.04.04-15.39.13:335][  0]LogSlate:Warning: Failed to load font data from 'Veranda'
[2015.04.04-15.39.13:342][  0]LogUObjectGlobals:Warning: Failed to find object 'Class None.'
[2015.04.04-15.39.13:367][  0]LogLoad: Full Startup: 13.79 seconds (BP compile: 0.02 seconds)
[2015.04.04-15.39.13:851][  0]LogContentBrowser:Verbose: The content browser source was changed by the sources view to '/Game/SpaceBox_Mono/Materials/ST'
[2015.04.04-15.39.13:960][  0]LogRenderer:Warning: Reallocating scene render targets to support 32x32 (Frame:2).
[2015.04.04-15.39.14:074][  0]LogRenderer:Warning: Reallocating scene render targets to support 1024x600 (Frame:6).
[2015.04.04-15.39.16:190][  7]LogAssetRegistry: Asset discovery search completed in 7.0394 seconds
[2015.04.04-15.39.26:872][581]LogPlayLevel: PIE:  No blueprints needed recompiling
[2015.04.04-15.39.26:872][581]PIE: New page: PIE session: FirstPersonExampleMap (Apr 4, 2015, 7:39:26 PM)
[2015.04.04-15.39.26:875][581]LogPlayLevel: PIE: StaticDuplicateObject took: (0.002341s)
[2015.04.04-15.39.26:875][581]LogPlayLevel: PIE: World Init took: (0.000402s)
[2015.04.04-15.39.26:875][581]LogPlayLevel: PIE: Created PIE world by copying editor world from /Game/FirstPersonBP/Maps/FirstPersonExampleMap.FirstPersonExampleMap to /Game/FirstPersonBP/Maps/UEDPIE_0_FirstPersonExampleMap.FirstPersonExampleMap (0.002877s)
[2015.04.04-15.39.26:966][581]LogLinker:Warning: Asset '../../../Engine/Content/EngineMeshes/Humanoid.uasset' has been saved with empty engine version. The asset will be loaded but may be incompatible.
[2015.04.04-15.39.27:560][581]LogWorld: Game class is 'FirstPersonGameMode_C'
[2015.04.04-15.39.27:562][581]LogAIModule: Creating AISystem for world FirstPersonExampleMap
[2015.04.04-15.39.27:564][581]LogWorld: Bringing World /Game/FirstPersonBP/Maps/UEDPIE_0_FirstPersonExampleMap.FirstPersonExampleMap up for play (max tick rate 0) at 2015.04.04-17.39.27
[2015.04.04-15.39.27:564][581]LogWorld: Bringing up level for play took: 0.001991
[2015.04.04-15.39.27:579][581]PIE: Info Play in editor start time for /Game/FirstPersonBP/Maps/UEDPIE_0_FirstPersonExampleMap 1.262
[2015.04.04-15.39.27:596][581]LogRenderer:Warning: Reallocating scene render targets to support 1296x760 (Frame:549).
[2015.04.04-15.39.34:946][448]LogParticles: Destroying 0 GPU particle simulations for FXSystem 0x000000B322DC0400
[2015.04.04-15.39.45:560][705]LogEditorActor: Deleted Actor: BP_Sky_Sphere_C
[2015.04.04-15.39.45:568][705]LogEditorActor: Deleted 1 Actors (0.011 secs)
[2015.04.04-15.39.48:300][ 33]Cmd: TRANSACTION UNDO
[2015.04.04-15.39.48:300][ 33]LogEditorTransaction: Undo Delete selection
[2015.04.04-15.40.21:958][861]LogPlayLevel: PIE:  No blueprints needed recompiling
[2015.04.04-15.40.21:958][861]PIE: New page: PIE session: FirstPersonExampleMap (Apr 4, 2015, 7:40:21 PM)
[2015.04.04-15.40.21:961][861]LogPlayLevel: PIE: StaticDuplicateObject took: (0.002207s)
[2015.04.04-15.40.21:961][861]LogPlayLevel: PIE: World Init took: (0.000395s)
[2015.04.04-15.40.21:961][861]LogPlayLevel: PIE: Created PIE world by copying editor world from /Game/FirstPersonBP/Maps/FirstPersonExampleMap.FirstPersonExampleMap to /Game/FirstPersonBP/Maps/UEDPIE_0_FirstPersonExampleMap.FirstPersonExampleMap (0.002748s)
[2015.04.04-15.40.22:025][861]LogWorld: Game class is 'FirstPersonGameMode_C'
[2015.04.04-15.40.22:027][861]LogAIModule: Creating AISystem for world FirstPersonExampleMap
[2015.04.04-15.40.22:029][861]LogWorld: Bringing World /Game/FirstPersonBP/Maps/UEDPIE_0_FirstPersonExampleMap.FirstPersonExampleMap up for play (max tick rate 0) at 2015.04.04-17.40.22
[2015.04.04-15.40.22:029][861]LogWorld: Bringing up level for play took: 0.001933
[2015.04.04-15.40.22:046][861]PIE: Info Play in editor start time for /Game/FirstPersonBP/Maps/UEDPIE_0_FirstPersonExampleMap -0.27
[2015.04.04-15.40.36:316][556]LogParticles: Destroying 0 GPU particle simulations for FXSystem 0x000000B30922D8A0
[2015.04.04-15.40.36:316][556]LogParticles: Destroying 0 GPU particle simulations for FXSystem 0x000000B30D541440
[2015.04.04-15.41.00:375][411]LogEditorViewport: Clicking on Actor (LMB): BP_Sky_Sphere_C (SkySphereBlueprint)
[2015.04.04-15.41.05:391][966]LogRenderer:Warning: Reallocating scene render targets to support 1296x904 (Frame:10723).
[2015.04.04-15.41.33:121][180]LogContentBrowser:Verbose: The content browser source was changed by the sources view to '/Game/SpaceBox_Mono/Blueprints'
[2015.04.04-15.41.34:407][333]LogContentBrowser:Verbose: The content browser source was changed by the sources view to '/Game/SpaceBox_Mono/Blueprints/ST'
[2015.04.04-15.41.42:375][249]LogTexture:Display: Building textures: SpaceBoxST_Liaon (BGRA8)
[2015.04.04-15.41.43:778][249]LogMaterial: Missing cached shader map for material Mat_ST_Liaon, compiling. 
[2015.04.04-15.42.27:530][339]LogContentBrowser:Verbose: The content browser source was changed by the sources view to '/Game/SpaceBox_Mono/_DemoLevels'
[2015.04.04-15.42.29:030][515]LogContentBrowser:Verbose: The content browser source was changed by the sources view to '/Game/SpaceBox_Mono/Blueprints'
[2015.04.04-15.42.31:549][815]LogContentBrowser:Verbose: The content browser source was changed by the sources view to '/Game/SpaceBox_Mono/Blueprints/HD'
[2015.04.04-15.43.10:514][ 53]LogContentBrowser:Verbose: The content browser source was changed by the sources view to '/Game/FirstPersonBP/Blueprints'
[2015.04.04-15.43.15:444][633]LogContentBrowser:Verbose: The content browser source was changed by the sources view to '/Game/FirstPersonBP/Character'
[2015.04.04-15.43.15:872][663]LogContentBrowser:Verbose: The content browser source was changed by the sources view to '/Game/FirstPersonBP/Blueprints'
[2015.04.04-15.43.17:015][799]LogContentBrowser:Verbose: The content browser source was changed by the sources view to '/Game/FirstPersonBP'
[2015.04.04-15.43.35:438][959]LogContentBrowser:Verbose: The content browser source was changed by the sources view to '/Game/FirstPersonBP/Blueprints'
[2015.04.04-15.43.36:779][115]LogContentBrowser:Verbose: The content browser source was changed by the sources view to '/Game/FirstPersonBP/Character'
[2015.04.04-15.43.38:329][300]LogContentBrowser:Verbose: The content browser source was changed by the sources view to '/Game/SpaceBox_Mono'
[2015.04.04-15.43.43:934][972]LogContentBrowser:Verbose: The content browser source was changed by the sources view to '/Game/SpaceBox_Mono/Blueprints'
[2015.04.04-15.43.45:254][130]LogContentBrowser:Verbose: The content browser source was changed by the sources view to '/Game/SpaceBox_Mono/Blueprints/ST'
[2015.04.04-15.44.48:903][394]LogEditorActor: Deleted Actor: BP_Sky_Sphere_C
[2015.04.04-15.44.48:903][394]LogActorComponent: UnregisterComponent: (/Engine/Transient.ProjectileMovementComponent_40__A6522401) Not registered. Aborting.
[2015.04.04-15.44.48:903][394]LogActorComponent: UnregisterComponent: (/Engine/Transient.CharMoveComp) Not registered. Aborting.
[2015.04.04-15.44.48:917][394]LogParticles: Destroying 0 GPU particle simulations for FXSystem 0x000000B30874AB60
[2015.04.04-15.44.48:918][394]LogParticles: Destroying 0 GPU particle simulations for FXSystem 0x000000B324A6DDA0
[2015.04.04-15.44.48:918][394]LogParticles: Destroying 0 GPU particle simulations for FXSystem 0x000000B308A8BD80
[2015.04.04-15.44.48:919][394]LogParticles: Destroying 0 GPU particle simulations for FXSystem 0x000000B308149760
[2015.04.04-15.44.48:922][394]LogEditorActor: Deleted 1 Actors (0.019 secs)
[2015.04.04-15.45.47:871][237]LogContentBrowser:Verbose: The content browser source was changed by the sources view to '/Game/SpaceBox_Mono/Materials/ST'
[2015.04.04-15.45.48:748][318]LogContentBrowser:Verbose: The content browser source was changed by the sources view to '/Game/SpaceBox_Mono/Materials/HD'
[2015.04.04-15.45.49:863][451]LogContentBrowser:Verbose: The content browser source was changed by the sources view to '/Game/SpaceBox_Mono/Materials/ST'
[2015.04.04-15.45.53:216][850]LogContentBrowser:Verbose: The content browser source was changed by the sources view to '/Game/SpaceBox_Mono/Meshes/ST'
[2015.04.04-15.45.55:147][ 75]LogActorFactory: Actor Factory created SpaceBoxST
[2015.04.04-15.45.56:486][235]LogActorFactory: Actor Factory created SpaceBoxST
[2015.04.04-15.46.25:652][649]LogActorComponent: UnregisterComponent: (/Engine/Transient.CharMoveComp) Not registered. Aborting.
[2015.04.04-15.46.25:652][649]LogActorComponent: UnregisterComponent: (/Engine/Transient.ProjectileMovementComponent_40__A6522401) Not registered. Aborting.
[2015.04.04-15.46.25:652][649]LogActorComponent: UnregisterComponent: (/Engine/Transient.MovementComponent0) Not registered. Aborting.
[2015.04.04-15.46.25:723][649]LogSavePackage: Save=48.707378ms
[2015.04.04-15.46.25:723][649]LogSavePackage: Moving '../../../../../../Users/admin/Documents/GitHub/StarProject/Saved/FirstPersonExampleMap668204F84FD9E10C20C612B5B261319B.tmp' to '../../../../../../Users/admin/Documents/GitHub/StarProject/Content/FirstPersonBP/Maps/FirstPersonExampleMap.umap'
[2015.04.04-15.46.34:672][684]LogEditorViewport: Clicking on Actor (LMB): StaticMeshActor (SpaceBoxST)
[2015.04.04-15.46.34:735][688]LogEditorViewport: Clicking on Component (LMB): StaticMeshComponent (StaticMeshComponent0)
[2015.04.04-15.46.51:393][634]LogEditorViewport: Clicking Background
[2015.04.04-15.46.52:653][785]LogEditorViewport: Clicking on Actor (LMB): StaticMeshActor (SpaceBoxST)
[2015.04.04-15.47.23:502][420]LogRenderer:Warning: Reallocating scene render targets to support 1432x928 (Frame:54676).
[2015.04.04-15.47.36:906][949]LogEditorViewport: Clicking on Actor (context menu): StaticMeshActor (SpaceBoxST)
[2015.04.04-15.47.46:963][  1]LogVSAccessor:Warning: Visual Studio is open but could not be queried - it may be blocked by a modal operation
[2015.04.04-15.47.47:210][  2]LogVSAccessor:Warning: Visual Studio is open but could not be queried - it may be blocked by a modal operation
[2015.04.04-15.47.47:544][  3]LogVSAccessor:Warning: Visual Studio is open but could not be queried - it may be blocked by a modal operation
[2015.04.04-15.47.47:879][  4]LogVSAccessor:Warning: Visual Studio is open but could not be queried - it may be blocked by a modal operation
[2015.04.04-15.47.48:211][  5]LogVSAccessor:Warning: Visual Studio is open but could not be queried - it may be blocked by a modal operation
[2015.04.04-15.47.48:544][  6]LogVSAccessor:Warning: Visual Studio is open but could not be queried - it may be blocked by a modal operation
[2015.04.04-15.47.48:877][  7]LogVSAccessor:Warning: Visual Studio is open but could not be queried - it may be blocked by a modal operation
[2015.04.04-15.47.49:211][  8]LogVSAccessor:Warning: Visual Studio is open but could not be queried - it may be blocked by a modal operation
[2015.04.04-15.47.49:544][  9]LogVSAccessor:Warning: Visual Studio is open but could not be queried - it may be blocked by a modal operation
[2015.04.04-15.47.49:877][ 10]LogVSAccessor:Warning: Visual Studio is open but could not be queried - it may be blocked by a modal operation
[2015.04.04-15.47.50:210][ 11]LogVSAccessor:Warning: Visual Studio is open but could not be queried - it may be blocked by a modal operation
[2015.04.04-15.47.50:544][ 12]LogVSAccessor:Warning: Visual Studio is open but could not be queried - it may be blocked by a modal operation
[2015.04.04-15.47.50:897][ 13]LogVSAccessor:Warning: Visual Studio is open but could not be queried - it may be blocked by a modal operation
[2015.04.04-15.47.51:211][ 14]LogVSAccessor:Warning: Visual Studio is open but could not be queried - it may be blocked by a modal operation
[2015.04.04-15.47.51:544][ 15]LogVSAccessor:Warning: Visual Studio is open but could not be queried - it may be blocked by a modal operation
[2015.04.04-15.47.51:877][ 16]LogVSAccessor:Warning: Visual Studio is open but could not be queried - it may be blocked by a modal operation
[2015.04.04-15.47.52:211][ 17]LogVSAccessor:Warning: Visual Studio is open but could not be queried - it may be blocked by a modal operation
[2015.04.04-15.47.52:544][ 18]LogVSAccessor:Warning: Visual Studio is open but could not be queried - it may be blocked by a modal operation
[2015.04.04-15.47.52:877][ 19]LogVSAccessor:Warning: Visual Studio is open but could not be queried - it may be blocked by a modal operation
[2015.04.04-15.48.47:677][942]LogPlayLevel: PIE:  No blueprints needed recompiling
[2015.04.04-15.48.47:677][942]PIE: New page: PIE session: FirstPersonExampleMap (Apr 4, 2015, 7:48:47 PM)
[2015.04.04-15.48.47:680][942]LogPlayLevel: PIE: StaticDuplicateObject took: (0.002088s)
[2015.04.04-15.48.47:680][942]LogPlayLevel: PIE: World Init took: (0.000368s)
[2015.04.04-15.48.47:680][942]LogPlayLevel: PIE: Created PIE world by copying editor world from /Game/FirstPersonBP/Maps/FirstPersonExampleMap.FirstPersonExampleMap to /Game/FirstPersonBP/Maps/UEDPIE_0_FirstPersonExampleMap.FirstPersonExampleMap (0.002626s)
[2015.04.04-15.48.47:740][942]LogWorld: Game class is 'FirstPersonGameMode_C'
[2015.04.04-15.48.47:742][942]LogAIModule: Creating AISystem for world FirstPersonExampleMap
[2015.04.04-15.48.47:744][942]LogWorld: Bringing World /Game/FirstPersonBP/Maps/UEDPIE_0_FirstPersonExampleMap.FirstPersonExampleMap up for play (max tick rate 0) at 2015.04.04-17.48.47
[2015.04.04-15.48.47:744][942]LogWorld: Bringing up level for play took: 0.001812
[2015.04.04-15.48.47:765][942]PIE: Info Play in editor start time for /Game/FirstPersonBP/Maps/UEDPIE_0_FirstPersonExampleMap -0.552
[2015.04.04-15.48.50:247][220]LogParticles: Destroying 0 GPU particle simulations for FXSystem 0x000000B30838DA80
[2015.04.04-15.48.50:247][220]LogParticles: Destroying 0 GPU particle simulations for FXSystem 0x000000B327A0E7A0
[2015.04.04-15.48.50:247][220]LogParticles: Destroying 0 GPU particle simulations for FXSystem 0x000000B32A302020
[2015.04.04-15.48.50:247][220]LogParticles: Destroying 0 GPU particle simulations for FXSystem 0x000000B30850E200
[2015.04.04-15.49.03:601][813]LogEditorViewport: Clicking on Actor (LMB): BP_SB4K_ST_Tairan_C (BP_SB4K_ST_Tairan)
[2015.04.04-15.49.04:420][910]Cmd: DELETE
[2015.04.04-15.49.04:420][910]Cmd: ACTOR DELETE
[2015.04.04-15.49.04:421][910]LogEditorActor: Deleted Actor: BP_SB4K_ST_Tairan_C
[2015.04.04-15.49.04:436][910]LogEditorActor: Deleted 1 Actors (0.016 secs)
[2015.04.04-15.49.05:733][ 66]LogEditorViewport: Clicking on Actor (LMB): StaticMeshActor (SpaceBoxST)
[2015.04.04-15.49.06:641][172]Cmd: DELETE
[2015.04.04-15.49.06:641][172]Cmd: ACTOR DELETE
[2015.04.04-15.49.06:642][172]LogEditorActor: Deleted Actor: StaticMeshActor
[2015.04.04-15.49.06:656][172]LogEditorActor: Deleted 1 Actors (0.015 secs)
[2015.04.04-15.49.10:761][660]LogPlayLevel: PIE:  No blueprints needed recompiling
[2015.04.04-15.49.10:762][660]PIE: New page: PIE session: FirstPersonExampleMap (Apr 4, 2015, 7:49:10 PM)
[2015.04.04-15.49.10:764][660]LogPlayLevel: PIE: StaticDuplicateObject took: (0.001991s)
[2015.04.04-15.49.10:764][660]LogPlayLevel: PIE: World Init took: (0.000363s)
[2015.04.04-15.49.10:764][660]LogPlayLevel: PIE: Created PIE world by copying editor world from /Game/FirstPersonBP/Maps/FirstPersonExampleMap.FirstPersonExampleMap to /Game/FirstPersonBP/Maps/UEDPIE_0_FirstPersonExampleMap.FirstPersonExampleMap (0.002521s)
[2015.04.04-15.49.10:826][660]LogWorld: Game class is 'FirstPersonGameMode_C'
[2015.04.04-15.49.10:828][660]LogAIModule: Creating AISystem for world FirstPersonExampleMap
[2015.04.04-15.49.10:829][660]LogWorld: Bringing World /Game/FirstPersonBP/Maps/UEDPIE_0_FirstPersonExampleMap.FirstPersonExampleMap up for play (max tick rate 0) at 2015.04.04-17.49.10
[2015.04.04-15.49.10:830][660]LogWorld: Bringing up level for play took: 0.001538
[2015.04.04-15.49.10:849][660]PIE: Info Play in editor start time for /Game/FirstPersonBP/Maps/UEDPIE_0_FirstPersonExampleMap 0.533
[2015.04.04-15.49.12:685][866]LogParticles: Destroying 0 GPU particle simulations for FXSystem 0x000000B327A0DEE0
[2015.04.04-15.49.17:152][376]LogPlayLevel: PIE:  No blueprints needed recompiling
[2015.04.04-15.49.17:152][376]PIE: New page: PIE session: FirstPersonExampleMap (Apr 4, 2015, 7:49:17 PM)
[2015.04.04-15.49.17:155][376]LogPlayLevel: PIE: StaticDuplicateObject took: (0.002159s)
[2015.04.04-15.49.17:155][376]LogPlayLevel: PIE: World Init took: (0.000383s)
[2015.04.04-15.49.17:155][376]LogPlayLevel: PIE: Created PIE world by copying editor world from /Game/FirstPersonBP/Maps/FirstPersonExampleMap.FirstPersonExampleMap to /Game/FirstPersonBP/Maps/UEDPIE_0_FirstPersonExampleMap.FirstPersonExampleMap (0.002681s)
[2015.04.04-15.49.17:214][376]LogWorld: Game class is 'FirstPersonGameMode_C'
[2015.04.04-15.49.17:216][376]LogAIModule: Creating AISystem for world FirstPersonExampleMap
[2015.04.04-15.49.17:218][376]LogWorld: Bringing World /Game/FirstPersonBP/Maps/UEDPIE_0_FirstPersonExampleMap.FirstPersonExampleMap up for play (max tick rate 0) at 2015.04.04-17.49.17
[2015.04.04-15.49.17:218][376]LogWorld: Bringing up level for play took: 0.001591
[2015.04.04-15.49.17:241][376]PIE: Info Play in editor start time for /Game/FirstPersonBP/Maps/UEDPIE_0_FirstPersonExampleMap 0.925
[2015.04.04-15.49.23:349][ 93]LogParticles: Destroying 0 GPU particle simulations for FXSystem 0x000000B3229C09A0
[2015.04.04-15.50.00:609][479]LogEditorActor: Deleted Actor: BP_SB4K_ST_Tairan_C
[2015.04.04-15.50.00:623][479]LogEditorActor: Deleted 1 Actors (0.015 secs)
[2015.04.04-15.50.07:905][348]LogPlayLevel: PIE:  No blueprints needed recompiling
[2015.04.04-15.50.07:905][348]PIE: New page: PIE session: FirstPersonExampleMap (Apr 4, 2015, 7:50:07 PM)
[2015.04.04-15.50.07:908][348]LogPlayLevel: PIE: StaticDuplicateObject took: (0.001986s)
[2015.04.04-15.50.07:908][348]LogPlayLevel: PIE: World Init took: (0.000388s)
[2015.04.04-15.50.07:908][348]LogPlayLevel: PIE: Created PIE world by copying editor world from /Game/FirstPersonBP/Maps/FirstPersonExampleMap.FirstPersonExampleMap to /Game/FirstPersonBP/Maps/UEDPIE_0_FirstPersonExampleMap.FirstPersonExampleMap (0.002542s)
[2015.04.04-15.50.07:975][348]LogWorld: Game class is 'FirstPersonGameMode_C'
[2015.04.04-15.50.07:976][348]LogAIModule: Creating AISystem for world FirstPersonExampleMap
[2015.04.04-15.50.07:978][348]LogWorld: Bringing World /Game/FirstPersonBP/Maps/UEDPIE_0_FirstPersonExampleMap.FirstPersonExampleMap up for play (max tick rate 0) at 2015.04.04-17.50.07
[2015.04.04-15.50.07:978][348]LogWorld: Bringing up level for play took: 0.001536
[2015.04.04-15.50.07:998][348]PIE: Info Play in editor start time for /Game/FirstPersonBP/Maps/UEDPIE_0_FirstPersonExampleMap -0.319
[2015.04.04-15.50.11:925][803]LogParticles: Destroying 0 GPU particle simulations for FXSystem 0x000000B324BA0F40
[2015.04.04-15.50.55:705][918]LogPlayLevel: PIE:  No blueprints needed recompiling
[2015.04.04-15.50.55:705][918]PIE: New page: PIE session: FirstPersonExampleMap (Apr 4, 2015, 7:50:55 PM)
[2015.04.04-15.50.55:708][918]LogPlayLevel: PIE: StaticDuplicateObject took: (0.002114s)
[2015.04.04-15.50.55:708][918]LogPlayLevel: PIE: World Init took: (0.000401s)
[2015.04.04-15.50.55:708][918]LogPlayLevel: PIE: Created PIE world by copying editor world from /Game/FirstPersonBP/Maps/FirstPersonExampleMap.FirstPersonExampleMap to /Game/FirstPersonBP/Maps/UEDPIE_0_FirstPersonExampleMap.FirstPersonExampleMap (0.002674s)
[2015.04.04-15.50.55:775][918]LogWorld: Game class is 'FirstPersonGameMode_C'
[2015.04.04-15.50.55:777][918]LogAIModule: Creating AISystem for world FirstPersonExampleMap
[2015.04.04-15.50.55:778][918]LogWorld: Bringing World /Game/FirstPersonBP/Maps/UEDPIE_0_FirstPersonExampleMap.FirstPersonExampleMap up for play (max tick rate 0) at 2015.04.04-17.50.55
[2015.04.04-15.50.55:779][918]LogWorld: Bringing up level for play took: 0.001893
[2015.04.04-15.50.55:798][918]PIE: Info Play in editor start time for /Game/FirstPersonBP/Maps/UEDPIE_0_FirstPersonExampleMap -0.518
[2015.04.04-15.51.08:719][453]LogParticles: Destroying 0 GPU particle simulations for FXSystem 0x000000B306034860
[2015.04.04-15.51.10:918][708]Cmd: DELETE
[2015.04.04-15.51.10:918][708]Cmd: ACTOR DELETE
[2015.04.04-15.51.10:918][708]LogEditorActor: Deleted Actor: BP_Sky_Sphere_C
[2015.04.04-15.51.10:932][708]LogEditorActor: Deleted 1 Actors (0.015 secs)
[2015.04.04-15.51.17:203][435]LogPlayLevel: PIE:  No blueprints needed recompiling
[2015.04.04-15.51.17:203][435]PIE: New page: PIE session: FirstPersonExampleMap (Apr 4, 2015, 7:51:17 PM)
[2015.04.04-15.51.17:205][435]LogPlayLevel: PIE: StaticDuplicateObject took: (0.001964s)
[2015.04.04-15.51.17:206][435]LogPlayLevel: PIE: World Init took: (0.000368s)
[2015.04.04-15.51.17:206][435]LogPlayLevel: PIE: Created PIE world by copying editor world from /Game/FirstPersonBP/Maps/FirstPersonExampleMap.FirstPersonExampleMap to /Game/FirstPersonBP/Maps/UEDPIE_0_FirstPersonExampleMap.FirstPersonExampleMap (0.002467s)
[2015.04.04-15.51.17:267][435]LogWorld: Game class is 'FirstPersonGameMode_C'
[2015.04.04-15.51.17:269][435]LogAIModule: Creating AISystem for world FirstPersonExampleMap
[2015.04.04-15.51.17:270][435]LogWorld: Bringing World /Game/FirstPersonBP/Maps/UEDPIE_0_FirstPersonExampleMap.FirstPersonExampleMap up for play (max tick rate 0) at 2015.04.04-17.51.17
[2015.04.04-15.51.17:271][435]LogWorld: Bringing up level for play took: 0.001654
[2015.04.04-15.51.17:291][435]PIE: Info Play in editor start time for /Game/FirstPersonBP/Maps/UEDPIE_0_FirstPersonExampleMap 0.974
[2015.04.04-15.51.24:201][247]LogParticles: Destroying 0 GPU particle simulations for FXSystem 0x000000B30838CCC0
[2015.04.04-15.52.08:008][244]LogContentBrowser:Verbose: The content browser source was changed by the sources view to 'None'
[2015.04.04-15.52.09:622][349]LogContentBrowser:Verbose: The content browser source was changed by the sources view to '/Game/SpaceBox_Mono/Materials'
[2015.04.04-15.52.11:204][478]LogContentBrowser:Verbose: The content browser source was changed by the sources view to 'None'
[2015.04.04-15.52.30:045][823]LogContentBrowser:Verbose: The content browser source was changed by the sources view to '/Game/SpaceBox_Mono/Blueprints'
[2015.04.04-15.52.33:737][142]LogContentBrowser:Verbose: The content browser source was changed by the sources view to '/Game/SpaceBox_Mono/Materials/ST'
[2015.04.04-15.52.45:459][ 37]BlueprintLog: New page: Compile BP_SB4K_ST_Tairan
[2015.04.04-15.52.45:514][ 37]BlueprintEditorCompileResults: Info [0825.94] Compile of BP_SB4K_ST_Tairan successful! [in 54 ms]
[2015.04.04-15.53.01:628][282]BlueprintLog: New page: Compile BP_SB4K_ST_Tairan
[2015.04.04-15.53.01:680][282]BlueprintEditorCompileResults: Info [0842.11] Compile of BP_SB4K_ST_Tairan successful! [in 52 ms]
[2015.04.04-15.53.16:702][490]BlueprintLog: New page: Compile BP_SB4K_ST_Tairan
[2015.04.04-15.53.16:755][490]BlueprintEditorCompileResults: Info [0857.18] Compile of BP_SB4K_ST_Tairan successful! [in 52 ms]
[2015.04.04-15.53.22:586][963]LogPlayLevel: PIE:  No blueprints needed recompiling
[2015.04.04-15.53.22:586][963]PIE: New page: PIE session: FirstPersonExampleMap (Apr 4, 2015, 7:53:22 PM)
[2015.04.04-15.53.22:588][963]LogPlayLevel: PIE: StaticDuplicateObject took: (0.002196s)
[2015.04.04-15.53.22:589][963]LogPlayLevel: PIE: World Init took: (0.000371s)
[2015.04.04-15.53.22:589][963]LogPlayLevel: PIE: Created PIE world by copying editor world from /Game/FirstPersonBP/Maps/FirstPersonExampleMap.FirstPersonExampleMap to /Game/FirstPersonBP/Maps/UEDPIE_0_FirstPersonExampleMap.FirstPersonExampleMap (0.002738s)
[2015.04.04-15.53.22:654][963]LogWorld: Game class is 'FirstPersonGameMode_C'
[2015.04.04-15.53.22:656][963]LogAIModule: Creating AISystem for world FirstPersonExampleMap
[2015.04.04-15.53.22:657][963]LogWorld: Bringing World /Game/FirstPersonBP/Maps/UEDPIE_0_FirstPersonExampleMap.FirstPersonExampleMap up for play (max tick rate 0) at 2015.04.04-17.53.22
[2015.04.04-15.53.22:658][963]LogWorld: Bringing up level for play took: 0.001586
[2015.04.04-15.53.22:689][963]PIE: Info Play in editor start time for /Game/FirstPersonBP/Maps/UEDPIE_0_FirstPersonExampleMap 0.373
[2015.04.04-15.53.31:683][601]LogParticles: Destroying 0 GPU particle simulations for FXSystem 0x000000B3086CB100
[2015.04.04-15.53.44:270][608]LogEditorViewport: Clicking on Actor (LMB): BP_SB4K_ST_Tairan_C (BP_SB4K_ST_Tairan)
[2015.04.04-15.53.46:389][782]LogEditorViewport: Clicking on Actor (LMB): BP_SB4K_ST_Tairan_C (BP_SB4K_ST_Tairan)
[2015.04.04-15.53.49:707][ 51]LogEditorViewport: Clicking on Actor (LMB): BP_SB4K_ST_Tairan_C (BP_SB4K_ST_Tairan)
[2015.04.04-15.54.13:999][947]LogTexture:Display: Building textures: SpaceBoxST_Umo (BGRA8)
[2015.04.04-15.54.15:407][947]LogMaterial: Missing cached shader map for material Mat_ST_Umo, compiling. 
[2015.04.04-15.54.17:660][ 72]BlueprintLog: New page: Compile BP_SB4K_ST_Tairan
[2015.04.04-15.54.17:714][ 72]BlueprintEditorCompileResults: Info [0918.14] Compile of BP_SB4K_ST_Tairan successful! [in 53 ms]
[2015.04.04-15.54.36:040][477]BlueprintLog: New page: Compile BP_SB4K_ST_Tairan
[2015.04.04-15.54.36:091][477]BlueprintEditorCompileResults: Info [0936.52] Compile of BP_SB4K_ST_Tairan successful! [in 50 ms]
[2015.04.04-15.54.42:704][998]LogSavePackage: Save=43.662392ms
[2015.04.04-15.54.42:704][998]LogSavePackage: Moving '../../../../../../Users/admin/Documents/GitHub/StarProject/Saved/FirstPersonExampleMap821FF7514D169D035460248242C3F1C3.tmp' to '../../../../../../Users/admin/Documents/GitHub/StarProject/Content/FirstPersonBP/Maps/FirstPersonExampleMap.umap'
[2015.04.04-15.54.46:641][125]LogSavePackage: Save=13.358960ms
[2015.04.04-15.54.46:641][125]LogSavePackage: Moving '../../../../../../Users/admin/Documents/GitHub/StarProject/Saved/BP_SB4K_ST_TairanC19155D9434B76CFB6C66E890AF44653.tmp' to '../../../../../../Users/admin/Documents/GitHub/StarProject/Content/SpaceBox_Mono/Blueprints/ST/BP_SB4K_ST_Tairan.uasset'
[2015.04.04-15.54.47:053][126]Cmd: QUIT_EDITOR
[2015.04.04-15.54.47:232][126]LogExit: Preparing to exit.
[2015.04.04-15.54.47:882][126]LogExit: Editor shut down
[2015.04.04-15.54.47:894][126]LogExit: Transaction tracking system shut down
[2015.04.04-15.54.47:922][126]LogParticles: Destroying 0 GPU particle simulations for FXSystem 0x000000B30A2A58A0
[2015.04.04-15.54.47:922][126]LogParticles: Destroying 0 GPU particle simulations for FXSystem 0x000000B322A93740
[2015.04.04-15.54.47:922][126]LogParticles: Destroying 0 GPU particle simulations for FXSystem 0x000000B3228F3CE0
[2015.04.04-15.54.47:923][126]LogParticles: Destroying 0 GPU particle simulations for FXSystem 0x000000B322617EC0
[2015.04.04-15.54.47:961][126]LogParticles: Destroying 0 GPU particle simulations for FXSystem 0x000000B328578E00
[2015.04.04-15.54.47:969][126]LogParticles: Destroying 0 GPU particle simulations for FXSystem 0x000000B308A88CC0
[2015.04.04-15.54.47:969][126]LogParticles: Destroying 0 GPU particle simulations for FXSystem 0x000000B308A8B7E0
[2015.04.04-15.54.48:053][126]LogParticles: Destroying 0 GPU particle simulations for FXSystem 0x000000B324BA2CA0
[2015.04.04-15.54.48:053][126]LogExit: Object subsystem successfully closed.
[2015.04.04-15.54.48:097][126]LogModuleManager: Shutting down and abandoning module StaticMeshEditor (178)
[2015.04.04-15.54.48:097][126]LogModuleManager: Shutting down and abandoning module CrashTracker (177)
[2015.04.04-15.54.48:097][126]LogModuleManager: Shutting down and abandoning module SuperSearch (176)
[2015.04.04-15.54.48:097][126]LogModuleManager: Shutting down and abandoning module SceneOutliner (175)
[2015.04.04-15.54.48:098][126]LogModuleManager: Shutting down and abandoning module EditorWidgets (174)
[2015.04.04-15.54.48:098][126]LogModuleManager: Shutting down and abandoning module CollectionManager (173)
[2015.04.04-15.54.48:098][126]LogModuleManager: Shutting down and abandoning module StatsViewer (172)
[2015.04.04-15.54.48:098][126]LogModuleManager: Shutting down and abandoning module FoliageEdit (171)
[2015.04.04-15.54.48:098][126]LogModuleManager: Shutting down and abandoning module LandscapeEditor (170)
[2015.04.04-15.54.48:098][126]LogModuleManager: Shutting down and abandoning module MeshPaint (169)
[2015.04.04-15.54.48:098][126]LogModuleManager: Shutting down and abandoning module ActorPickerMode (168)
[2015.04.04-15.54.48:098][126]LogModuleManager: Shutting down and abandoning module GeometryMode (167)
[2015.04.04-15.54.48:098][126]LogModuleManager: Shutting down and abandoning module TextureAlignMode (166)
[2015.04.04-15.54.48:098][126]LogModuleManager: Shutting down and abandoning module BspMode (165)
[2015.04.04-15.54.48:098][126]LogModuleManager: Shutting down and abandoning module PlacementMode (164)
[2015.04.04-15.54.48:098][126]LogModuleManager: Shutting down and abandoning module AutomationWorker (163)
[2015.04.04-15.54.48:098][126]LogModuleManager: Shutting down and abandoning module CharacterAI (162)
[2015.04.04-15.54.48:098][126]LogModuleManager: Shutting down and abandoning module SmartSnapping (161)
[2015.04.04-15.54.48:098][126]LogModuleManager: Shutting down and abandoning module ViewportSnapping (160)
[2015.04.04-15.54.48:098][126]LogModuleManager: Shutting down and abandoning module LogVisualizer (159)
[2015.04.04-15.54.48:098][126]LogModuleManager: Shutting down and abandoning module GameProjectGeneration (158)
[2015.04.04-15.54.48:098][126]LogModuleManager: Shutting down and abandoning module IntroTutorials (157)
[2015.04.04-15.54.48:098][126]LogModuleManager: Shutting down and abandoning module EditorLiveStreaming (156)
[2015.04.04-15.54.48:098][126]LogModuleManager: Shutting down and abandoning module HardwareTargeting (155)
[2015.04.04-15.54.48:098][126]LogModuleManager: Shutting down and abandoning module DeviceProfileEditor (154)
[2015.04.04-15.54.48:098][126]LogModuleManager: Shutting down and abandoning module UndoHistory (153)
[2015.04.04-15.54.48:098][126]LogModuleManager: Shutting down and abandoning module GameplayTagsEditor (152)
[2015.04.04-15.54.48:098][126]LogModuleManager: Shutting down and abandoning module UserFeedback (151)
[2015.04.04-15.54.48:098][126]LogModuleManager: Shutting down and abandoning module XmlParser (150)
[2015.04.04-15.54.48:098][126]LogModuleManager: Shutting down and abandoning module Blutility (149)
[2015.04.04-15.54.48:098][126]LogModuleManager: Shutting down and abandoning module IOSPlatformEditor (148)
[2015.04.04-15.54.48:098][126]LogModuleManager: Shutting down and abandoning module IOSRuntimeSettings (147)
[2015.04.04-15.54.48:098][126]LogModuleManager: Shutting down and abandoning module AndroidDeviceDetection (146)
[2015.04.04-15.54.48:394][126]LogModuleManager: Shutting down and abandoning module AndroidPlatformEditor (145)
[2015.04.04-15.54.48:394][126]LogModuleManager: Shutting down and abandoning module AndroidRuntimeSettings (144)
[2015.04.04-15.54.48:394][126]LogModuleManager: Shutting down and abandoning module ProjectTargetPlatformEditor (143)
[2015.04.04-15.54.48:394][126]LogModuleManager: Shutting down and abandoning module ProjectSettingsViewer (142)
[2015.04.04-15.54.48:394][126]LogModuleManager: Shutting down and abandoning module InputBindingEditor (141)
[2015.04.04-15.54.48:394][126]LogModuleManager: Shutting down and abandoning module EditorSettingsViewer (140)
[2015.04.04-15.54.48:394][126]LogModuleManager: Shutting down and abandoning module SettingsEditor (139)
[2015.04.04-15.54.48:394][126]LogModuleManager: Shutting down and abandoning module ProjectLauncher (138)
[2015.04.04-15.54.48:394][126]LogModuleManager: Shutting down and abandoning module SessionFrontend (137)
[2015.04.04-15.54.48:394][126]LogModuleManager: Shutting down and abandoning module ProfilerClient (136)
[2015.04.04-15.54.48:394][126]LogModuleManager: Shutting down and abandoning module TargetDeviceServices (135)
[2015.04.04-15.54.48:395][126]LogModuleManager: Shutting down and abandoning module DeviceManager (134)
[2015.04.04-15.54.48:395][126]LogModuleManager: Shutting down and abandoning module AutomationController (133)
[2015.04.04-15.54.48:395][126]LogModuleManager: Shutting down and abandoning module AutomationWindow (132)
[2015.04.04-15.54.48:395][126]LogModuleManager: Shutting down and abandoning module Layers (131)
[2015.04.04-15.54.48:395][126]LogModuleManager: Shutting down and abandoning module ComponentVisualizers (130)
[2015.04.04-15.54.48:395][126]LogModuleManager: Shutting down and abandoning module DetailCustomizations (129)
[2015.04.04-15.54.48:395][126]LogModuleManager: Shutting down and abandoning module PackagesDialog (128)
[2015.04.04-15.54.48:395][126]LogModuleManager: Shutting down and abandoning module AssetRegistry (127)
[2015.04.04-15.54.48:436][126]LogModuleManager: Shutting down and abandoning module Persona (126)
[2015.04.04-15.54.48:437][126]LogModuleManager: Shutting down and abandoning module SlateReflector (125)
[2015.04.04-15.54.48:437][126]LogModuleManager: Shutting down and abandoning module LevelEditor (124)
[2015.04.04-15.54.48:437][126]LogModuleManager: Shutting down and abandoning module Kismet (123)
[2015.04.04-15.54.48:437][126]LogModuleManager: Shutting down and abandoning module GraphEditor (122)
[2015.04.04-15.54.48:438][126]LogModuleManager: Shutting down and abandoning module ClassViewer (121)
[2015.04.04-15.54.48:438][126]LogModuleManager: Shutting down and abandoning module Toolbox (120)
[2015.04.04-15.54.48:438][126]LogModuleManager: Shutting down and abandoning module ModuleUI (119)
[2015.04.04-15.54.48:438][126]LogModuleManager: Shutting down and abandoning module MovieSceneTools (118)
[2015.04.04-15.54.48:438][126]LogModuleManager: Shutting down and abandoning module OutputLog (117)
[2015.04.04-15.54.48:438][126]LogModuleManager: Shutting down and abandoning module GammaUI (116)
[2015.04.04-15.54.48:438][126]LogModuleManager: Shutting down and abandoning module Documentation (115)
[2015.04.04-15.54.48:438][126]LogModuleManager: Shutting down and abandoning module GameLiveStreaming (114)
[2015.04.04-15.54.48:438][126]LogModuleManager: Shutting down and abandoning module StreamingPauseRendering (113)
[2015.04.04-15.54.48:438][126]LogModuleManager: Shutting down and abandoning module HTTP (112)
[2015.04.04-15.54.48:438][126]LogModuleManager: Shutting down and abandoning module AnalyticsET (111)
[2015.04.04-15.54.48:438][126]LogModuleManager: Shutting down and abandoning module Analytics (110)
[2015.04.04-15.54.48:438][126]LogModuleManager: Shutting down and abandoning module AITestSuite (109)
[2015.04.04-15.54.48:438][126]LogModuleManager: Shutting down and abandoning module GameplayDebugger (108)
[2015.04.04-15.54.48:438][126]LogModuleManager: Shutting down and abandoning module AIModule (107)
[2015.04.04-15.54.48:438][126]LogModuleManager: Shutting down and abandoning module ProfilerService (106)
[2015.04.04-15.54.48:668][126]LogModuleManager: Shutting down and abandoning module TaskGraph (105)
[2015.04.04-15.54.48:668][126]LogModuleManager: Shutting down and abandoning module SlateRemote (104)
[2015.04.04-15.54.48:668][126]LogModuleManager: Shutting down and abandoning module ScriptEditorPlugin (103)
[2015.04.04-15.54.48:668][126]LogModuleManager: Shutting down and abandoning module CustomMeshComponent (102)
[2015.04.04-15.54.48:668][126]LogModuleManager: Shutting down and abandoning module CableComponent (101)
[2015.04.04-15.54.48:668][126]LogModuleManager: Shutting down and abandoning module MessagingDebugger (100)
[2015.04.04-15.54.48:668][126]LogModuleManager: Shutting down and abandoning module MediaPlayerEditor (99)
[2015.04.04-15.54.48:668][126]LogModuleManager: Shutting down and abandoning module SpeedTreeImporter (98)
[2015.04.04-15.54.48:668][126]LogModuleManager: Shutting down and abandoning module PluginsEditor (97)
[2015.04.04-15.54.48:668][126]LogModuleManager: Shutting down and abandoning module MainFrame (96)
[2015.04.04-15.54.48:668][126]LogModuleManager: Shutting down and abandoning module EpicSurvey (95)
[2015.04.04-15.54.48:668][126]LogModuleManager: Shutting down and abandoning module DesktopPlatform (94)
[2015.04.04-15.54.48:668][126]LogModuleManager: Shutting down and abandoning module DirectoryWatcher (93)
[2015.04.04-15.54.48:669][126]LogModuleManager: Shutting down and abandoning module HotReload (92)
[2015.04.04-15.54.48:669][126]LogModuleManager: Shutting down and abandoning module VisualStudioSourceCodeAccess (91)
[2015.04.04-15.54.48:669][126]LogModuleManager: Shutting down and abandoning module UObjectPlugin (90)
[2015.04.04-15.54.48:669][126]LogModuleManager: Shutting down and abandoning module SubversionSourceControl (89)
[2015.04.04-15.54.48:669][126]LogModuleManager: Shutting down and abandoning module PerforceSourceControl (88)
[2015.04.04-15.54.48:669][126]LogModuleManager: Shutting down and abandoning module SourceControl (87)
[2015.04.04-15.54.48:669][126]LogModuleManager: Shutting down and abandoning module GitSourceControl (86)
[2015.04.04-15.54.48:669][126]LogModuleManager: Shutting down and abandoning module BlankPlugin (85)
[2015.04.04-15.54.48:669][126]LogModuleManager: Shutting down and abandoning module PaperTiledImporter (84)
[2015.04.04-15.54.48:669][126]LogModuleManager: Shutting down and abandoning module PaperJsonImporter (83)
[2015.04.04-15.54.48:669][126]LogModuleManager: Shutting down and abandoning module ContentBrowser (82)
[2015.04.04-15.54.48:670][126]LogModuleManager: Shutting down and abandoning module Paper2DEditor (81)
[2015.04.04-15.54.48:670][126]LogModuleManager: Shutting down and abandoning module ScriptPlugin (80)
[2015.04.04-15.54.48:670][126]LogModuleManager: Shutting down and abandoning module UdpMessaging (79)
[2015.04.04-15.54.48:771][126]LogModuleManager: Shutting down and abandoning module Paper2D (78)
[2015.04.04-15.54.48:771][126]LogModuleManager: Shutting down and abandoning module WindowsMoviePlayer (77)
[2015.04.04-15.54.48:773][126]LogModuleManager: Shutting down and abandoning module Media (76)
[2015.04.04-15.54.48:773][126]LogModuleManager: Shutting down and abandoning module WmfMedia (75)
[2015.04.04-15.54.48:773][126]LogModuleManager: Shutting down and abandoning module OnlineBlueprintSupport (74)
[2015.04.04-15.54.48:773][126]LogModuleManager: Shutting down and abandoning module PropertyEditor (73)
[2015.04.04-15.54.48:773][126]LogModuleManager: Shutting down and abandoning module BehaviorTreeEditor (72)
[2015.04.04-15.54.48:773][126]LogModuleManager: Shutting down and abandoning module FunctionalTesting (71)
[2015.04.04-15.54.48:773][126]LogModuleManager: Shutting down and abandoning module CollisionAnalyzer (70)
[2015.04.04-15.54.48:773][126]LogModuleManager: Shutting down and abandoning module WorkspaceMenuStructure (69)
[2015.04.04-15.54.48:773][126]LogModuleManager: Shutting down and abandoning module MessageLog (68)
[2015.04.04-15.54.48:773][126]LogModuleManager: Shutting down and abandoning module Sequencer (67)
[2015.04.04-15.54.48:773][126]LogModuleManager: Shutting down and abandoning module AssetTools (66)
[2015.04.04-15.54.48:773][126]LogModuleManager: Shutting down and abandoning module UMGEditor (65)
[2015.04.04-15.54.48:774][126]LogModuleManager: Shutting down and abandoning module UMG (64)
[2015.04.04-15.54.48:774][126]LogModuleManager: Shutting down and abandoning module Slate (63)
[2015.04.04-15.54.48:774][126]LogModuleManager: Shutting down and abandoning module EditorStyle (62)
[2015.04.04-15.54.48:777][126]LogModuleManager: Shutting down and abandoning module SessionServices (61)
[2015.04.04-15.54.48:777][126]LogModuleManager: Shutting down and abandoning module SourceCodeAccess (60)
[2015.04.04-15.54.48:777][126]LogModuleManager: Shutting down and abandoning module HeadMountedDisplay (59)
[2015.04.04-15.54.48:777][126]LogModuleManager: Shutting down and abandoning module XAudio2 (58)
[2015.04.04-15.54.48:777][126]LogModuleManager: Shutting down and abandoning module Networking (56)
[2015.04.04-15.54.48:777][126]LogModuleManager: Shutting down and abandoning module Core (55)
[2015.04.04-15.54.48:777][126]LogModuleManager: Shutting down and abandoning module KismetCompiler (54)
[2015.04.04-15.54.48:777][126]LogModuleManager: Shutting down and abandoning module PhysXFormats (53)
[2015.04.04-15.54.48:777][126]LogModuleManager: Shutting down and abandoning module MeshUtilities (52)
[2015.04.04-15.54.48:777][126]LogModuleManager: Shutting down and abandoning module DerivedDataCache (51)
[2015.04.04-15.54.48:815][126]LogDerivedDataCache: Shutdown
[2015.04.04-15.54.48:815][126]LogModuleManager: Shutting down and abandoning module ShaderFormatOpenGL (50)
[2015.04.04-15.54.48:815][126]LogModuleManager: Shutting down and abandoning module ShaderFormatD3D (49)
[2015.04.04-15.54.48:815][126]LogModuleManager: Shutting down and abandoning module MetalShaderFormat (48)
[2015.04.04-15.54.48:815][126]LogModuleManager: Shutting down and abandoning module TextureFormatUncompressed (47)
[2015.04.04-15.54.48:815][126]LogModuleManager: Shutting down and abandoning module TextureFormatPVR (46)
[2015.04.04-15.54.48:815][126]LogModuleManager: Shutting down and abandoning module TextureFormatIntelISPCTexComp (45)
[2015.04.04-15.54.48:815][126]LogModuleManager: Shutting down and abandoning module TextureFormatDXT (44)
[2015.04.04-15.54.48:815][126]LogModuleManager: Shutting down and abandoning module ImageWrapper (43)
[2015.04.04-15.54.48:815][126]LogModuleManager: Shutting down and abandoning module TextureFormatASTC (42)
[2015.04.04-15.54.48:815][126]LogModuleManager: Shutting down and abandoning module TextureFormatAndroid (41)
[2015.04.04-15.54.48:815][126]LogModuleManager: Shutting down and abandoning module AudioFormatOpus (40)
[2015.04.04-15.54.48:815][126]LogModuleManager: Shutting down and abandoning module AudioFormatOgg (39)
[2015.04.04-15.54.48:815][126]LogModuleManager: Shutting down and abandoning module AudioFormatADPCM (38)
[2015.04.04-15.54.48:815][126]LogModuleManager: Shutting down and abandoning module LinuxTargetPlatform (37)
[2015.04.04-15.54.48:815][126]LogModuleManager: Shutting down and abandoning module LinuxServerTargetPlatform (36)
[2015.04.04-15.54.48:815][126]LogModuleManager: Shutting down and abandoning module LinuxNoEditorTargetPlatform (35)
[2015.04.04-15.54.48:815][126]LogModuleManager: Shutting down and abandoning module Messaging (34)
[2015.04.04-15.54.48:815][126]LogModuleManager: Shutting down and abandoning module IOSTargetPlatform (33)
[2015.04.04-15.54.48:815][126]LogModuleManager: Shutting down and abandoning module HTML5TargetPlatform (32)
[2015.04.04-15.54.48:815][126]LogModuleManager: Shutting down and abandoning module Android_PVRTCTargetPlatform (31)
[2015.04.04-15.54.48:815][126]LogModuleManager: Shutting down and abandoning module Android_ETC2TargetPlatform (30)
[2015.04.04-15.54.48:815][126]LogModuleManager: Shutting down and abandoning module Android_ETC1TargetPlatform (29)
[2015.04.04-15.54.48:815][126]LogModuleManager: Shutting down and abandoning module Android_ES31TargetPlatform (28)
[2015.04.04-15.54.48:815][126]LogModuleManager: Shutting down and abandoning module Android_DXTTargetPlatform (27)
[2015.04.04-15.54.48:815][126]LogModuleManager: Shutting down and abandoning module Android_ATCTargetPlatform (26)
[2015.04.04-15.54.48:815][126]LogModuleManager: Shutting down and abandoning module AndroidTargetPlatform (25)
[2015.04.04-15.54.48:816][126]LogModuleManager: Shutting down and abandoning module WindowsTargetPlatform (24)
[2015.04.04-15.54.48:816][126]LogModuleManager: Shutting down and abandoning module WindowsServerTargetPlatform (23)
[2015.04.04-15.54.48:816][126]LogModuleManager: Shutting down and abandoning module WindowsNoEditorTargetPlatform (22)
[2015.04.04-15.54.48:816][126]LogModuleManager: Shutting down and abandoning module WindowsClientTargetPlatform (21)
[2015.04.04-15.54.48:816][126]LogModuleManager: Shutting down and abandoning module TargetPlatform (20)
[2015.04.04-15.54.48:816][126]LogModuleManager: Shutting down and abandoning module InputCore (19)
[2015.04.04-15.54.48:816][126]LogModuleManager: Shutting down and abandoning module Settings (18)
[2015.04.04-15.54.48:816][126]LogModuleManager: Shutting down and abandoning module OnlineSubsystem (16)
[2015.04.04-15.54.48:816][126]LogModuleManager: Shutting down and abandoning module OculusRift (15)
[2015.04.04-15.54.48:816][126]LogModuleManager: Shutting down and abandoning module ExampleDeviceProfileSelector (14)
[2015.04.04-15.54.48:816][126]LogModuleManager: Shutting down and abandoning module TextureCompressor (13)
[2015.04.04-15.54.48:816][126]LogModuleManager: Shutting down and abandoning module ShaderCore (12)
[2015.04.04-15.54.48:816][126]LogModuleManager: Shutting down and abandoning module Landscape (11)
[2015.04.04-15.54.48:816][126]LogModuleManager: Shutting down and abandoning module SlateRHIRenderer (10)
[2015.04.04-15.54.48:818][126]LogModuleManager: Shutting down and abandoning module OpenGLDrv (9)
[2015.04.04-15.54.48:818][126]LogModuleManager: Shutting down and abandoning module D3D11RHI (8)
[2015.04.04-15.54.48:818][126]LogModuleManager: Shutting down and abandoning module Renderer (7)
[2015.04.04-15.54.48:818][126]LogModuleManager: Shutting down and abandoning module Engine (6)
[2015.04.04-15.54.48:818][126]LogModuleManager: Shutting down and abandoning module CoreUObject (5)
[2015.04.04-15.54.48:818][126]LogModuleManager: Shutting down and abandoning module NetworkFile (4)
[2015.04.04-15.54.48:818][126]LogModuleManager: Shutting down and abandoning module StreamingFile (3)
[2015.04.04-15.54.48:818][126]LogModuleManager: Shutting down and abandoning module SandboxFile (2)
[2015.04.04-15.54.48:818][126]LogModuleManager: Shutting down and abandoning module PakFile (1)
[2015.04.04-15.54.48:818][126]LogExit: Exiting.
[2015.04.04-15.54.48:838][126]Log file closed, 04/04/15 17:54:48
