Log file open, 04/04/15 18:12:13
LogInit:Display: Running engine for game: StarProject
LogInit: Version: 4.7.4-2497108+++depot+UE4-Releases+4.7
LogInit: API Version: 2455222
LogInit: Compiled (64-bit): Mar 31 2015 09:40:25
LogInit: Compiled with Visual C++: 18.00.21005.01
LogInit: Build Configuration: Development
LogInit: Branch Name: ++depot+UE4-Releases+4.7
LogInit: Command line:  
LogInit: Base directory: C:/Program Files/Epic Games/4.7/Engine/Binaries/Win64/
LogInit: Rocket: 1
[2015.04.04-16.12.13:127][  0]LogTaskGraph: Started task graph with 3 named threads and 6 total threads.
[2015.04.04-16.12.13:198][  0]LogOnline:Warning: No default platform service specified for OnlineSubsystem
[2015.04.04-16.12.13:221][  0]LogInit: Presizing for 0 objects not considered by GC, pre-allocating 0 bytes.
[2015.04.04-16.12.13:229][  0]LogInit: Object subsystem initialized
[2015.04.04-16.12.13:230][  0]LogConsoleResponse:Warning: Skipping Unknown console variable: 'TranslucentSortAxis = (X=0.000000,Y=-1.000000,Z=0.000000)'
[2015.04.04-16.12.13:230][  0]LogConsoleResponse:Warning:   Found in ini file 'C:/Users/admin/Documents/GitHub/StarProject/Saved/Config/Windows/Engine.ini', in section '[/Script/Engine.RendererSettings]'
[2015.04.04-16.12.13:230][  0]LogConsoleResponse:Warning: Skipping Unknown console variable: 'UIScaleRule = ShortestSide'
[2015.04.04-16.12.13:230][  0]LogConsoleResponse:Warning:   Found in ini file 'C:/Users/admin/Documents/GitHub/StarProject/Saved/Config/Windows/Engine.ini', in section '[/Script/Engine.RendererSettings]'
[2015.04.04-16.12.13:230][  0]LogConsoleResponse:Warning: Skipping Unknown console variable: 'UIScaleCurve = (EditorCurveData=(Keys=),ExternalCurve=None)'
[2015.04.04-16.12.13:230][  0]LogConsoleResponse:Warning:   Found in ini file 'C:/Users/admin/Documents/GitHub/StarProject/Saved/Config/Windows/Engine.ini', in section '[/Script/Engine.RendererSettings]'
[2015.04.04-16.12.13:230][  0]LogInit: Selected Device Profile: [Windows]
[2015.04.04-16.12.13:230][  0]LogInit: Applying CVar settings loaded from the selected device profile: [Windows]
[2015.04.04-16.12.13:237][  0]LogInit: Computer: ADMIN-PC
[2015.04.04-16.12.13:237][  0]LogInit: User: admin
[2015.04.04-16.12.13:237][  0]LogInit: CPU Page size=4096, Cores=4
[2015.04.04-16.12.13:237][  0]LogInit: High frequency timer resolution =14.318180 MHz
[2015.04.04-16.12.13:237][  0]LogMemory: Memory total: Physical=15.9GB (16GB approx) Virtual=131072.0GB
[2015.04.04-16.12.13:237][  0]LogMemory: Platform Memory Stats for Windows
[2015.04.04-16.12.13:237][  0]LogMemory: Process Physical Memory: 46.95 MB used, 46.95 MB peak
[2015.04.04-16.12.13:237][  0]LogMemory: Process Virtual Memory: 27.55 MB used, 27.56 MB peak
[2015.04.04-16.12.13:237][  0]LogMemory: Physical Memory: 4093.59 MB used, 16254.34 MB total
[2015.04.04-16.12.13:237][  0]LogMemory: Virtual Memory: 306.10 MB used, 134217728.00 MB total
[2015.04.04-16.12.13:259][  0]LogD3D11RHI: Found D3D11 adapter 0: NVIDIA GeForce GTX 770 (Feature Level 11_0)
[2015.04.04-16.12.13:259][  0]LogD3D11RHI: Adapter has 1985MB of dedicated video memory, 0MB of dedicated system memory, and 2048MB of shared system memory, 2 output[s]
[2015.04.04-16.12.13:264][  0]LogD3D11RHI: Found D3D11 adapter 1: Intel(R) HD Graphics 4600 (Feature Level 11_0)
[2015.04.04-16.12.13:264][  0]LogD3D11RHI: Adapter has 32MB of dedicated video memory, 0MB of dedicated system memory, and 1760MB of shared system memory, 1 output[s]
[2015.04.04-16.12.13:265][  0]LogD3D11RHI: Found D3D11 adapter 2: Microsoft Basic Render Driver (Feature Level 11_0)
[2015.04.04-16.12.13:265][  0]LogD3D11RHI: Adapter has 0MB of dedicated video memory, 0MB of dedicated system memory, and 256MB of shared system memory, 0 output[s]
[2015.04.04-16.12.13:265][  0]LogD3D11RHI: Chosen D3D11 Adapter Id = 0
[2015.04.04-16.12.13:269][  0]LogRHI: Texture pool is 1361 MB (70% of 1945 MB)
[2015.04.04-16.12.13:279][  0]LogD3D11RHI: Async texture creation enabled
[2015.04.04-16.12.13:337][  0]LogTextLocalizationManager: The requested culture ('de_DE') has no localization data; falling back to 'en' for localization and internationalization data.
[2015.04.04-16.12.13:403][  0]LogTextLocalizationManager:Warning: Loading localization resources contain conflicting entries for (Namespace:UICommands, Key:Save_ToolTip):
Resource: (C:/Program Files/Epic Games/4.7/Engine/Content/Localization/Editor/en/Editor.locres) Hash: (-29098895) String: (Saves the current level to disk)
Resource: (C:/Program Files/Epic Games/4.7/Engine/Content/Localization/Engine/en/Engine.locres) Hash: (-1280300587) String: (Save selected data to vlog file)
[2015.04.04-16.12.13:403][  0]LogTextLocalizationManager:Warning: Loading localization resources contain conflicting entries for (Namespace:ContentBrowser, Key:ImportAssetToolTip):
Resource: (C:/Program Files/Epic Games/4.7/Engine/Content/Localization/Editor/en/Editor.locres) Hash: (-630476809) String: (Import to {0}...)
Resource: (C:/Program Files/Epic Games/4.7/Engine/Content/Localization/Editor/en/Editor.locres) Hash: (1271782899) String: (Imports an asset from file to this folder.)
[2015.04.04-16.12.13:471][  0]LogContentStreaming: Texture pool size is 0.000000MB
[2015.04.04-16.12.15:265][  0]LogTargetPlatformManager:Display: Building Assets For Windows
[2015.04.04-16.12.15:694][  0]LogTargetPlatformManager:Display: Building Assets For Windows
[2015.04.04-16.12.15:742][  0]LogDerivedDataCache:Display: Max Cache Size: 512 MB
[2015.04.04-16.12.15:783][  0]LogDerivedDataCache: Loaded boot cache 0.04s 39MB C:/Users/admin/AppData/Local/UnrealEngine/4.7/DerivedDataCache/Boot.ddc.
[2015.04.04-16.12.15:783][  0]LogDerivedDataCache:Display: Loaded Boot cache: C:/Users/admin/AppData/Local/UnrealEngine/4.7/DerivedDataCache/Boot.ddc
[2015.04.04-16.12.15:783][  0]LogDerivedDataCache: FDerivedDataBackendGraph:  Pak pak cache file ../../../../../../Users/admin/Documents/GitHub/StarProject/DerivedDataCache/DDC.ddp not found, will not use a pak cache.
[2015.04.04-16.12.15:783][  0]LogDerivedDataCache: Unable to find inner node Pak for hierarchical cache Hierarchy.
[2015.04.04-16.12.15:873][  0]LogDerivedDataCache:Display: Pak cache opened for reading ../../../Engine/DerivedDataCache/Compressed.ddp.
[2015.04.04-16.12.15:884][  0]LogDerivedDataCache: Using Local data cache path C:/Users/admin/AppData/Local/UnrealEngine/Common/DerivedDataCache: Writable
[2015.04.04-16.12.16:102][  0]LogMeshUtilities: No automatic mesh reduction module available
[2015.04.04-16.12.16:102][  0]LogMeshUtilities: No automatic mesh merging module available
[2015.04.04-16.12.16:428][  0]LogInit: WinSock: version 1.1 (2.2), MaxSocks=32767, MaxUdp=65467
[2015.04.04-16.12.16:488][  0]LogSlate:Warning: Failed to load font data from '../../../Engine/Content/Slate/Fonts/Roboto-Italic.ttf'
[2015.04.04-16.12.17:087][  0]UdpMessaging: Initializing bridge on interface 0.0.0.0:0 to multicast group 230.0.0.1:6666.
[2015.04.04-16.12.17:253][  0]SourceControl: Info Source control is disabled
[2015.04.04-16.12.17:253][  0]SourceControl: Info Source control is disabled
[2015.04.04-16.12.17:253][  0]SourceControl: Info Source control is disabled
[2015.04.04-16.12.17:253][  0]LogSourceControl: RunCommandInternalRaw: 'git version'
[2015.04.04-16.12.17:253][  0]LogSourceControl: RunCommandInternalRaw: ExecProcess ReturnCode=2 OutResults=''
[2015.04.04-16.12.17:260][  0]SourceControl: Info Source control is disabled
[2015.04.04-16.12.17:401][  0]LogObj: 24232 objects as part of root set at end of initial load.
[2015.04.04-16.12.17:401][  0]LogUObjectAllocator: 5137176 out of 0 bytes used by permanent object pool.
[2015.04.04-16.12.17:467][  0]LogEngine: Initializing Engine...
[2015.04.04-16.12.19:619][  0]LogInit: XAudio2 using 'Lautsprecher (Logitech USB Headset)' : 2 channels at 44.1 kHz using 16 bits per sample (channel mask 0x3)
[2015.04.04-16.12.19:625][  0]LogInit: FAudioDevice initialized.
[2015.04.04-16.12.19:654][  0]LogAIModule: Creating AISystem for world NewWorld
[2015.04.04-16.12.19:677][  0]LogDerivedDataCache: Saved boot cache 0.02s 39MB C:/Users/admin/AppData/Local/UnrealEngine/4.7/DerivedDataCache/Boot.ddc.
[2015.04.04-16.12.19:683][  0]LogInit: Texture streaming: Enabled
[2015.04.04-16.12.19:753][  0]LogAnalytics: Creating configured Analytics provider AnalyticsET
[2015.04.04-16.12.19:753][  0]LogAnalytics: ET APIKey = Rocket.Release. APIServer = http://et2.epicgames.com/ET2/. AppVersion = 4.7.4-2497108+++depot+UE4-Releases+4.7
[2015.04.04-16.12.19:753][  0]LogAnalytics: ET APIKey = Rocket.Release. DataRouterUploadURL = https://datarouter-public-service-gamedev.ol.epicgames.net/datarouter/api/v1/public/data. AppVersion = 4.7.4-2497108+++depot+UE4-Releases+4.7
[2015.04.04-16.12.19:753][  0]LogAnalytics: SetUserId dde3deed4523c0a2a770c48b31092dad|9afb1e8fda0a480cb286d8fd65efbaea|7aadb3ab-5297-4333-a6d6-a0753f16fa7d
[2015.04.04-16.12.19:753][  0]LogAnalytics: AnalyticsET::StartSession [Rocket.Release]
[2015.04.04-16.12.19:774][  0]LogInit: Transaction tracking system initialized
[2015.04.04-16.12.19:908][  0]BlueprintLog: New page: Editor Load
[2015.04.04-16.12.19:939][  0]LogAssetRegistry: FAssetRegistry took 0.0112 seconds to start up
[2015.04.04-16.12.19:939][  0]LogDirectoryWatcher:Warning: Failed to begin reading directory changes for ../../../Engine/Plugins/Experimental/CharacterAI/Content/. Error: 0
[2015.04.04-16.12.20:353][  0]LogTargetPlatformManager:Display: Building Assets For Windows
[2015.04.04-16.12.20:639][  0]LogTargetPlatformManager:Display: Building Assets For Windows
[2015.04.04-16.12.20:836][  0]LogSlate:Warning: Failed to load font data from '../../../Engine/Content/Editor/Slate/Fonts/Roboto-Regular.ttf'
[2015.04.04-16.12.20:836][  0]LogSlate:Warning: Failed to load font data from '../../../Engine/Content/Editor/Slate/Fonts/Roboto-Bold.ttf'
[2015.04.04-16.12.20:840][  0]LogConsoleResponse:Display: 
[2015.04.04-16.12.20:937][  0]LogCook:Display: Done creating registry. It took  0.00s.
[2015.04.04-16.12.21:047][  0]SourceControl: Info Source control is disabled
[2015.04.04-16.12.21:047][  0]Cmd: MAP LOAD FILE="../../../../../../Users/admin/Documents/GitHub/StarProject/Content/FirstPersonBP/Maps/FirstPersonExampleMap.umap" TEMPLATE=0 SHOWPROGRESS=1 FEATURELEVEL=3
[2015.04.04-16.12.21:047][  0]LightingResults: New page: Lighting Build
[2015.04.04-16.12.21:057][  0]MapCheck: New page: Map Check
[2015.04.04-16.12.21:057][  0]LightingResults: New page: Lighting Build
[2015.04.04-16.12.21:062][  0]LogParticles: Destroying 0 GPU particle simulations for FXSystem 0x0000004D8BC18C20
[2015.04.04-16.12.21:283][  0]LogEditorServer: Finished looking for orphan Actors (0.000 secs)
[2015.04.04-16.12.21:284][  0]LogAIModule: Creating AISystem for world FirstPersonExampleMap
[2015.04.04-16.12.21:284][  0]Cmd: MAP CHECKDEP
[2015.04.04-16.12.21:284][  0]MapCheck: New page: FirstPersonExampleMap - Apr 4, 2015, 8:12:21 PM
[2015.04.04-16.12.21:375][  0]MapCheck: Info Map check complete: 0 Error(s), 0 Warning(s), took 90.384ms to complete.
[2015.04.04-16.12.21:375][  0]LogFileHelpers: Loading map 'FirstPersonExampleMap' took 0.328
[2015.04.04-16.12.21:541][  0]LogCollectionManager: Loaded 0 collections in 0.001500 seconds
[2015.04.04-16.12.21:548][  0]LogContentBrowser: Native class hierarchy populated in 0.0073 seconds. Added 1696 classes and 261 folders.
[2015.04.04-16.12.21:582][  0]LogContentBrowser: Native class hierarchy updated for 'SceneOutliner' in 0.0015 seconds. Added 1 classes and 2 folders.
[2015.04.04-16.12.21:626][  0]LogCrashTracker: Crashtracker disabled due to settings.
[2015.04.04-16.12.21:627][  0]LogSlate:Warning: Failed to load font data from 'Veranda'
[2015.04.04-16.12.21:635][  0]LogUObjectGlobals:Warning: Failed to find object 'Class None.'
[2015.04.04-16.12.21:660][  0]LogLoad: Full Startup: 10.26 seconds (BP compile: 0.02 seconds)
[2015.04.04-16.12.22:085][  0]LogContentBrowser:Verbose: The content browser source was changed by the sources view to '/Game/FirstPersonBP/Blueprints'
[2015.04.04-16.12.22:178][  0]LogRenderer:Warning: Reallocating scene render targets to support 32x32 (Frame:2).
[2015.04.04-16.12.22:319][  0]LogRenderer:Warning: Reallocating scene render targets to support 944x576 (Frame:7).
[2015.04.04-16.12.24:749][  8]LogAssetRegistry: Asset discovery search completed in 4.8215 seconds
[2015.04.04-16.12.24:750][  8]LogPlayLevel: PIE:  No blueprints needed recompiling
[2015.04.04-16.12.24:750][  8]PIE: New page: PIE session: FirstPersonExampleMap (Apr 4, 2015, 8:12:24 PM)
[2015.04.04-16.12.24:753][  8]LogPlayLevel: PIE: StaticDuplicateObject took: (0.002469s)
[2015.04.04-16.12.24:753][  8]LogPlayLevel: PIE: World Init took: (0.000434s)
[2015.04.04-16.12.24:753][  8]LogPlayLevel: PIE: Created PIE world by copying editor world from /Game/FirstPersonBP/Maps/FirstPersonExampleMap.FirstPersonExampleMap to /Game/FirstPersonBP/Maps/UEDPIE_0_FirstPersonExampleMap.FirstPersonExampleMap (0.003071s)
[2015.04.04-16.12.24:842][  8]LogLinker:Warning: Asset '../../../Engine/Content/EngineMeshes/Humanoid.uasset' has been saved with empty engine version. The asset will be loaded but may be incompatible.
[2015.04.04-16.12.25:439][  8]LogWorld: Game class is 'FirstPersonGameMode_C'
[2015.04.04-16.12.25:441][  8]LogAIModule: Creating AISystem for world FirstPersonExampleMap
[2015.04.04-16.12.25:443][  8]LogWorld: Bringing World /Game/FirstPersonBP/Maps/UEDPIE_0_FirstPersonExampleMap.FirstPersonExampleMap up for play (max tick rate 0) at 2015.04.04-18.12.25
[2015.04.04-16.12.25:444][  8]LogWorld: Bringing up level for play took: 0.001894
[2015.04.04-16.12.25:458][  8]PIE: Info Play in editor start time for /Game/FirstPersonBP/Maps/UEDPIE_0_FirstPersonExampleMap 1.142
[2015.04.04-16.12.25:493][  8]LogRenderer:Warning: Reallocating scene render targets to support 1296x760 (Frame:12).
[2015.04.04-16.12.40:721][813]LogActorComponent: UnregisterComponent: (/Engine/Transient.ProjectileMovementComponent_40__A6522401) Not registered. Aborting.
[2015.04.04-16.12.40:721][813]LogActorComponent: UnregisterComponent: (/Engine/Transient.CharMoveComp) Not registered. Aborting.
[2015.04.04-16.12.40:735][813]LogParticles: Destroying 0 GPU particle simulations for FXSystem 0x0000004D9AFE0FE0
[2015.04.04-16.13.38:977][666]EditorErrors:Warning: Warning
[2015.04.04-16.13.39:020][667]LogEditorViewport: Clicking on Actor (double click): BP_SB4K_ST_Tairan_C (BP_SB4K_ST_Tairan)
[2015.04.04-16.13.39:526][690]LogEditorViewport: Clicking on Actor (context menu): BP_SB4K_ST_Tairan_C (BP_SB4K_ST_Tairan)
[2015.04.04-16.15.06:454][842]LogContentBrowser:Verbose: The content browser source was changed by the sources view to '/Game/FXStarStarterKit/Meshes'
[2015.04.04-16.15.07:335][942]LogContentBrowser:Verbose: The content browser source was changed by the sources view to '/Game/FXStarStarterKit/Materials'
[2015.04.04-16.15.08:262][ 51]LogContentBrowser:Verbose: The content browser source was changed by the sources view to '/Game/FXStarStarterKit/MaterialFunctions'
[2015.04.04-16.15.10:676][337]LogContentBrowser:Verbose: The content browser source was changed by the sources view to '/Game/FXStarStarterKit/Meshes'
[2015.04.04-16.15.11:280][404]LogContentBrowser:Verbose: The content browser source was changed by the sources view to '/Game/FXStarStarterKit/MICs'
[2015.04.04-16.15.12:469][541]LogContentBrowser:Verbose: The content browser source was changed by the sources view to '/Game/FXStarStarterKit/Textures'
[2015.04.04-16.15.14:172][742]LogContentBrowser:Verbose: The content browser source was changed by the sources view to '/Game/FXStarStarterKit/Meshes'
[2015.04.04-16.15.17:494][131]LogContentBrowser:Verbose: The content browser source was changed by the sources view to '/Game/FXStarStarterKit/Materials'
[2015.04.04-16.15.19:976][427]LogContentBrowser:Verbose: The content browser source was changed by the sources view to '/Game/FXStarStarterKit/MaterialFunctions'
[2015.04.04-16.15.24:596][976]LogContentBrowser:Verbose: The content browser source was changed by the sources view to '/Game/FXStarStarterKit/Textures'
[2015.04.04-16.15.25:437][ 74]LogContentBrowser:Verbose: The content browser source was changed by the sources view to '/Game/FXStarStarterKit/Particles'
[2015.04.04-16.15.26:636][217]LogContentBrowser:Verbose: The content browser source was changed by the sources view to '/Game/FXStarStarterKit/MICs'
[2015.04.04-16.15.31:085][746]LogContentBrowser:Verbose: The content browser source was changed by the sources view to '/Game/FXStarStarterKit/Meshes'
[2015.04.04-16.15.33:262][987]LogActorFactory: Actor Factory created StarHR
[2015.04.04-16.15.33:891][ 59]LogActorFactory: Actor Factory created StarHR
[2015.04.04-16.15.53:907][388]LogActorFactory: Actor Factory created StarSolar_SBNormal
[2015.04.04-16.15.55:009][519]LogActorFactory: Actor Factory created StarSolar_SBNormal
[2015.04.04-16.16.00:103][106]LogStaticMesh: Building static mesh StarSolar_SBTwistl...
[2015.04.04-16.16.00:169][106]LogStaticMesh: Built static mesh [69.252869ms] /Game/FXStarStarterKit/Meshes/StarSolar_SBTwistl.StarSolar_SBTwistl
[2015.04.04-16.16.00:208][106]LogActorFactory: Actor Factory created StarSolar_SBTwistl
[2015.04.04-16.16.03:919][549]LogActorFactory: Actor Factory created StarSolar_SBTwistl
[2015.04.04-16.16.36:146][343]LogEditorViewport: Clicking on Actor (LMB): StaticMeshActor (StarHR)
[2015.04.04-16.16.39:028][662]LogStaticMesh: Building static mesh StarSolar_ConeSmooth...
[2015.04.04-16.16.39:107][662]LogStaticMesh: Built static mesh [79.526031ms] /Game/FXStarStarterKit/Meshes/StarSolar_ConeSmooth.StarSolar_ConeSmooth
[2015.04.04-16.16.39:230][669]LogActorFactory: Actor Factory created StarSolar_ConeSmooth
[2015.04.04-16.16.40:055][766]LogActorFactory: Actor Factory created StarSolar_ConeSmooth
[2015.04.04-16.16.41:990][974]LogStaticMesh: Building static mesh StarSolar_ConeRough...
[2015.04.04-16.16.42:052][974]LogStaticMesh: Built static mesh [61.691429ms] /Game/FXStarStarterKit/Meshes/StarSolar_ConeRough.StarSolar_ConeRough
[2015.04.04-16.16.42:280][991]LogActorFactory: Actor Factory created StarSolar_ConeRough
[2015.04.04-16.16.44:080][203]LogActorFactory: Actor Factory created StarSolar_ConeRough
[2015.04.04-16.16.55:255][514]LogEditorViewport: Clicking on Actor (LMB): StaticMeshActor (StarSolar_ConeSmooth)
[2015.04.04-16.17.04:663][598]LogStaticMesh: Building static mesh StarSolar_SBWarped...
[2015.04.04-16.17.04:727][598]LogStaticMesh: Built static mesh [64.607719ms] /Game/FXStarStarterKit/Meshes/StarSolar_SBWarped.StarSolar_SBWarped
[2015.04.04-16.17.04:842][602]LogActorFactory: Actor Factory created StarSolar_SBWarped
[2015.04.04-16.17.06:976][857]LogActorFactory: Actor Factory created StarSolar_SBWarped
[2015.04.04-16.17.11:856][440]LogActorFactory: Actor Factory created StarSolar_SBWarped
[2015.04.04-16.17.24:532][886]LogActorFactory: Actor Factory created StarSolar_SBNormal
[2015.04.04-16.17.26:972][177]LogActorFactory: Actor Factory created StarSolar_SBNormal
[2015.04.04-16.17.32:895][879]Cmd: DELETE
[2015.04.04-16.17.32:895][879]Cmd: ACTOR DELETE
[2015.04.04-16.17.32:895][879]LogEditorActor: Deleted Actor: StaticMeshActor
[2015.04.04-16.17.32:896][879]LogActorComponent: UnregisterComponent: (/Engine/Transient.ProjectileMovementComponent_40__A6522401) Not registered. Aborting.
[2015.04.04-16.17.32:896][879]LogActorComponent: UnregisterComponent: (/Engine/Transient.CharMoveComp) Not registered. Aborting.
[2015.04.04-16.17.32:904][879]LogEditorActor: Deleted 1 Actors (0.009 secs)
[2015.04.04-16.17.41:989][930]LogStaticMesh: Building static mesh StarSolar_DonutHalf...
[2015.04.04-16.17.42:068][930]LogStaticMesh: Built static mesh [78.991882ms] /Game/FXStarStarterKit/Meshes/StarSolar_DonutHalf.StarSolar_DonutHalf
[2015.04.04-16.17.42:159][932]LogActorFactory: Actor Factory created StarSolar_DonutHalf
[2015.04.04-16.17.42:745][  1]LogActorFactory: Actor Factory created StarSolar_DonutHalf
[2015.04.04-16.17.50:491][908]LogEditorViewport: Clicking on Actor (LMB): StaticMeshActor (StarHR)
[2015.04.04-16.17.53:780][282]Cmd: EDCALLBACK SURFPROPS
[2015.04.04-16.17.54:675][382]Cmd: EDCALLBACK SURFPROPS
[2015.04.04-16.17.56:521][592]LogPlayLevel: PIE:  No blueprints needed recompiling
[2015.04.04-16.17.56:521][592]PIE: New page: PIE session: FirstPersonExampleMap (Apr 4, 2015, 8:17:56 PM)
[2015.04.04-16.17.56:525][592]LogPlayLevel: PIE: StaticDuplicateObject took: (0.003579s)
[2015.04.04-16.17.56:526][592]LogPlayLevel: PIE: World Init took: (0.000575s)
[2015.04.04-16.17.56:526][592]LogPlayLevel: PIE: Created PIE world by copying editor world from /Game/FirstPersonBP/Maps/FirstPersonExampleMap.FirstPersonExampleMap to /Game/FirstPersonBP/Maps/UEDPIE_0_FirstPersonExampleMap.FirstPersonExampleMap (0.004365s)
[2015.04.04-16.17.56:592][592]LogWorld: Game class is 'FirstPersonGameMode_C'
[2015.04.04-16.17.56:594][592]LogAIModule: Creating AISystem for world FirstPersonExampleMap
[2015.04.04-16.17.56:596][592]LogWorld: Bringing World /Game/FirstPersonBP/Maps/UEDPIE_0_FirstPersonExampleMap.FirstPersonExampleMap up for play (max tick rate 0) at 2015.04.04-18.17.56
[2015.04.04-16.17.56:597][592]LogWorld: Bringing up level for play took: 0.002569
[2015.04.04-16.17.56:613][592]PIE: Info Play in editor start time for /Game/FirstPersonBP/Maps/UEDPIE_0_FirstPersonExampleMap 0.297
[2015.04.04-16.18.05:598][647]LogParticles: Destroying 0 GPU particle simulations for FXSystem 0x0000004D990B2A20
[2015.04.04-16.18.09:727][138]LogEditorViewport: Clicking on Actor (LMB): StaticMeshActor (StarHR)
[2015.04.04-16.18.18:280][154]Cmd: TRANSACTION UNDO
[2015.04.04-16.18.18:280][154]LogEditorTransaction: Undo Scale Actors
[2015.04.04-16.18.36:588][ 85]LogPlayLevel: PIE:  No blueprints needed recompiling
[2015.04.04-16.18.36:588][ 85]PIE: New page: PIE session: FirstPersonExampleMap (Apr 4, 2015, 8:18:36 PM)
[2015.04.04-16.18.36:591][ 85]LogPlayLevel: PIE: StaticDuplicateObject took: (0.002328s)
[2015.04.04-16.18.36:591][ 85]LogPlayLevel: PIE: World Init took: (0.000572s)
[2015.04.04-16.18.36:592][ 85]LogPlayLevel: PIE: Created PIE world by copying editor world from /Game/FirstPersonBP/Maps/FirstPersonExampleMap.FirstPersonExampleMap to /Game/FirstPersonBP/Maps/UEDPIE_0_FirstPersonExampleMap.FirstPersonExampleMap (0.003051s)
[2015.04.04-16.18.36:651][ 85]LogWorld: Game class is 'FirstPersonGameMode_C'
[2015.04.04-16.18.36:653][ 85]LogAIModule: Creating AISystem for world FirstPersonExampleMap
[2015.04.04-16.18.36:655][ 85]LogWorld: Bringing World /Game/FirstPersonBP/Maps/UEDPIE_0_FirstPersonExampleMap.FirstPersonExampleMap up for play (max tick rate 0) at 2015.04.04-18.18.36
[2015.04.04-16.18.36:656][ 85]LogWorld: Bringing up level for play took: 0.003544
[2015.04.04-16.18.36:675][ 85]PIE: Info Play in editor start time for /Game/FirstPersonBP/Maps/UEDPIE_0_FirstPersonExampleMap 0.359
[2015.04.04-16.18.55:861][368]LogParticles: Destroying 0 GPU particle simulations for FXSystem 0x0000004D82B499E0
[2015.04.04-16.19.01:602][ 29]LogEditorViewport: Clicking on Actor (LMB): StaticMeshActor (StarSolar_ConeSmooth)
[2015.04.04-16.19.02:429][123]Cmd: DELETE
[2015.04.04-16.19.02:429][123]Cmd: ACTOR DELETE
[2015.04.04-16.19.02:430][123]LogEditorActor: Deleted Actor: StaticMeshActor
[2015.04.04-16.19.02:438][123]LogEditorActor: Deleted 1 Actors (0.009 secs)
[2015.04.04-16.19.03:127][206]LogEditorViewport: Clicking on Actor (LMB): BP_SB4K_ST_Tairan_C (BP_SB4K_ST_Tairan)
[2015.04.04-16.19.03:276][222]Cmd: DELETE
[2015.04.04-16.19.03:277][222]Cmd: ACTOR DELETE
[2015.04.04-16.19.03:277][222]LogEditorActor: Deleted Actor: BP_SB4K_ST_Tairan_C
[2015.04.04-16.19.03:285][222]LogEditorActor: Deleted 1 Actors (0.008 secs)
[2015.04.04-16.19.04:049][314]LogEditorViewport: Clicking on Actor (LMB): StaticMeshActor (StarSolar_SBTwistl)
[2015.04.04-16.19.04:343][344]Cmd: DELETE
[2015.04.04-16.19.04:343][344]Cmd: ACTOR DELETE
[2015.04.04-16.19.04:344][344]LogEditorActor: Deleted Actor: StaticMeshActor
[2015.04.04-16.19.04:352][344]LogEditorActor: Deleted 1 Actors (0.008 secs)
[2015.04.04-16.19.04:874][407]LogEditorViewport: Clicking on Actor (LMB): StaticMeshActor (StarSolar_ConeRough)
[2015.04.04-16.19.06:004][534]Cmd: TRANSACTION UNDO
[2015.04.04-16.19.06:004][534]LogEditorTransaction: Undo Clicking on Actors
[2015.04.04-16.19.06:299][557]Cmd: TRANSACTION UNDO
[2015.04.04-16.19.06:299][557]LogEditorTransaction: Undo Delete Actors
[2015.04.04-16.19.06:576][562]Cmd: TRANSACTION UNDO
[2015.04.04-16.19.06:576][562]LogEditorTransaction: Undo Clicking on Actors
[2015.04.04-16.19.06:859][590]Cmd: TRANSACTION UNDO
[2015.04.04-16.19.06:859][590]LogEditorTransaction: Undo Delete Actors
[2015.04.04-16.19.07:179][626]Cmd: TRANSACTION UNDO
[2015.04.04-16.19.07:179][626]LogEditorTransaction: Undo Clicking on Actors
[2015.04.04-16.19.09:830][928]LogPlayLevel: PIE:  No blueprints needed recompiling
[2015.04.04-16.19.09:830][928]PIE: New page: PIE session: FirstPersonExampleMap (Apr 4, 2015, 8:19:09 PM)
[2015.04.04-16.19.09:832][928]LogPlayLevel: PIE: StaticDuplicateObject took: (0.002237s)
[2015.04.04-16.19.09:833][928]LogPlayLevel: PIE: World Init took: (0.000355s)
[2015.04.04-16.19.09:833][928]LogPlayLevel: PIE: Created PIE world by copying editor world from /Game/FirstPersonBP/Maps/FirstPersonExampleMap.FirstPersonExampleMap to /Game/FirstPersonBP/Maps/UEDPIE_0_FirstPersonExampleMap.FirstPersonExampleMap (0.002724s)
[2015.04.04-16.19.09:892][928]LogWorld: Game class is 'FirstPersonGameMode_C'
[2015.04.04-16.19.09:893][928]LogAIModule: Creating AISystem for world FirstPersonExampleMap
[2015.04.04-16.19.09:896][928]LogWorld: Bringing World /Game/FirstPersonBP/Maps/UEDPIE_0_FirstPersonExampleMap.FirstPersonExampleMap up for play (max tick rate 0) at 2015.04.04-18.19.09
[2015.04.04-16.19.09:896][928]LogWorld: Bringing up level for play took: 0.002722
[2015.04.04-16.19.09:916][928]PIE: Info Play in editor start time for /Game/FirstPersonBP/Maps/UEDPIE_0_FirstPersonExampleMap -0.401
[2015.04.04-16.19.24:491][659]LogParticles: Destroying 0 GPU particle simulations for FXSystem 0x0000004D97D9B920
[2015.04.04-16.19.38:540][336]LogEditorViewport: Clicking on Actor (LMB): StaticMeshActor (StarHR)
[2015.04.04-16.19.41:781][671]LogContentBrowser:Verbose: The content browser source was changed by the sources view to '/Game/FXStarStarterKit/Materials'
[2015.04.04-16.19.43:721][863]LogContentBrowser:Verbose: The content browser source was changed by the sources view to '/Game/FXStarStarterKit/Meshes'
[2015.04.04-16.19.44:653][950]LogContentBrowser:Verbose: The content browser source was changed by the sources view to '/Game/FXStarStarterKit/MICs'
[2015.04.04-16.19.46:596][109]LogContentBrowser:Verbose: The content browser source was changed by the sources view to '/Game/FXStarStarterKit/Particles'
[2015.04.04-16.19.47:666][236]LogContentBrowser:Verbose: The content browser source was changed by the sources view to '/Game/FXStarStarterKit/Textures'
[2015.04.04-16.19.48:854][376]LogContentBrowser:Verbose: The content browser source was changed by the sources view to '/Game/FXStarStarterKit/MaterialFunctions'
[2015.04.04-16.19.48:884][377]LogMaterial: Missing cached shader map for material Material_0, compiling. 
[2015.04.04-16.19.48:924][380]LogMaterial: Missing cached shader map for material Material_1, compiling. 
[2015.04.04-16.19.48:929][380]LogMaterial: Missing cached shader map for material Material_2, compiling. 
[2015.04.04-16.19.52:584][682]LogContentBrowser:Verbose: The content browser source was changed by the sources view to '/Game/FXStarStarterKit/Meshes'
[2015.04.04-16.19.54:629][875]LogContentBrowser:Verbose: The content browser source was changed by the sources view to '/Game/FXStarStarterKit/Materials'
[2015.04.04-16.19.55:665][980]LogContentBrowser:Verbose: The content browser source was changed by the sources view to '/Game/FXStarStarterKit/Particles'
[2015.04.04-16.19.56:350][ 61]LogContentBrowser:Verbose: The content browser source was changed by the sources view to '/Game/FXStarStarterKit/Textures'
[2015.04.04-16.19.57:635][213]LogContentBrowser:Verbose: The content browser source was changed by the sources view to '/Game/FXStarStarterKit/Meshes'
[2015.04.04-16.19.58:334][279]LogContentBrowser:Verbose: The content browser source was changed by the sources view to '/Game/FXStarStarterKit/Materials'
[2015.04.04-16.19.59:201][367]LogContentBrowser:Verbose: The content browser source was changed by the sources view to '/Game/FXStarStarterKit/MaterialFunctions'
[2015.04.04-16.20.00:129][447]LogContentBrowser:Verbose: The content browser source was changed by the sources view to '/Game/FXStarStarterKit/Maps'
[2015.04.04-16.20.00:715][516]LogContentBrowser:Verbose: The content browser source was changed by the sources view to '/Game/FXStarStarterKit/Materials'
[2015.04.04-16.20.01:347][581]LogContentBrowser:Verbose: The content browser source was changed by the sources view to '/Game/FXStarStarterKit/MICs'
[2015.04.04-16.20.25:332][171]LogPlayLevel: PIE:  No blueprints needed recompiling
[2015.04.04-16.20.25:332][171]PIE: New page: PIE session: FirstPersonExampleMap (Apr 4, 2015, 8:20:25 PM)
[2015.04.04-16.20.25:335][171]LogPlayLevel: PIE: StaticDuplicateObject took: (0.002731s)
[2015.04.04-16.20.25:335][171]LogPlayLevel: PIE: World Init took: (0.000368s)
[2015.04.04-16.20.25:336][171]LogPlayLevel: PIE: Created PIE world by copying editor world from /Game/FirstPersonBP/Maps/FirstPersonExampleMap.FirstPersonExampleMap to /Game/FirstPersonBP/Maps/UEDPIE_0_FirstPersonExampleMap.FirstPersonExampleMap (0.003263s)
[2015.04.04-16.20.25:399][171]LogWorld: Game class is 'FirstPersonGameMode_C'
[2015.04.04-16.20.25:401][171]LogAIModule: Creating AISystem for world FirstPersonExampleMap
[2015.04.04-16.20.25:403][171]LogWorld: Bringing World /Game/FirstPersonBP/Maps/UEDPIE_0_FirstPersonExampleMap.FirstPersonExampleMap up for play (max tick rate 0) at 2015.04.04-18.20.25
[2015.04.04-16.20.25:404][171]LogWorld: Bringing up level for play took: 0.002481
[2015.04.04-16.20.25:420][171]PIE: Info Play in editor start time for /Game/FirstPersonBP/Maps/UEDPIE_0_FirstPersonExampleMap -0.896
[2015.04.04-16.20.36:927][535]LogParticles: Destroying 0 GPU particle simulations for FXSystem 0x0000004D85EE5BC0
[2015.04.04-16.20.45:114][420]LogContentBrowser:Verbose: The content browser source was changed by the sources view to '/Game/FXStarStarterKit/Meshes'
[2015.04.04-16.20.47:915][683]LogActorFactory: Actor Factory created StarSolar_ConeSmooth
[2015.04.04-16.20.48:856][794]LogActorFactory: Actor Factory created StarSolar_ConeSmooth
[2015.04.04-16.20.54:888][452]Cmd: TRANSACTION UNDO
[2015.04.04-16.20.54:888][452]LogEditorTransaction: Undo Replace component used material
[2015.04.04-16.20.59:230][904]Cmd: TRANSACTION UNDO
[2015.04.04-16.20.59:230][904]LogEditorTransaction: Undo Create Actors
[2015.04.04-16.21.01:429][ 97]LogContentBrowser:Verbose: The content browser source was changed by the sources view to '/Game/FXStarStarterKit/Particles'
[2015.04.04-16.21.06:296][658]Cmd: TRANSACTION UNDO
[2015.04.04-16.21.06:296][658]LogEditorTransaction: Undo Create Actors
[2015.04.04-16.21.07:798][790]LogContentBrowser:Verbose: The content browser source was changed by the sources view to '/Game/FXStarStarterKit/Textures'
[2015.04.04-16.21.10:518][114]LogContentBrowser:Verbose: The content browser source was changed by the sources view to '/Game/FXStarStarterKit/Particles'
[2015.04.04-16.21.11:107][184]LogContentBrowser:Verbose: The content browser source was changed by the sources view to '/Game/FXStarStarterKit/MICs'
[2015.04.04-16.21.16:528][737]LogEditorViewport: Clicking on Actor (LMB): StaticMeshActor (StarHR)
[2015.04.04-16.21.16:974][787]LogEditorViewport: Clicking on Actor (LMB): BP_SB4K_ST_Tairan_C (BP_SB4K_ST_Tairan)
[2015.04.04-16.21.22:385][432]Cmd: TRANSACTION UNDO
[2015.04.04-16.21.22:385][432]LogEditorTransaction: Undo Clicking on Actors
[2015.04.04-16.21.22:857][457]Cmd: TRANSACTION UNDO
[2015.04.04-16.21.22:857][457]LogEditorTransaction: Undo Clicking on Actors
[2015.04.04-16.21.23:301][496]Cmd: TRANSACTION UNDO
[2015.04.04-16.21.23:301][496]LogEditorTransaction: Undo Drop Objects on Selected Actors
[2015.04.04-16.21.34:741][770]LogPlayLevel: PIE:  No blueprints needed recompiling
[2015.04.04-16.21.34:741][770]PIE: New page: PIE session: FirstPersonExampleMap (Apr 4, 2015, 8:21:34 PM)
[2015.04.04-16.21.34:744][770]LogPlayLevel: PIE: StaticDuplicateObject took: (0.002260s)
[2015.04.04-16.21.34:744][770]LogPlayLevel: PIE: World Init took: (0.000399s)
[2015.04.04-16.21.34:744][770]LogPlayLevel: PIE: Created PIE world by copying editor world from /Game/FirstPersonBP/Maps/FirstPersonExampleMap.FirstPersonExampleMap to /Game/FirstPersonBP/Maps/UEDPIE_0_FirstPersonExampleMap.FirstPersonExampleMap (0.002811s)
[2015.04.04-16.21.34:801][770]LogWorld: Game class is 'FirstPersonGameMode_C'
[2015.04.04-16.21.34:803][770]LogAIModule: Creating AISystem for world FirstPersonExampleMap
[2015.04.04-16.21.34:806][770]LogWorld: Bringing World /Game/FirstPersonBP/Maps/UEDPIE_0_FirstPersonExampleMap.FirstPersonExampleMap up for play (max tick rate 0) at 2015.04.04-18.21.34
[2015.04.04-16.21.34:806][770]LogWorld: Bringing up level for play took: 0.002508
[2015.04.04-16.21.34:823][770]PIE: Info Play in editor start time for /Game/FirstPersonBP/Maps/UEDPIE_0_FirstPersonExampleMap 0.507
[2015.04.04-16.21.37:227][ 42]LogParticles: Destroying 0 GPU particle simulations for FXSystem 0x0000004D9AFE1A80
[2015.04.04-16.21.38:597][201]Cmd: DELETE
[2015.04.04-16.21.38:597][201]Cmd: ACTOR DELETE
[2015.04.04-16.21.38:598][201]LogEditorActor: Deleted Actor: StaticMeshActor
[2015.04.04-16.21.38:606][201]LogEditorActor: Deleted 1 Actors (0.009 secs)
[2015.04.04-16.21.40:696][425]LogContentBrowser:Verbose: The content browser source was changed by the sources view to '/Game/FXStarStarterKit/Meshes'
[2015.04.04-16.21.42:392][586]LogActorFactory: Actor Factory created StarHR
[2015.04.04-16.21.44:049][784]LogActorFactory: Actor Factory created StarHR
[2015.04.04-16.21.53:826][851]LogContentBrowser:Verbose: The content browser source was changed by the sources view to '/Game/FXStarStarterKit/Materials'
[2015.04.04-16.21.56:289][108]LogMaterial: Missing cached shader map for material MAT_SolarFlare, compiling. 
[2015.04.04-16.21.56:313][108]LogActorComponent: UnregisterComponent: (/Engine/Transient.SkeletalMeshComponent_0) Not registered. Aborting.
[2015.04.04-16.21.56:356][108]LogActorComponent: UnregisterComponent: (/Engine/Transient.SkeletalMeshComponent_0) Not registered. Aborting.
[2015.04.04-16.21.56:356][108]LogActorComponent: RegisterComponentWithWorld: (/Engine/Transient.MaterialEditorMeshComponent_0) Already registered. Aborting.
[2015.04.04-16.21.56:356][108]LogActorComponent: UnregisterComponent: (/Engine/Transient.SkeletalMeshComponent_0) Not registered. Aborting.
[2015.04.04-16.21.56:356][108]LogActorComponent: RegisterComponentWithWorld: (/Engine/Transient.MaterialEditorMeshComponent_0) Already registered. Aborting.
[2015.04.04-16.21.56:373][108]LogMaterial: Missing cached shader map for material MAT_SolarFlare, compiling. 
[2015.04.04-16.21.56:377][108]LogMaterial: 0.000053 seconds spent updating 1 materials, 1 interfaces, 0 instances, 0 with static permutations.
[2015.04.04-16.21.56:414][108]LogMaterial: Missing cached shader map for material FMatExpressionPreview MaterialExpressionTextureSampleParameter2D_13, compiling. 
[2015.04.04-16.21.56:416][108]LogMaterial: Missing cached shader map for material FMatExpressionPreview MaterialExpressionTextureSampleParameter2D_3, compiling. 
[2015.04.04-16.21.56:419][108]LogMaterial: Missing cached shader map for material FMatExpressionPreview MaterialExpressionTextureSampleParameter2D_6, compiling. 
[2015.04.04-16.21.56:421][108]LogMaterial: Missing cached shader map for material FMatExpressionPreview MaterialExpressionTextureSampleParameter2D_7, compiling. 
[2015.04.04-16.21.56:423][108]LogMaterial: Missing cached shader map for material FMatExpressionPreview MaterialExpressionTextureSampleParameter2D_10, compiling. 
[2015.04.04-16.21.56:425][108]LogMaterial: Missing cached shader map for material FMatExpressionPreview MaterialExpressionTextureSampleParameter2D_11, compiling. 
[2015.04.04-16.21.56:427][108]LogMaterial: Missing cached shader map for material FMatExpressionPreview MaterialExpressionTextureSampleParameter2D_14, compiling. 
[2015.04.04-16.21.57:847][219]MaterialEditorStats: Info Base pass shader without light map: 45 instructions
[2015.04.04-16.21.57:847][219]MaterialEditorStats: Info Vertex shader: 70 instructions
[2015.04.04-16.21.57:847][219]MaterialEditorStats: Info Texture samplers: 3/16
[2015.04.04-16.22.21:318][573]LogContentBrowser:Verbose: The content browser source was changed by the sources view to '/Game/FXStarStarterKit/MaterialFunctions'
[2015.04.04-16.22.21:346][574]LogMaterial: Missing cached shader map for material Material_3, compiling. 
[2015.04.04-16.22.21:356][575]LogMaterial: Missing cached shader map for material Material_4, compiling. 
[2015.04.04-16.22.21:362][575]LogMaterial: Missing cached shader map for material Material_5, compiling. 
[2015.04.04-16.22.21:376][576]LogMaterial: Missing cached shader map for material Material_6, compiling. 
[2015.04.04-16.22.21:386][576]LogMaterial: Missing cached shader map for material Material_7, compiling. 
[2015.04.04-16.22.22:542][684]LogContentBrowser:Verbose: The content browser source was changed by the sources view to '/Game/FXStarStarterKit/Meshes'
[2015.04.04-16.22.23:668][781]LogContentBrowser:Verbose: The content browser source was changed by the sources view to '/Game/FXStarStarterKit/MaterialFunctions'
[2015.04.04-16.22.25:514][948]LogContentBrowser:Verbose: The content browser source was changed by the sources view to '/Game/FXStarStarterKit/Meshes'
[2015.04.04-16.22.26:153][  5]LogContentBrowser:Verbose: The content browser source was changed by the sources view to '/Game/FXStarStarterKit/MICs'
[2015.04.04-16.22.33:674][663]LogActorComponent: UnregisterComponent: (/Engine/Transient.SkeletalMeshComponent_1) Not registered. Aborting.
[2015.04.04-16.22.33:697][663]LogActorComponent: UnregisterComponent: (/Engine/Transient.SkeletalMeshComponent_1) Not registered. Aborting.
[2015.04.04-16.22.33:697][663]LogActorComponent: RegisterComponentWithWorld: (/Engine/Transient.MaterialEditorMeshComponent_1) Already registered. Aborting.
[2015.04.04-16.22.33:737][663]LogRenderer:Warning: Reallocating scene render targets to support 1392x928 (Frame:84548).
[2015.04.04-16.22.42:373][677]LogMaterial: Missing cached shader map for material MAT_SolarStorm, compiling. 
[2015.04.04-16.22.42:406][677]LogActorComponent: UnregisterComponent: (/Engine/Transient.SkeletalMeshComponent_2) Not registered. Aborting.
[2015.04.04-16.22.42:445][677]LogActorComponent: UnregisterComponent: (/Engine/Transient.SkeletalMeshComponent_2) Not registered. Aborting.
[2015.04.04-16.22.42:445][677]LogActorComponent: RegisterComponentWithWorld: (/Engine/Transient.MaterialEditorMeshComponent_2) Already registered. Aborting.
[2015.04.04-16.22.42:445][677]LogActorComponent: UnregisterComponent: (/Engine/Transient.SkeletalMeshComponent_2) Not registered. Aborting.
[2015.04.04-16.22.42:445][677]LogActorComponent: RegisterComponentWithWorld: (/Engine/Transient.MaterialEditorMeshComponent_2) Already registered. Aborting.
[2015.04.04-16.22.42:466][677]LogMaterial: Missing cached shader map for material MAT_SolarStorm, compiling. 
[2015.04.04-16.22.42:470][677]LogMaterial: 0.000046 seconds spent updating 1 materials, 1 interfaces, 0 instances, 0 with static permutations.
[2015.04.04-16.22.42:494][677]LogMaterial: Missing cached shader map for material FMatExpressionPreview MaterialExpressionVectorParameter_5, compiling. 
[2015.04.04-16.22.42:496][677]LogMaterial: Missing cached shader map for material FMatExpressionPreview MaterialExpressionVectorParameter_6, compiling. 
[2015.04.04-16.22.42:499][677]LogMaterial: Missing cached shader map for material FMatExpressionPreview MaterialExpressionTextureSampleParameter2D_0, compiling. 
[2015.04.04-16.22.42:501][677]LogMaterial: Missing cached shader map for material FMatExpressionPreview MaterialExpressionTextureSampleParameter2D_1, compiling. 
[2015.04.04-16.22.42:503][677]LogMaterial: Missing cached shader map for material FMatExpressionPreview MaterialExpressionTextureSampleParameter2D_2, compiling. 
[2015.04.04-16.22.42:506][677]LogMaterial: Missing cached shader map for material FMatExpressionPreview MaterialExpressionTextureSampleParameter2D_6, compiling. 
[2015.04.04-16.22.42:508][677]LogMaterial: Missing cached shader map for material FMatExpressionPreview MaterialExpressionTextureSampleParameter2D_4, compiling. 
[2015.04.04-16.22.42:510][677]LogMaterial: Missing cached shader map for material FMatExpressionPreview MaterialExpressionTextureSampleParameter2D_7, compiling. 
[2015.04.04-16.22.43:943][799]MaterialEditorStats: Info Base pass shader without light map: 96 instructions
[2015.04.04-16.22.43:943][799]MaterialEditorStats: Info Vertex shader: 70 instructions
[2015.04.04-16.22.43:943][799]MaterialEditorStats: Info Texture samplers: 3/16
[2015.04.04-16.22.57:203][235]LogMaterial: Missing cached shader map for material FMatExpressionPreview MaterialExpressionVectorParameter_5, compiling. 
[2015.04.04-16.22.58:176][345]LogMaterial: Missing cached shader map for material FMatExpressionPreview MaterialExpressionVectorParameter_5, compiling. 
[2015.04.04-16.23.06:144][ 89]LogEditorTransaction: Undo Edit Default Value
[2015.04.04-16.23.06:525][ 96]LogEditorTransaction: Undo Edit Default Value
[2015.04.04-16.23.06:570][ 96]LogMaterial: Missing cached shader map for material FMatExpressionPreview MaterialExpressionVectorParameter_5, compiling. 
[2015.04.04-16.23.06:900][104]LogEditorTransaction: Undo Edit Default Value
[2015.04.04-16.23.07:148][112]LogEditorTransaction: Undo Edit Default Value
[2015.04.04-16.23.07:191][112]LogMaterial: Missing cached shader map for material FMatExpressionPreview MaterialExpressionVectorParameter_5, compiling. 
[2015.04.04-16.23.07:516][124]LogEditorTransaction: Undo Replace component used material
[2015.04.04-16.23.14:106][298]LogMaterial: Missing cached shader map for material MAT_SolarStorm, compiling. 
[2015.04.04-16.23.14:115][298]LogMaterial: 0.000071 seconds spent updating 1 materials, 1 interfaces, 0 instances, 0 with static permutations.
[2015.04.04-16.23.14:193][298]LogMaterial: Missing cached shader map for material MAT_SolarStorm, compiling. 
[2015.04.04-16.23.14:204][298]LogMaterial: Missing cached shader map for material MAT_SolarStorm, compiling. 
[2015.04.04-16.23.14:209][298]LogMaterial: 0.001099 seconds spent updating 1 materials, 1 interfaces, 2 instances, 0 with static permutations.
[2015.04.04-16.23.16:007][379]MaterialEditorStats: Info Base pass shader without light map: 121 instructions
[2015.04.04-16.23.16:007][379]MaterialEditorStats: Info Vertex shader: 70 instructions
[2015.04.04-16.23.16:007][379]MaterialEditorStats: Info Texture samplers: 3/16
[2015.04.04-16.23.23:729][ 68]LogWindows:Error: Windows GetLastError: Der Vorgang wurde erfolgreich beendet. (0)
[2015.04.04-16.23.23:733][ 68]LogCrashTracker: 


[2015.04.04-16.23.26:646][ 68]LogEditorViewport: Clicking on Actor (LMB): StaticMeshActor (StarHR)
[2015.04.04-16.23.26:665][ 68]LogEditorViewport: Clicking on Actor (context menu): StaticMeshActor (StarHR)
[2015.04.04-16.23.26:734][ 68]LogEditorViewport: Clicking on Actor (LMB): StaticMeshActor (StarHR)
[2015.04.04-16.23.26:756][ 68]LogCrashTracker: 


[2015.04.04-16.23.26:756][ 68]LogWindows: === Critical error: ===
Assertion failed: IsValid() [File:D:\BuildFarm\buildmachine_++depot+UE4-Releases+4.7\Engine\Source\Runtime\Core\Public\Templates\SharedPointer.h] [Line: 658] 



KERNELBASE.dll!UnknownFunction (0x00007ff8bd4d8b9c) + 0 bytes [UnknownFile:0]
UE4Editor-Core.dll!FOutputDeviceWindowsError::Serialize() (0x00007ff897ad8074) + 0 bytes [d:\buildfarm\buildmachine_++depot+ue4-releases+4.7\engine\source\runtime\core\private\windows\windowsplatformoutputdevices.cpp:95]
UE4Editor-Core.dll!FOutputDevice::Logf__VA() (0x00007ff897957878) + 159 bytes [d:\buildfarm\buildmachine_++depot+ue4-releases+4.7\engine\source\runtime\core\private\misc\outputdevice.cpp:144]
UE4Editor-Core.dll!FDebug::AssertFailed() (0x00007ff897938b17) + 62 bytes [d:\buildfarm\buildmachine_++depot+ue4-releases+4.7\engine\source\runtime\core\private\misc\outputdevice.cpp:224]
UE4Editor-Slate.dll!SDockTab::OnDragDetected() (0x00007ff896998f15) + 104 bytes [d:\buildfarm\buildmachine_++depot+ue4-releases+4.7\engine\source\runtime\slate\private\widgets\docking\sdocktab.cpp:72]
UE4Editor-Slate.dll!<lambda_c9d14aa18ed45cfd85ad8d5bcb9a4886>::operator()() (0x00007ff8967bdb4e) + 9 bytes [d:\buildfarm\buildmachine_++depot+ue4-releases+4.7\engine\source\runtime\slate\private\framework\application\slateapplication.cpp:4214]
UE4Editor-Slate.dll!FEventRouter::Route<FReply,FEventRouter::FDirectPolicy,FPointerEvent,<lambda_c9d14aa18ed45cfd85ad8d5bcb9a4886> >() (0x00007ff896777c8d) + 21 bytes [d:\buildfarm\buildmachine_++depot+ue4-releases+4.7\engine\source\runtime\slate\private\framework\application\slateapplication.cpp:202]
UE4Editor-Slate.dll!FSlateApplication::ProcessMouseMoveEvent() (0x00007ff896825747) + 90 bytes [d:\buildfarm\buildmachine_++depot+ue4-releases+4.7\engine\source\runtime\slate\private\framework\application\slateapplication.cpp:4215]
UE4Editor-Slate.dll!FSlateApplication::OnMouseMove() (0x00007ff896814724) + 17 bytes [d:\buildfarm\buildmachine_++depot+ue4-releases+4.7\engine\source\runtime\slate\private\framework\application\slateapplication.cpp:4145]
UE4Editor-Core.dll!FWindowsApplication::ProcessDeferredMessage() (0x00007ff897a33728) + 10 bytes [d:\buildfarm\buildmachine_++depot+ue4-releases+4.7\engine\source\runtime\core\private\windows\windowsapplication.cpp:1420]
UE4Editor-Core.dll!FWindowsApplication::DeferMessage() (0x00007ff897a25d2e) + 74 bytes [d:\buildfarm\buildmachine_++depot+ue4-releases+4.7\engine\source\runtime\core\private\windows\windowsapplication.cpp:1669]
UE4Editor-Core.dll!FWindowsApplication::ProcessMessage() (0x00007ff897a34d50) + 41 bytes [d:\buildfarm\buildmachine_++depot+ue4-releases+4.7\engine\source\runtime\core\private\windows\windowsapplication.cpp:742]
UE4Editor-Core.dll!FWindowsApplication::AppWndProc() (0x00007ff897a23192) + 0 bytes [d:\buildfarm\buildmachine_++depot+ue4-releases+4.7\engine\source\runtime\core\private\windows\windowsapplication.cpp:604]
USER32.dll!UnknownFunction (0x00007ff8bfdf250d) + 0 bytes [UnknownFile:0]
USER32.dll!UnknownFunction (0x00007ff8bfdf2367) + 0 bytes [UnknownFile:0]
UE4Editor-Core.dll!FWindowsPlatformMisc::PumpMessages() (0x00007ff897ad3ec6) + 48 bytes [d:\buildfarm\buildmachine_++depot+ue4-releases+4.7\engine\source\runtime\core\private\windows\windowsplatformmisc.cpp:774]
UE4Editor.exe!FEngineLoop::Tick() (0x00007ff7040300a9) + 8 bytes [d:\buildfarm\buildmachine_++depot+ue4-releases+4.7\engine\source\runtime\launch\private\launchengineloop.cpp:2233]
UE4Editor.exe!GuardedMain() (0x00007ff70402267c) + 0 bytes [d:\buildfarm\buildmachine_++depot+ue4-releases+4.7\engine\source\runtime\launch\private\launch.cpp:142]
UE4Editor.exe!GuardedMainWrapper() (0x00007ff7040226ea) + 5 bytes [d:\buildfarm\buildmachine_++depot+ue4-releases+4.7\engine\source\runtime\launch\private\windows\launchwindows.cpp:126]
UE4Editor.exe!WinMain() (0x00007ff704032219) + 17 bytes [d:\buildfarm\buildmachine_++depot+ue4-releases+4.7\engine\source\runtime\launch\private\windows\launchwindows.cpp:202]
UE4Editor.exe!__tmainCRTStartup() (0x00007ff704033159) + 21 bytes [f:\dd\vctools\crt\crtw32\dllstuff\crtexe.c:618]
KERNEL32.DLL!UnknownFunction (0x00007ff8bda913d2) + 0 bytes [UnknownFile:0]
ntdll.dll!UnknownFunction (0x00007ff8bffde954) + 0 bytes [UnknownFile:0]
ntdll.dll!UnknownFunction (0x00007ff8bffde954) + 0 bytes [UnknownFile:0]


[2015.04.04-16.23.26:837][ 68]LogExit: Executing StaticShutdownAfterError
[2015.04.04-16.23.26:841][ 68]LogWindows: FPlatformMisc::RequestExit(1)
[2015.04.04-16.23.26:841][ 68]Log file closed, 04/04/15 18:23:26
