Log file open, 04/04/15 18:32:45
LogInit:Display: Running engine for game: StarProject
LogInit: Version: 4.7.4-2497108+++depot+UE4-Releases+4.7
LogInit: API Version: 2455222
LogInit: Compiled (64-bit): Mar 31 2015 09:40:25
LogInit: Compiled with Visual C++: 18.00.21005.01
LogInit: Build Configuration: Development
LogInit: Branch Name: ++depot+UE4-Releases+4.7
LogInit: Command line:  
LogInit: Base directory: C:/Program Files/Epic Games/4.7/Engine/Binaries/Win64/
LogInit: Rocket: 1
[2015.04.04-16.32.45:733][  0]LogTaskGraph: Started task graph with 3 named threads and 6 total threads.
[2015.04.04-16.32.45:799][  0]LogOnline:Warning: No default platform service specified for OnlineSubsystem
[2015.04.04-16.32.45:814][  0]LogInit: Presizing for 0 objects not considered by GC, pre-allocating 0 bytes.
[2015.04.04-16.32.45:823][  0]LogInit: Object subsystem initialized
[2015.04.04-16.32.45:824][  0]LogConsoleResponse:Warning: Skipping Unknown console variable: 'TranslucentSortAxis = (X=0.000000,Y=-1.000000,Z=0.000000)'
[2015.04.04-16.32.45:824][  0]LogConsoleResponse:Warning:   Found in ini file 'C:/Users/admin/Documents/GitHub/StarProject/Saved/Config/Windows/Engine.ini', in section '[/Script/Engine.RendererSettings]'
[2015.04.04-16.32.45:824][  0]LogConsoleResponse:Warning: Skipping Unknown console variable: 'UIScaleRule = ShortestSide'
[2015.04.04-16.32.45:824][  0]LogConsoleResponse:Warning:   Found in ini file 'C:/Users/admin/Documents/GitHub/StarProject/Saved/Config/Windows/Engine.ini', in section '[/Script/Engine.RendererSettings]'
[2015.04.04-16.32.45:824][  0]LogConsoleResponse:Warning: Skipping Unknown console variable: 'UIScaleCurve = (EditorCurveData=(Keys=),ExternalCurve=None)'
[2015.04.04-16.32.45:824][  0]LogConsoleResponse:Warning:   Found in ini file 'C:/Users/admin/Documents/GitHub/StarProject/Saved/Config/Windows/Engine.ini', in section '[/Script/Engine.RendererSettings]'
[2015.04.04-16.32.45:825][  0]LogInit: Selected Device Profile: [Windows]
[2015.04.04-16.32.45:825][  0]LogInit: Applying CVar settings loaded from the selected device profile: [Windows]
[2015.04.04-16.32.45:831][  0]LogInit: Computer: ADMIN-PC
[2015.04.04-16.32.45:831][  0]LogInit: User: admin
[2015.04.04-16.32.45:831][  0]LogInit: CPU Page size=4096, Cores=4
[2015.04.04-16.32.45:831][  0]LogInit: High frequency timer resolution =14.318180 MHz
[2015.04.04-16.32.45:831][  0]LogMemory: Memory total: Physical=15.9GB (16GB approx) Virtual=131072.0GB
[2015.04.04-16.32.45:831][  0]LogMemory: Platform Memory Stats for Windows
[2015.04.04-16.32.45:831][  0]LogMemory: Process Physical Memory: 47.04 MB used, 47.04 MB peak
[2015.04.04-16.32.45:831][  0]LogMemory: Process Virtual Memory: 25.61 MB used, 25.61 MB peak
[2015.04.04-16.32.45:831][  0]LogMemory: Physical Memory: 3862.56 MB used, 16254.34 MB total
[2015.04.04-16.32.45:831][  0]LogMemory: Virtual Memory: 304.16 MB used, 134217728.00 MB total
[2015.04.04-16.32.45:852][  0]LogD3D11RHI: Found D3D11 adapter 0: NVIDIA GeForce GTX 770 (Feature Level 11_0)
[2015.04.04-16.32.45:852][  0]LogD3D11RHI: Adapter has 1985MB of dedicated video memory, 0MB of dedicated system memory, and 2048MB of shared system memory, 2 output[s]
[2015.04.04-16.32.45:857][  0]LogD3D11RHI: Found D3D11 adapter 1: Intel(R) HD Graphics 4600 (Feature Level 11_0)
[2015.04.04-16.32.45:857][  0]LogD3D11RHI: Adapter has 32MB of dedicated video memory, 0MB of dedicated system memory, and 1760MB of shared system memory, 1 output[s]
[2015.04.04-16.32.45:858][  0]LogD3D11RHI: Found D3D11 adapter 2: Microsoft Basic Render Driver (Feature Level 11_0)
[2015.04.04-16.32.45:858][  0]LogD3D11RHI: Adapter has 0MB of dedicated video memory, 0MB of dedicated system memory, and 256MB of shared system memory, 0 output[s]
[2015.04.04-16.32.45:858][  0]LogD3D11RHI: Chosen D3D11 Adapter Id = 0
[2015.04.04-16.32.45:861][  0]LogRHI: Texture pool is 1361 MB (70% of 1945 MB)
[2015.04.04-16.32.45:871][  0]LogD3D11RHI: Async texture creation enabled
[2015.04.04-16.32.45:925][  0]LogTextLocalizationManager: The requested culture ('de_DE') has no localization data; falling back to 'en' for localization and internationalization data.
[2015.04.04-16.32.45:989][  0]LogTextLocalizationManager:Warning: Loading localization resources contain conflicting entries for (Namespace:UICommands, Key:Save_ToolTip):
Resource: (C:/Program Files/Epic Games/4.7/Engine/Content/Localization/Editor/en/Editor.locres) Hash: (-29098895) String: (Saves the current level to disk)
Resource: (C:/Program Files/Epic Games/4.7/Engine/Content/Localization/Engine/en/Engine.locres) Hash: (-1280300587) String: (Save selected data to vlog file)
[2015.04.04-16.32.45:989][  0]LogTextLocalizationManager:Warning: Loading localization resources contain conflicting entries for (Namespace:ContentBrowser, Key:ImportAssetToolTip):
Resource: (C:/Program Files/Epic Games/4.7/Engine/Content/Localization/Editor/en/Editor.locres) Hash: (-630476809) String: (Import to {0}...)
Resource: (C:/Program Files/Epic Games/4.7/Engine/Content/Localization/Editor/en/Editor.locres) Hash: (1271782899) String: (Imports an asset from file to this folder.)
[2015.04.04-16.32.46:054][  0]LogContentStreaming: Texture pool size is 0.000000MB
[2015.04.04-16.32.47:785][  0]LogTargetPlatformManager:Display: Building Assets For Windows
[2015.04.04-16.32.48:178][  0]LogTargetPlatformManager:Display: Building Assets For Windows
[2015.04.04-16.32.48:224][  0]LogDerivedDataCache:Display: Max Cache Size: 512 MB
[2015.04.04-16.32.48:257][  0]LogDerivedDataCache: Loaded boot cache 0.03s 39MB C:/Users/admin/AppData/Local/UnrealEngine/4.7/DerivedDataCache/Boot.ddc.
[2015.04.04-16.32.48:257][  0]LogDerivedDataCache:Display: Loaded Boot cache: C:/Users/admin/AppData/Local/UnrealEngine/4.7/DerivedDataCache/Boot.ddc
[2015.04.04-16.32.48:257][  0]LogDerivedDataCache: FDerivedDataBackendGraph:  Pak pak cache file ../../../../../../Users/admin/Documents/GitHub/StarProject/DerivedDataCache/DDC.ddp not found, will not use a pak cache.
[2015.04.04-16.32.48:257][  0]LogDerivedDataCache: Unable to find inner node Pak for hierarchical cache Hierarchy.
[2015.04.04-16.32.48:346][  0]LogDerivedDataCache:Display: Pak cache opened for reading ../../../Engine/DerivedDataCache/Compressed.ddp.
[2015.04.04-16.32.48:358][  0]LogDerivedDataCache: Using Local data cache path C:/Users/admin/AppData/Local/UnrealEngine/Common/DerivedDataCache: Writable
[2015.04.04-16.32.48:571][  0]LogMeshUtilities: No automatic mesh reduction module available
[2015.04.04-16.32.48:571][  0]LogMeshUtilities: No automatic mesh merging module available
[2015.04.04-16.32.48:908][  0]LogInit: WinSock: version 1.1 (2.2), MaxSocks=32767, MaxUdp=65467
[2015.04.04-16.32.48:966][  0]LogSlate:Warning: Failed to load font data from '../../../Engine/Content/Slate/Fonts/Roboto-Italic.ttf'
[2015.04.04-16.32.49:558][  0]UdpMessaging: Initializing bridge on interface 0.0.0.0:0 to multicast group 230.0.0.1:6666.
[2015.04.04-16.32.49:735][  0]SourceControl: Info Source control is disabled
[2015.04.04-16.32.49:735][  0]SourceControl: Info Source control is disabled
[2015.04.04-16.32.49:735][  0]SourceControl: Info Source control is disabled
[2015.04.04-16.32.49:735][  0]LogSourceControl: RunCommandInternalRaw: 'git version'
[2015.04.04-16.32.49:735][  0]LogSourceControl: RunCommandInternalRaw: ExecProcess ReturnCode=2 OutResults=''
[2015.04.04-16.32.49:742][  0]SourceControl: Info Source control is disabled
[2015.04.04-16.32.49:880][  0]LogObj: 24232 objects as part of root set at end of initial load.
[2015.04.04-16.32.49:880][  0]LogUObjectAllocator: 5137176 out of 0 bytes used by permanent object pool.
[2015.04.04-16.32.49:945][  0]LogEngine: Initializing Engine...
[2015.04.04-16.32.52:117][  0]LogInit: XAudio2 using 'Lautsprecher (Logitech USB Headset)' : 2 channels at 44.1 kHz using 16 bits per sample (channel mask 0x3)
[2015.04.04-16.32.52:123][  0]LogInit: FAudioDevice initialized.
[2015.04.04-16.32.52:153][  0]LogAIModule: Creating AISystem for world NewWorld
[2015.04.04-16.32.52:171][  0]LogDerivedDataCache: Saved boot cache 0.02s 39MB C:/Users/admin/AppData/Local/UnrealEngine/4.7/DerivedDataCache/Boot.ddc.
[2015.04.04-16.32.52:177][  0]LogInit: Texture streaming: Enabled
[2015.04.04-16.32.52:247][  0]LogAnalytics: Creating configured Analytics provider AnalyticsET
[2015.04.04-16.32.52:247][  0]LogAnalytics: ET APIKey = Rocket.Release. APIServer = http://et2.epicgames.com/ET2/. AppVersion = 4.7.4-2497108+++depot+UE4-Releases+4.7
[2015.04.04-16.32.52:248][  0]LogAnalytics: ET APIKey = Rocket.Release. DataRouterUploadURL = https://datarouter-public-service-gamedev.ol.epicgames.net/datarouter/api/v1/public/data. AppVersion = 4.7.4-2497108+++depot+UE4-Releases+4.7
[2015.04.04-16.32.52:248][  0]LogAnalytics: SetUserId dde3deed4523c0a2a770c48b31092dad|9afb1e8fda0a480cb286d8fd65efbaea|7aadb3ab-5297-4333-a6d6-a0753f16fa7d
[2015.04.04-16.32.52:248][  0]LogAnalytics: AnalyticsET::StartSession [Rocket.Release]
[2015.04.04-16.32.52:268][  0]LogInit: Transaction tracking system initialized
[2015.04.04-16.32.52:402][  0]BlueprintLog: New page: Editor Load
[2015.04.04-16.32.52:431][  0]LogAssetRegistry: FAssetRegistry took 0.0110 seconds to start up
[2015.04.04-16.32.52:431][  0]LogDirectoryWatcher:Warning: Failed to begin reading directory changes for ../../../Engine/Plugins/Experimental/CharacterAI/Content/. Error: 0
[2015.04.04-16.32.52:868][  0]LogTargetPlatformManager:Display: Building Assets For Windows
[2015.04.04-16.32.53:159][  0]LogTargetPlatformManager:Display: Building Assets For Windows
[2015.04.04-16.32.53:360][  0]LogSlate:Warning: Failed to load font data from '../../../Engine/Content/Editor/Slate/Fonts/Roboto-Regular.ttf'
[2015.04.04-16.32.53:360][  0]LogSlate:Warning: Failed to load font data from '../../../Engine/Content/Editor/Slate/Fonts/Roboto-Bold.ttf'
[2015.04.04-16.32.53:363][  0]LogConsoleResponse:Display: 
[2015.04.04-16.32.53:469][  0]LogCook:Display: Done creating registry. It took  0.00s.
[2015.04.04-16.32.53:577][  0]SourceControl: Info Source control is disabled
[2015.04.04-16.32.53:577][  0]Cmd: MAP LOAD FILE="../../../../../../Users/admin/Documents/GitHub/StarProject/Content/FirstPersonBP/Maps/FirstPersonExampleMap.umap" TEMPLATE=0 SHOWPROGRESS=1 FEATURELEVEL=3
[2015.04.04-16.32.53:577][  0]LightingResults: New page: Lighting Build
[2015.04.04-16.32.53:586][  0]MapCheck: New page: Map Check
[2015.04.04-16.32.53:586][  0]LightingResults: New page: Lighting Build
[2015.04.04-16.32.53:592][  0]LogParticles: Destroying 0 GPU particle simulations for FXSystem 0x000000C808690C20
[2015.04.04-16.32.53:817][  0]LogEditorServer: Finished looking for orphan Actors (0.000 secs)
[2015.04.04-16.32.53:817][  0]LogAIModule: Creating AISystem for world FirstPersonExampleMap
[2015.04.04-16.32.53:818][  0]Cmd: MAP CHECKDEP
[2015.04.04-16.32.53:818][  0]MapCheck: New page: FirstPersonExampleMap - Apr 4, 2015, 8:32:53 PM
[2015.04.04-16.32.53:909][  0]MapCheck: Info Map check complete: 0 Error(s), 0 Warning(s), took 91.088ms to complete.
[2015.04.04-16.32.53:909][  0]LogFileHelpers: Loading map 'FirstPersonExampleMap' took 0.333
[2015.04.04-16.32.54:197][  0]LogCollectionManager: Loaded 0 collections in 0.001538 seconds
[2015.04.04-16.32.54:204][  0]LogContentBrowser: Native class hierarchy populated in 0.0075 seconds. Added 1696 classes and 261 folders.
[2015.04.04-16.32.54:240][  0]LogContentBrowser: Native class hierarchy updated for 'SceneOutliner' in 0.0016 seconds. Added 1 classes and 2 folders.
[2015.04.04-16.32.54:286][  0]LogCrashTracker: Crashtracker disabled due to settings.
[2015.04.04-16.32.54:287][  0]LogSlate:Warning: Failed to load font data from 'Veranda'
[2015.04.04-16.32.54:295][  0]LogUObjectGlobals:Warning: Failed to find object 'Class None.'
[2015.04.04-16.32.54:320][  0]LogLoad: Full Startup: 10.31 seconds (BP compile: 0.02 seconds)
[2015.04.04-16.32.54:727][  0]LogContentBrowser:Verbose: The content browser source was changed by the sources view to '/Game/FirstPersonBP/Blueprints'
[2015.04.04-16.32.54:827][  0]LogRenderer:Warning: Reallocating scene render targets to support 32x32 (Frame:2).
[2015.04.04-16.32.54:971][  0]LogRenderer:Warning: Reallocating scene render targets to support 944x576 (Frame:7).
[2015.04.04-16.32.56:413][  5]LogAssetRegistry: Asset discovery search completed in 3.9937 seconds
[2015.04.04-16.36.05:033][839]LogContentBrowser:Verbose: The content browser source was changed by the sources view to '/Game/FXStarStarterKit/Particles'
[2015.04.04-16.36.07:931][163]LogContentBrowser: Native class hierarchy updated for 'Cascade' in 0.0026 seconds. Added 2 classes and 2 folders.
[2015.04.04-16.36.07:961][163]LogPhysics:Warning: PHYSX: ..\..\PhysXExtensions\src\ExtRigidBodyExt.cpp (234) 4 : computeMassAndInertia: Dynamic actor with illegal collision shapes
[2015.04.04-16.36.07:961][163]LogPhysics:Warning: PHYSX: ..\..\PhysXExtensions\src\ExtRigidBodyExt.cpp (283) 4 : PxRigidBodyExt::updateMassAndInertia: Mass and inertia computation failed, setting mass to 1 and inertia to (1,1,1)
[2015.04.04-16.36.19:558][514]LogCascade: Quitting Cascade. FXSystem=0x000000C818C4F2E0
[2015.04.04-16.36.21:426][719]LogContentBrowser:Verbose: The content browser source was changed by the sources view to '/Game/FXStarStarterKit/MICs'
[2015.04.04-16.36.24:992][ 89]LogActorComponent: UnregisterComponent: (/Engine/Transient.SkeletalMeshComponent_0) Not registered. Aborting.
[2015.04.04-16.36.25:018][ 89]LogActorComponent: UnregisterComponent: (/Engine/Transient.SkeletalMeshComponent_0) Not registered. Aborting.
[2015.04.04-16.36.25:018][ 89]LogActorComponent: RegisterComponentWithWorld: (/Engine/Transient.MaterialEditorMeshComponent_0) Already registered. Aborting.
[2015.04.04-16.36.25:080][ 89]LogRenderer:Warning: Reallocating scene render targets to support 1392x928 (Frame:3188).
[2015.04.04-16.36.42:981][190]LogContentBrowser:Verbose: The content browser source was changed by the sources view to '/Game/FXStarStarterKit/Meshes'
[2015.04.04-16.36.44:126][297]LogContentBrowser:Verbose: The content browser source was changed by the sources view to '/Game/FXStarStarterKit/Materials'
[2015.04.04-16.36.45:473][420]LogContentBrowser:Verbose: The content browser source was changed by the sources view to '/Game/FXStarStarterKit/Meshes'
[2015.04.04-16.36.46:688][514]LogRenderer:Warning: Reallocating scene render targets to support 1432x928 (Frame:5072).
[2015.04.04-16.37.18:619][250]LogContentBrowser:Verbose: The content browser source was changed by the sources view to '/Game/FXStarStarterKit/Materials'
[2015.04.04-16.37.19:566][339]LogContentBrowser:Verbose: The content browser source was changed by the sources view to '/Game/FXStarStarterKit/MaterialFunctions'
[2015.04.04-16.37.19:610][340]LogMaterial: Missing cached shader map for material Material_0, compiling. 
[2015.04.04-16.37.19:627][341]LogMaterial: Missing cached shader map for material Material_1, compiling. 
[2015.04.04-16.37.19:640][342]LogMaterial: Missing cached shader map for material Material_2, compiling. 
[2015.04.04-16.37.19:656][343]LogMaterial: Missing cached shader map for material Material_3, compiling. 
[2015.04.04-16.37.19:662][343]LogMaterial: Missing cached shader map for material Material_4, compiling. 
[2015.04.04-16.37.20:657][446]LogContentBrowser:Verbose: The content browser source was changed by the sources view to '/Game/FXStarStarterKit/Materials'
[2015.04.04-16.37.22:424][608]LogContentBrowser:Verbose: The content browser source was changed by the sources view to '/Game/FXStarStarterKit/Meshes'
[2015.04.04-16.37.22:899][660]LogContentBrowser:Verbose: The content browser source was changed by the sources view to '/Game/FXStarStarterKit/MICs'
[2015.04.04-16.37.25:705][964]LogActorComponent: UnregisterComponent: (/Engine/Transient.SkeletalMeshComponent_1) Not registered. Aborting.
[2015.04.04-16.37.25:731][964]LogActorComponent: UnregisterComponent: (/Engine/Transient.SkeletalMeshComponent_1) Not registered. Aborting.
[2015.04.04-16.37.25:732][964]LogActorComponent: RegisterComponentWithWorld: (/Engine/Transient.MaterialEditorMeshComponent_1) Already registered. Aborting.
[2015.04.04-16.37.43:168][ 30]Cmd: TRANSACTION UNDO
[2015.04.04-16.37.43:168][ 30]LogEditorTransaction: Undo Edit KL_AtmoCool
[2015.04.04-16.37.43:736][ 56]Cmd: TRANSACTION UNDO
[2015.04.04-16.37.43:736][ 56]LogEditorTransaction: Undo Edit KL_AtmoCool
[2015.04.04-16.37.44:304][122]Cmd: TRANSACTION UNDO
[2015.04.04-16.37.44:304][122]LogEditorTransaction: Undo Edit KL_AtmoCool
[2015.04.04-16.37.44:704][168]Cmd: TRANSACTION UNDO
[2015.04.04-16.37.44:704][168]LogEditorTransaction: Undo Edit KL_AtmoCool
[2015.04.04-16.37.45:104][214]Cmd: TRANSACTION UNDO
[2015.04.04-16.37.45:104][214]LogEditorTransaction: Undo Edit KL_AtmoCool
[2015.04.04-16.37.45:470][256]Cmd: TRANSACTION UNDO
[2015.04.04-16.37.45:470][256]LogEditorTransaction: Undo Edit KL_AtmoCool
[2015.04.04-16.37.45:837][298]Cmd: TRANSACTION UNDO
[2015.04.04-16.37.45:837][298]LogEditorTransaction: Undo Edit KL_AtmoCool
[2015.04.04-16.37.46:211][341]Cmd: TRANSACTION UNDO
[2015.04.04-16.37.46:211][341]LogEditorTransaction: Undo Edit KL_AtmoCool
[2015.04.04-16.37.46:570][382]Cmd: TRANSACTION UNDO
[2015.04.04-16.37.46:570][382]LogEditorTransaction: Undo Edit KL_AtmoCool
[2015.04.04-16.37.46:911][421]Cmd: TRANSACTION UNDO
[2015.04.04-16.37.46:911][421]LogEditorTransaction: Undo Edit KL_AtmoCool
[2015.04.04-16.37.47:253][460]Cmd: TRANSACTION UNDO
[2015.04.04-16.37.47:253][460]LogEditorTransaction: Undo Edit KL_AtmoCool
[2015.04.04-16.37.47:552][494]Cmd: TRANSACTION UNDO
[2015.04.04-16.37.47:552][494]LogEditorTransaction: Undo Edit KL_AtmoCool
[2015.04.04-16.37.56:505][526]LogActorComponent: UnregisterComponent: (/Engine/Transient.SkeletalMeshComponent_2) Not registered. Aborting.
[2015.04.04-16.37.56:530][526]LogActorComponent: UnregisterComponent: (/Engine/Transient.SkeletalMeshComponent_2) Not registered. Aborting.
[2015.04.04-16.37.56:530][526]LogActorComponent: RegisterComponentWithWorld: (/Engine/Transient.MaterialEditorMeshComponent_2) Already registered. Aborting.
[2015.04.04-16.38.09:016][982]Cmd: TRANSACTION UNDO
[2015.04.04-16.38.09:016][982]LogEditorTransaction: Undo Create Actors
[2015.04.04-16.38.10:645][122]LogContentBrowser:Verbose: The content browser source was changed by the sources view to '/Game/FXStarStarterKit/Meshes'
[2015.04.04-16.38.29:354][248]LogActorComponent: UnregisterComponent: (/Engine/Transient.SkeletalMeshComponent_3) Not registered. Aborting.
[2015.04.04-16.38.29:380][248]LogActorComponent: UnregisterComponent: (/Engine/Transient.SkeletalMeshComponent_3) Not registered. Aborting.
[2015.04.04-16.38.29:380][248]LogActorComponent: RegisterComponentWithWorld: (/Engine/Transient.MaterialEditorMeshComponent_3) Already registered. Aborting.
[2015.04.04-16.38.58:829][718]LogSavePackage: Save=111.934265ms
[2015.04.04-16.38.58:830][718]LogSavePackage: Moving '../../../../../../Users/admin/Documents/GitHub/StarProject/Saved/MIC_StarSurfaceCM011AD0A3A842DFBE1B55A676ACEB941200.tmp' to '../../../../../../Users/admin/Documents/GitHub/StarProject/Content/FXStarStarterKit/MICs/MIC_StarSurfaceCM01.uasset'
[2015.04.04-16.39.08:804][872]LogActorComponent: UnregisterComponent: (/Engine/Transient.SkeletalMeshComponent_4) Not registered. Aborting.
[2015.04.04-16.39.08:831][872]LogActorComponent: UnregisterComponent: (/Engine/Transient.SkeletalMeshComponent_4) Not registered. Aborting.
[2015.04.04-16.39.08:831][872]LogActorComponent: RegisterComponentWithWorld: (/Engine/Transient.MaterialEditorMeshComponent_4) Already registered. Aborting.
[2015.04.04-16.39.30:904][455]LogActorComponent: UnregisterComponent: (/Engine/Transient.SkeletalMeshComponent_5) Not registered. Aborting.
[2015.04.04-16.39.30:929][455]LogActorComponent: UnregisterComponent: (/Engine/Transient.SkeletalMeshComponent_5) Not registered. Aborting.
[2015.04.04-16.39.30:929][455]LogActorComponent: RegisterComponentWithWorld: (/Engine/Transient.MaterialEditorMeshComponent_5) Already registered. Aborting.
[2015.04.04-16.39.44:574][ 81]LogMaterial: Missing cached shader map for material MAT_SolarStorm, compiling. 
[2015.04.04-16.39.44:602][ 81]LogActorComponent: UnregisterComponent: (/Engine/Transient.SkeletalMeshComponent_6) Not registered. Aborting.
[2015.04.04-16.39.44:664][ 81]LogActorComponent: UnregisterComponent: (/Engine/Transient.SkeletalMeshComponent_6) Not registered. Aborting.
[2015.04.04-16.39.44:664][ 81]LogActorComponent: RegisterComponentWithWorld: (/Engine/Transient.MaterialEditorMeshComponent_6) Already registered. Aborting.
[2015.04.04-16.39.44:664][ 81]LogActorComponent: UnregisterComponent: (/Engine/Transient.SkeletalMeshComponent_6) Not registered. Aborting.
[2015.04.04-16.39.44:664][ 81]LogActorComponent: RegisterComponentWithWorld: (/Engine/Transient.MaterialEditorMeshComponent_6) Already registered. Aborting.
[2015.04.04-16.39.44:685][ 81]LogMaterial: Missing cached shader map for material MAT_SolarStorm, compiling. 
[2015.04.04-16.39.44:688][ 81]LogMaterial: 0.000046 seconds spent updating 1 materials, 1 interfaces, 0 instances, 0 with static permutations.
[2015.04.04-16.39.44:714][ 81]LogMaterial: Missing cached shader map for material FMatExpressionPreview MaterialExpressionVectorParameter_5, compiling. 
[2015.04.04-16.39.44:717][ 81]LogMaterial: Missing cached shader map for material FMatExpressionPreview MaterialExpressionVectorParameter_6, compiling. 
[2015.04.04-16.39.44:720][ 81]LogMaterial: Missing cached shader map for material FMatExpressionPreview MaterialExpressionTextureSampleParameter2D_0, compiling. 
[2015.04.04-16.39.44:722][ 81]LogMaterial: Missing cached shader map for material FMatExpressionPreview MaterialExpressionTextureSampleParameter2D_1, compiling. 
[2015.04.04-16.39.44:725][ 81]LogMaterial: Missing cached shader map for material FMatExpressionPreview MaterialExpressionTextureSampleParameter2D_2, compiling. 
[2015.04.04-16.39.44:728][ 81]LogMaterial: Missing cached shader map for material FMatExpressionPreview MaterialExpressionTextureSampleParameter2D_6, compiling. 
[2015.04.04-16.39.44:730][ 81]LogMaterial: Missing cached shader map for material FMatExpressionPreview MaterialExpressionTextureSampleParameter2D_4, compiling. 
[2015.04.04-16.39.44:732][ 81]LogMaterial: Missing cached shader map for material FMatExpressionPreview MaterialExpressionTextureSampleParameter2D_7, compiling. 
[2015.04.04-16.39.46:166][179]MaterialEditorStats: Info Base pass shader without light map: 96 instructions
[2015.04.04-16.39.46:166][179]MaterialEditorStats: Info Vertex shader: 70 instructions
[2015.04.04-16.39.46:166][179]MaterialEditorStats: Info Texture samplers: 3/16
[2015.04.04-16.40.46:425][310]LogContentBrowser:Verbose: The content browser source was changed by the sources view to '/Game/FXStarStarterKit/MaterialFunctions'
[2015.04.04-16.40.47:502][421]LogContentBrowser:Verbose: The content browser source was changed by the sources view to '/Game/FXStarStarterKit/Materials'
[2015.04.04-16.40.51:055][739]LogMaterial: Missing cached shader map for material PreviewMaterial_0, compiling. 
[2015.04.04-16.40.51:087][739]LogActorComponent: UnregisterComponent: (/Engine/Transient.SkeletalMeshComponent_7) Not registered. Aborting.
[2015.04.04-16.40.51:150][739]LogActorComponent: UnregisterComponent: (/Engine/Transient.SkeletalMeshComponent_7) Not registered. Aborting.
[2015.04.04-16.40.51:150][739]LogActorComponent: RegisterComponentWithWorld: (/Engine/Transient.MaterialEditorMeshComponent_7) Already registered. Aborting.
[2015.04.04-16.40.51:150][739]LogActorComponent: UnregisterComponent: (/Engine/Transient.SkeletalMeshComponent_7) Not registered. Aborting.
[2015.04.04-16.40.51:150][739]LogActorComponent: RegisterComponentWithWorld: (/Engine/Transient.MaterialEditorMeshComponent_7) Already registered. Aborting.
[2015.04.04-16.40.51:171][739]LogMaterial: Missing cached shader map for material PreviewMaterial_0, compiling. 
[2015.04.04-16.40.51:175][739]LogMaterial: 0.000048 seconds spent updating 1 materials, 1 interfaces, 0 instances, 0 with static permutations.
[2015.04.04-16.40.51:203][739]LogMaterial: Missing cached shader map for material FMatExpressionPreview MaterialExpressionVectorParameter_5, compiling. 
[2015.04.04-16.40.51:205][739]LogMaterial: Missing cached shader map for material FMatExpressionPreview MaterialExpressionVectorParameter_6, compiling. 
[2015.04.04-16.40.51:208][739]LogMaterial: Missing cached shader map for material FMatExpressionPreview MaterialExpressionTextureSampleParameter2D_0, compiling. 
[2015.04.04-16.40.51:210][739]LogMaterial: Missing cached shader map for material FMatExpressionPreview MaterialExpressionTextureSampleParameter2D_1, compiling. 
[2015.04.04-16.40.51:212][739]LogMaterial: Missing cached shader map for material FMatExpressionPreview MaterialExpressionTextureSampleParameter2D_2, compiling. 
[2015.04.04-16.40.51:215][739]LogMaterial: Missing cached shader map for material FMatExpressionPreview MaterialExpressionTextureSampleParameter2D_6, compiling. 
[2015.04.04-16.40.51:217][739]LogMaterial: Missing cached shader map for material FMatExpressionPreview MaterialExpressionTextureSampleParameter2D_4, compiling. 
[2015.04.04-16.40.51:219][739]LogMaterial: Missing cached shader map for material FMatExpressionPreview MaterialExpressionTextureSampleParameter2D_7, compiling. 
[2015.04.04-16.40.52:764][814]MaterialEditorStats: Info Base pass shader without light map: 96 instructions
[2015.04.04-16.40.52:764][814]MaterialEditorStats: Info Vertex shader: 70 instructions
[2015.04.04-16.40.52:764][814]MaterialEditorStats: Info Texture samplers: 3/16
[2015.04.04-16.41.11:758][347]LogMaterial: Missing cached shader map for material FMatExpressionPreview MaterialExpressionVectorParameter_6, compiling. 
[2015.04.04-16.41.15:385][651]LogMaterialEditor: Applying material MAT_SolarStorm
[2015.04.04-16.41.16:474][651]LogMaterial: Missing cached shader map for material PreviewMaterial_0, compiling. 
[2015.04.04-16.41.16:484][651]LogMaterial: 0.000096 seconds spent updating 1 materials, 1 interfaces, 0 instances, 0 with static permutations.
[2015.04.04-16.41.16:558][651]LogMaterial: Missing cached shader map for material MAT_SolarStorm, compiling. 
[2015.04.04-16.41.16:570][651]LogMaterial: Missing cached shader map for material MAT_SolarStorm, compiling. 
[2015.04.04-16.41.16:577][651]LogMaterial: 0.001028 seconds spent updating 1 materials, 1 interfaces, 2 instances, 0 with static permutations.
[2015.04.04-16.41.18:540][785]MaterialEditorStats: Info Base pass shader without light map: 121 instructions
[2015.04.04-16.41.18:540][785]MaterialEditorStats: Info Vertex shader: 70 instructions
[2015.04.04-16.41.18:540][785]MaterialEditorStats: Info Texture samplers: 3/16
[2015.04.04-16.41.20:961][970]LogMaterial: Missing cached shader map for material FMatExpressionPreview MaterialExpressionVectorParameter_6, compiling. 
[2015.04.04-16.41.21:091][976]LogMaterial: Missing cached shader map for material FMatExpressionPreview MaterialExpressionVectorParameter_6, compiling. 
[2015.04.04-16.41.22:406][ 77]LogMaterialEditor: Applying material MAT_SolarStorm
[2015.04.04-16.41.23:495][ 77]LogMaterial: Missing cached shader map for material PreviewMaterial_0, compiling. 
[2015.04.04-16.41.23:504][ 77]LogMaterial: 0.000074 seconds spent updating 1 materials, 1 interfaces, 0 instances, 0 with static permutations.
[2015.04.04-16.41.23:590][ 77]LogMaterial: Missing cached shader map for material MAT_SolarStorm, compiling. 
[2015.04.04-16.41.23:597][ 77]LogMaterial: Missing cached shader map for material MAT_SolarStorm, compiling. 
[2015.04.04-16.41.23:605][ 77]LogMaterial: 0.001091 seconds spent updating 1 materials, 1 interfaces, 2 instances, 0 with static permutations.
[2015.04.04-16.41.25:447][195]MaterialEditorStats: Info Base pass shader without light map: 121 instructions
[2015.04.04-16.41.25:447][195]MaterialEditorStats: Info Vertex shader: 70 instructions
[2015.04.04-16.41.25:447][195]MaterialEditorStats: Info Texture samplers: 3/16
[2015.04.04-16.41.28:946][476]LogEditorTransaction: Undo Edit Default Value
[2015.04.04-16.41.28:987][476]LogMaterial: Missing cached shader map for material FMatExpressionPreview MaterialExpressionVectorParameter_6, compiling. 
[2015.04.04-16.41.30:119][531]LogEditorTransaction: Undo Edit Default Value
[2015.04.04-16.41.30:153][531]LogMaterial: Missing cached shader map for material FMatExpressionPreview MaterialExpressionVectorParameter_6, compiling. 
[2015.04.04-16.41.31:222][604]LogEditorTransaction: Undo Edit Default Value
[2015.04.04-16.41.31:911][649]LogEditorTransaction: Undo Edit Default Value
[2015.04.04-16.41.31:946][649]LogMaterial: Missing cached shader map for material FMatExpressionPreview MaterialExpressionVectorParameter_6, compiling. 
[2015.04.04-16.41.45:217][627]LogMaterial: Missing cached shader map for material PreviewMaterial_0, compiling. 
[2015.04.04-16.41.46:663][709]LogMaterial: Missing cached shader map for material PreviewMaterial_0, compiling. 
[2015.04.04-16.41.48:096][795]LogMaterial: Missing cached shader map for material PreviewMaterial_0, compiling. 
[2015.04.04-16.41.52:666][113]LogEditorTransaction: Undo Edit Translucent Multiple Scattering Extinction
[2015.04.04-16.41.53:510][147]LogEditorTransaction: Undo Edit Translucent Multiple Scattering Extinction
[2015.04.04-16.41.53:512][147]LogMaterial: Missing cached shader map for material PreviewMaterial_0, compiling. 
[2015.04.04-16.41.58:899][476]LogContentBrowser:Verbose: The content browser source was changed by the sources view to '/Game/FXStarStarterKit/Maps'
[2015.04.04-16.42.01:671][784]MapCheck: Info StarHR_4 StaticMeshComponent0 : Repaired painted vertex colors 
[2015.04.04-16.42.01:676][784]LogParticles:Warning: InitializeSystem called on an unregistered component. Template=/Game/FXStarStarterKit/Particles/Par_SolarFlareL01.Par_SolarFlareL01 Component=/Game/FXStarStarterKit/Maps/Star_3000Kelvin.Star_3000Kelvin:PersistentLevel.Par_SolarFlareL01_5.ParticleSystemComponent0
[2015.04.04-16.42.01:676][784]LogParticles:Warning: InitializeSystem called on an unregistered component. Template=/Game/FXStarStarterKit/Particles/Par_SolarFlareL01.Par_SolarFlareL01 Component=/Game/FXStarStarterKit/Maps/Star_3000Kelvin.Star_3000Kelvin:PersistentLevel.Par_SolarFlareL2_8.ParticleSystemComponent0
[2015.04.04-16.42.01:677][784]LogParticles:Warning: InitializeSystem called on an unregistered component. Template=/Game/FXStarStarterKit/Particles/Par_SolarFlareL01.Par_SolarFlareL01 Component=/Game/FXStarStarterKit/Maps/Star_3000Kelvin.Star_3000Kelvin:PersistentLevel.Par_SolarFlareL3_11.ParticleSystemComponent0
[2015.04.04-16.42.01:677][784]LogParticles:Warning: InitializeSystem called on an unregistered component. Template=/Game/FXStarStarterKit/Particles/Par_SolarFlareL01.Par_SolarFlareL01 Component=/Game/FXStarStarterKit/Maps/Star_3000Kelvin.Star_3000Kelvin:PersistentLevel.Par_SolarFlareL4_14.ParticleSystemComponent0
[2015.04.04-16.42.01:678][784]LogParticles:Warning: InitializeSystem called on an unregistered component. Template=/Game/FXStarStarterKit/Particles/Par_SolarFlareL01.Par_SolarFlareL01 Component=/Game/FXStarStarterKit/Maps/Star_3000Kelvin.Star_3000Kelvin:PersistentLevel.Par_SolarFlareL5_21.ParticleSystemComponent0
[2015.04.04-16.42.01:678][784]LogParticles:Warning: InitializeSystem called on an unregistered component. Template=/Game/FXStarStarterKit/Particles/Par_SolarFlareL01.Par_SolarFlareL01 Component=/Game/FXStarStarterKit/Maps/Star_3000Kelvin.Star_3000Kelvin:PersistentLevel.Par_SolarFlareL6_24.ParticleSystemComponent0
[2015.04.04-16.42.01:679][784]LogParticles:Warning: InitializeSystem called on an unregistered component. Template=/Game/FXStarStarterKit/Particles/Par_SolarFlareL01.Par_SolarFlareL01 Component=/Game/FXStarStarterKit/Maps/Star_3000Kelvin.Star_3000Kelvin:PersistentLevel.Par_SolarFlareL7_27.ParticleSystemComponent0
[2015.04.04-16.42.01:679][784]LogParticles:Warning: InitializeSystem called on an unregistered component. Template=/Game/FXStarStarterKit/Particles/Par_SolarFlareL01.Par_SolarFlareL01 Component=/Game/FXStarStarterKit/Maps/Star_3000Kelvin.Star_3000Kelvin:PersistentLevel.Par_SolarFlareL8_30.ParticleSystemComponent0
[2015.04.04-16.42.01:680][784]LogParticles:Warning: InitializeSystem called on an unregistered component. Template=/Game/FXStarStarterKit/Particles/Par_SolarFlareL01.Par_SolarFlareL01 Component=/Game/FXStarStarterKit/Maps/Star_3000Kelvin.Star_3000Kelvin:PersistentLevel.Par_SolarFlareL9_33.ParticleSystemComponent0
[2015.04.04-16.42.01:680][784]LogParticles:Warning: InitializeSystem called on an unregistered component. Template=/Game/FXStarStarterKit/Particles/Par_SolarFlareL01.Par_SolarFlareL01 Component=/Game/FXStarStarterKit/Maps/Star_3000Kelvin.Star_3000Kelvin:PersistentLevel.Par_SolarFlareL10_36.ParticleSystemComponent0
[2015.04.04-16.42.01:681][784]LogParticles:Warning: InitializeSystem called on an unregistered component. Template=/Game/FXStarStarterKit/Particles/Par_SolarFlareL01.Par_SolarFlareL01 Component=/Game/FXStarStarterKit/Maps/Star_3000Kelvin.Star_3000Kelvin:PersistentLevel.Par_SolarFlareL11_42.ParticleSystemComponent0
[2015.04.04-16.42.01:681][784]LogParticles:Warning: InitializeSystem called on an unregistered component. Template=/Game/FXStarStarterKit/Particles/Par_SolarFlareL01.Par_SolarFlareL01 Component=/Game/FXStarStarterKit/Maps/Star_3000Kelvin.Star_3000Kelvin:PersistentLevel.Par_SolarFlareL12_45.ParticleSystemComponent0
[2015.04.04-16.42.01:682][784]LogParticles:Warning: InitializeSystem called on an unregistered component. Template=/Game/FXStarStarterKit/Particles/Par_SolarFlareL01.Par_SolarFlareL01 Component=/Game/FXStarStarterKit/Maps/Star_3000Kelvin.Star_3000Kelvin:PersistentLevel.Par_SolarFlareL13_48.ParticleSystemComponent0
[2015.04.04-16.42.01:695][784]LogParticles: Destroying 0 GPU particle simulations for FXSystem 0x000000C818C4F2E0
[2015.04.04-16.42.01:696][784]LogParticles: Destroying 0 GPU particle simulations for FXSystem 0x000000C81917B880
[2015.04.04-16.42.01:696][784]LogParticles: Destroying 0 GPU particle simulations for FXSystem 0x000000C807CDC5E0
[2015.04.04-16.42.01:696][784]LogParticles: Destroying 0 GPU particle simulations for FXSystem 0x000000C805627D80
[2015.04.04-16.42.01:696][784]LogParticles: Destroying 0 GPU particle simulations for FXSystem 0x000000C813A02AC0
[2015.04.04-16.42.01:696][784]LogParticles: Destroying 0 GPU particle simulations for FXSystem 0x000000C802618180
[2015.04.04-16.42.01:696][784]LogParticles: Destroying 0 GPU particle simulations for FXSystem 0x000000C813A02200
[2015.04.04-16.42.01:696][784]LogParticles: Destroying 0 GPU particle simulations for FXSystem 0x000000C8173384A0
[2015.04.04-16.42.01:696][784]LogParticles: Destroying 0 GPU particle simulations for FXSystem 0x000000C807DE9A80
[2015.04.04-16.42.01:696][784]LogParticles: Destroying 0 GPU particle simulations for FXSystem 0x000000C817E5FB00
[2015.04.04-16.42.01:696][784]LogParticles: Destroying 0 GPU particle simulations for FXSystem 0x000000C817F249A0
[2015.04.04-16.42.01:696][784]LogParticles: Destroying 0 GPU particle simulations for FXSystem 0x000000C81532DE40
[2015.04.04-16.42.03:635][784]Cmd: MAP LOAD FILE="../../../../../../Users/admin/Documents/GitHub/StarProject/Content/FXStarStarterKit/Maps/Star_3000Kelvin.umap" TEMPLATE=0 SHOWPROGRESS=1 FEATURELEVEL=3
[2015.04.04-16.42.03:636][784]LightingResults: New page: Lighting Build
[2015.04.04-16.42.03:660][784]LoadErrors: New page: Loading map: Star_3000Kelvin.umap
[2015.04.04-16.42.03:660][784]MapCheck: New page: Map Check
[2015.04.04-16.42.03:660][784]LightingResults: New page: Lighting Build
[2015.04.04-16.42.03:671][784]LogParticles: Destroying 0 GPU particle simulations for FXSystem 0x000000C8038C7B00
[2015.04.04-16.42.03:677][784]LogEditorServer: Finished looking for orphan Actors (0.000 secs)
[2015.04.04-16.42.03:678][784]LogAIModule: Creating AISystem for world Star_3000Kelvin
[2015.04.04-16.42.03:704][784]Cmd: MAP CHECKDEP
[2015.04.04-16.42.03:704][784]MapCheck: New page: Star_3000Kelvin - Apr 4, 2015, 8:42:03 PM
[2015.04.04-16.42.03:797][784]MapCheck: Info Map check complete: 0 Error(s), 0 Warning(s), took 93.212ms to complete.
[2015.04.04-16.42.03:797][784]LogFileHelpers: Loading map 'Star_3000Kelvin' took 0.164
[2015.04.04-16.42.29:921][873]LogEditorViewport: Clicking on Actor (LMB): StaticMeshActor (StarCoronaPlate_2)
[2015.04.04-16.42.30:824][978]LogEditorViewport: Clicking on Actor (LMB): StaticMeshActor (StarCoronaPlate_6)
[2015.04.04-16.42.32:969][223]LogEditorViewport: Clicking on Actor (LMB): StaticMeshActor (StarCoronaPlate_3)
[2015.04.04-16.42.38:830][887]MapCheck: Info StarHR_4 StaticMeshComponent0 : Repaired painted vertex colors 
[2015.04.04-16.42.38:833][887]LogParticles:Warning: InitializeSystem called on an unregistered component. Template=/Game/FXStarStarterKit/Particles/Par_SolarFlareL02.Par_SolarFlareL02 Component=/Game/FXStarStarterKit/Maps/Star_28000Kelvin.Star_28000Kelvin:PersistentLevel.Par_SolarFlareL01.ParticleSystemComponent0
[2015.04.04-16.42.38:833][887]LogParticles:Warning: InitializeSystem called on an unregistered component. Template=/Game/FXStarStarterKit/Particles/Par_SolarFlareL02.Par_SolarFlareL02 Component=/Game/FXStarStarterKit/Maps/Star_28000Kelvin.Star_28000Kelvin:PersistentLevel.Par_SolarFlareL2.ParticleSystemComponent0
[2015.04.04-16.42.38:834][887]LogParticles:Warning: InitializeSystem called on an unregistered component. Template=/Game/FXStarStarterKit/Particles/Par_SolarFlareL02.Par_SolarFlareL02 Component=/Game/FXStarStarterKit/Maps/Star_28000Kelvin.Star_28000Kelvin:PersistentLevel.Par_SolarFlareL3.ParticleSystemComponent0
[2015.04.04-16.42.38:834][887]LogParticles:Warning: InitializeSystem called on an unregistered component. Template=/Game/FXStarStarterKit/Particles/Par_SolarFlareL02.Par_SolarFlareL02 Component=/Game/FXStarStarterKit/Maps/Star_28000Kelvin.Star_28000Kelvin:PersistentLevel.Par_SolarFlareL4.ParticleSystemComponent0
[2015.04.04-16.42.38:835][887]LogParticles:Warning: InitializeSystem called on an unregistered component. Template=/Game/FXStarStarterKit/Particles/Par_SolarFlareL02.Par_SolarFlareL02 Component=/Game/FXStarStarterKit/Maps/Star_28000Kelvin.Star_28000Kelvin:PersistentLevel.Par_SolarFlareL5.ParticleSystemComponent0
[2015.04.04-16.42.38:835][887]LogParticles:Warning: InitializeSystem called on an unregistered component. Template=/Game/FXStarStarterKit/Particles/Par_SolarFlareL02.Par_SolarFlareL02 Component=/Game/FXStarStarterKit/Maps/Star_28000Kelvin.Star_28000Kelvin:PersistentLevel.Par_SolarFlareL6.ParticleSystemComponent0
[2015.04.04-16.42.38:836][887]LogParticles:Warning: InitializeSystem called on an unregistered component. Template=/Game/FXStarStarterKit/Particles/Par_SolarFlareL02.Par_SolarFlareL02 Component=/Game/FXStarStarterKit/Maps/Star_28000Kelvin.Star_28000Kelvin:PersistentLevel.Par_SolarFlareL7.ParticleSystemComponent0
[2015.04.04-16.42.38:836][887]LogParticles:Warning: InitializeSystem called on an unregistered component. Template=/Game/FXStarStarterKit/Particles/Par_SolarFlareL02.Par_SolarFlareL02 Component=/Game/FXStarStarterKit/Maps/Star_28000Kelvin.Star_28000Kelvin:PersistentLevel.Par_SolarFlareL8.ParticleSystemComponent0
[2015.04.04-16.42.38:837][887]LogParticles:Warning: InitializeSystem called on an unregistered component. Template=/Game/FXStarStarterKit/Particles/Par_SolarFlareL02.Par_SolarFlareL02 Component=/Game/FXStarStarterKit/Maps/Star_28000Kelvin.Star_28000Kelvin:PersistentLevel.Par_SolarFlareL9.ParticleSystemComponent0
[2015.04.04-16.42.38:837][887]LogParticles:Warning: InitializeSystem called on an unregistered component. Template=/Game/FXStarStarterKit/Particles/Par_SolarFlareL02.Par_SolarFlareL02 Component=/Game/FXStarStarterKit/Maps/Star_28000Kelvin.Star_28000Kelvin:PersistentLevel.Par_SolarFlareL10.ParticleSystemComponent0
[2015.04.04-16.42.38:838][887]LogParticles:Warning: InitializeSystem called on an unregistered component. Template=/Game/FXStarStarterKit/Particles/Par_SolarFlareL02.Par_SolarFlareL02 Component=/Game/FXStarStarterKit/Maps/Star_28000Kelvin.Star_28000Kelvin:PersistentLevel.Par_SolarFlareL11.ParticleSystemComponent0
[2015.04.04-16.42.38:839][887]LogParticles:Warning: InitializeSystem called on an unregistered component. Template=/Game/FXStarStarterKit/Particles/Par_SolarFlareL02.Par_SolarFlareL02 Component=/Game/FXStarStarterKit/Maps/Star_28000Kelvin.Star_28000Kelvin:PersistentLevel.Par_SolarFlareL12.ParticleSystemComponent0
[2015.04.04-16.42.38:839][887]LogParticles:Warning: InitializeSystem called on an unregistered component. Template=/Game/FXStarStarterKit/Particles/Par_SolarFlareL02.Par_SolarFlareL02 Component=/Game/FXStarStarterKit/Maps/Star_28000Kelvin.Star_28000Kelvin:PersistentLevel.Par_SolarFlareL13.ParticleSystemComponent0
[2015.04.04-16.42.40:083][887]Cmd: MAP LOAD FILE="../../../../../../Users/admin/Documents/GitHub/StarProject/Content/FXStarStarterKit/Maps/Star_28000Kelvin.umap" TEMPLATE=0 SHOWPROGRESS=1 FEATURELEVEL=3
[2015.04.04-16.42.40:084][887]LightingResults: New page: Lighting Build
[2015.04.04-16.42.40:107][887]LoadErrors: New page: Loading map: Star_28000Kelvin.umap
[2015.04.04-16.42.40:109][887]MapCheck: New page: Map Check
[2015.04.04-16.42.40:109][887]LightingResults: New page: Lighting Build
[2015.04.04-16.42.40:116][887]LogParticles: Destroying 0 GPU particle simulations for FXSystem 0x000000C8191780E0
[2015.04.04-16.42.40:120][887]LogEditorServer: Finished looking for orphan Actors (0.000 secs)
[2015.04.04-16.42.40:121][887]LogAIModule: Creating AISystem for world Star_28000Kelvin
[2015.04.04-16.42.40:149][887]Cmd: MAP CHECKDEP
[2015.04.04-16.42.40:149][887]MapCheck: New page: Star_28000Kelvin - Apr 4, 2015, 8:42:40 PM
[2015.04.04-16.42.40:243][887]MapCheck: Info Map check complete: 0 Error(s), 0 Warning(s), took 93.581ms to complete.
[2015.04.04-16.42.40:243][887]LogFileHelpers: Loading map 'Star_28000Kelvin' took 0.161
[2015.04.04-16.43.06:545][984]LogEditorViewport: Clicking on Actor (LMB): StaticMeshActor (StarCoronaPlate_3)
[2015.04.04-16.43.07:147][ 46]LogEditorViewport: Clicking on Actor (LMB): StaticMeshActor (StarCoronaPlate_3)
[2015.04.04-16.43.36:814][558]LogEditorViewport: Clicking on Actor (LMB): StaticMeshActor (StarCoronaPlate_5)
[2015.04.04-16.43.41:719][124]LogContentBrowser:Verbose: The content browser source was changed by the sources view to '/Game/FirstPersonBP/Maps'
[2015.04.04-16.43.44:563][228]Cmd: MAP LOAD FILE="../../../../../../Users/admin/Documents/GitHub/StarProject/Content/FirstPersonBP/Maps/FirstPersonExampleMap.umap" TEMPLATE=0 SHOWPROGRESS=1 FEATURELEVEL=3
[2015.04.04-16.43.44:564][228]LightingResults: New page: Lighting Build
[2015.04.04-16.43.44:587][228]LoadErrors: New page: Loading map: FirstPersonExampleMap.umap
[2015.04.04-16.43.44:589][228]MapCheck: New page: Map Check
[2015.04.04-16.43.44:589][228]LightingResults: New page: Lighting Build
[2015.04.04-16.43.44:596][228]LogParticles: Destroying 0 GPU particle simulations for FXSystem 0x000000C822C27BA0
[2015.04.04-16.43.44:608][228]LogEditorServer: Finished looking for orphan Actors (0.000 secs)
[2015.04.04-16.43.44:609][228]LogAIModule: Creating AISystem for world FirstPersonExampleMap
[2015.04.04-16.43.44:635][228]Cmd: MAP CHECKDEP
[2015.04.04-16.43.44:636][228]MapCheck: New page: FirstPersonExampleMap - Apr 4, 2015, 8:43:44 PM
[2015.04.04-16.43.44:733][228]MapCheck: Info Map check complete: 0 Error(s), 0 Warning(s), took 97.002ms to complete.
[2015.04.04-16.43.44:733][228]LogFileHelpers: Loading map 'FirstPersonExampleMap' took 0.172
[2015.04.04-16.44.09:796][206]LogContentBrowser:Verbose: The content browser source was changed by the sources view to '/Game/FXStarStarterKit/Meshes'
[2015.04.04-16.44.11:869][399]LogActorFactory: Actor Factory created StarHR
[2015.04.04-16.44.12:493][472]LogActorFactory: Actor Factory created StarHR
[2015.04.04-16.44.23:534][717]LogContentBrowser:Verbose: The content browser source was changed by the sources view to '/Game/FXStarStarterKit/Particles'
[2015.04.04-16.44.29:680][430]LogEditorViewport: Clicking on Actor (LMB): BP_SB4K_ST_Tairan_C (BP_SB4K_ST_Tairan)
[2015.04.04-16.44.36:636][260]LogEditorViewport: Clicking on Actor (LMB): BP_SB4K_ST_Tairan_C (BP_SB4K_ST_Tairan)
[2015.04.04-16.44.37:177][323]LogEditorViewport: Clicking on Actor (LMB): Emitter (Par_SolarFlareL01)
[2015.04.04-16.44.45:166][246]LogEditorViewport: Clicking on Actor (LMB): BP_SB4K_ST_Tairan_C (BP_SB4K_ST_Tairan)
[2015.04.04-16.45.08:435][ 18]LogEditorViewport: Clicking on Actor (LMB): Emitter (Par_SolarFlareL01)
[2015.04.04-16.45.09:121][ 96]LogEditorViewport: Clicking on Actor (LMB): StaticMeshActor (StarHR)
[2015.04.04-16.45.10:294][228]LogEditorViewport: Clicking on Actor (LMB): StaticMeshActor (StarHR)
[2015.04.04-16.45.26:725][ 86]LogEditorViewport: Clicking on Actor (LMB): StaticMeshActor (StarHR)
[2015.04.04-16.45.44:843][155]LogEditorViewport: Clicking on Actor (LMB): BP_SB4K_ST_Tairan_C (BP_SB4K_ST_Tairan)
[2015.04.04-16.46.07:010][773]LogPlayLevel: PIE:  No blueprints needed recompiling
[2015.04.04-16.46.07:010][773]PIE: New page: PIE session: FirstPersonExampleMap (Apr 4, 2015, 8:46:07 PM)
[2015.04.04-16.46.07:013][773]LogPlayLevel: PIE: StaticDuplicateObject took: (0.003329s)
[2015.04.04-16.46.07:014][773]LogPlayLevel: PIE: World Init took: (0.000632s)
[2015.04.04-16.46.07:014][773]LogPlayLevel: PIE: Created PIE world by copying editor world from /Game/FirstPersonBP/Maps/FirstPersonExampleMap.FirstPersonExampleMap to /Game/FirstPersonBP/Maps/UEDPIE_0_FirstPersonExampleMap.FirstPersonExampleMap (0.004274s)
[2015.04.04-16.46.07:099][773]LogLinker:Warning: Asset '../../../Engine/Content/EngineMeshes/Humanoid.uasset' has been saved with empty engine version. The asset will be loaded but may be incompatible.
[2015.04.04-16.46.07:717][773]LogWorld: Game class is 'FirstPersonGameMode_C'
[2015.04.04-16.46.07:719][773]LogAIModule: Creating AISystem for world FirstPersonExampleMap
[2015.04.04-16.46.07:723][773]LogWorld: Bringing World /Game/FirstPersonBP/Maps/UEDPIE_0_FirstPersonExampleMap.FirstPersonExampleMap up for play (max tick rate 0) at 2015.04.04-18.46.07
[2015.04.04-16.46.07:725][773]LogWorld: Bringing up level for play took: 0.005107
[2015.04.04-16.46.07:742][773]PIE: Info Play in editor start time for /Game/FirstPersonBP/Maps/UEDPIE_0_FirstPersonExampleMap 1.425
[2015.04.04-16.46.21:213][367]LogParticles: Destroying 0 GPU particle simulations for FXSystem 0x000000C807EED080
[2015.04.04-16.46.42:621][811]LogEditorViewport: Clicking on Actor (context menu): StaticMeshActor (StarHR)
[2015.04.04-16.46.43:874][943]LogEditorActor: Deleted Actor: StaticMeshActor
[2015.04.04-16.46.43:884][943]LogEditorActor: Deleted 1 Actors (0.011 secs)
[2015.04.04-16.46.44:940][ 67]LogEditorActor: Deleted Actor: Emitter
[2015.04.04-16.46.44:951][ 67]LogEditorActor: Deleted 1 Actors (0.012 secs)
[2015.04.04-16.46.45:666][150]LogEditorActor: Deleted Actor: Emitter
[2015.04.04-16.46.45:675][150]LogEditorActor: Deleted 1 Actors (0.009 secs)
[2015.04.04-16.46.46:876][292]LogEditorActor: Deleted Actor: Emitter
[2015.04.04-16.46.46:886][292]LogEditorActor: Deleted 1 Actors (0.011 secs)
[2015.04.04-16.46.48:156][442]LogEditorActor: Deleted Actor: Emitter
[2015.04.04-16.46.48:165][442]LogEditorActor: Deleted 1 Actors (0.010 secs)
[2015.04.04-16.46.49:049][546]LogEditorActor: Deleted Actor: Emitter
[2015.04.04-16.46.49:058][546]LogEditorActor: Deleted 1 Actors (0.009 secs)
[2015.04.04-16.46.49:700][621]LogEditorActor: Deleted Actor: Emitter
[2015.04.04-16.46.49:709][621]LogEditorActor: Deleted 1 Actors (0.009 secs)
[2015.04.04-16.46.50:600][726]LogEditorActor: Deleted Actor: Emitter
[2015.04.04-16.46.50:609][726]LogEditorActor: Deleted 1 Actors (0.009 secs)
[2015.04.04-16.46.51:426][822]LogEditorActor: Deleted Actor: Emitter
[2015.04.04-16.46.51:435][822]LogEditorActor: Deleted 1 Actors (0.010 secs)
[2015.04.04-16.47.01:650][ 39]LogContentBrowser:Verbose: The content browser source was changed by the sources view to '/Game/FXStarStarterKit/MICs'
[2015.04.04-16.47.04:551][346]LogContentBrowser:Verbose: The content browser source was changed by the sources view to '/Game/FXStarStarterKit/Meshes'
[2015.04.04-16.47.05:456][429]LogActorFactory: Actor Factory created StarHR
[2015.04.04-16.47.11:772][185]Cmd: TRANSACTION UNDO
[2015.04.04-16.47.11:772][185]LogEditorTransaction: Undo Rename Folder
[2015.04.04-16.47.20:648][168]LogActorFactory: Actor Factory created StarHR
[2015.04.04-16.47.21:669][290]LogActorFactory: Actor Factory created StarHR
[2015.04.04-16.47.47:179][ 43]LogPlayLevel: PIE:  No blueprints needed recompiling
[2015.04.04-16.47.47:179][ 43]PIE: New page: PIE session: FirstPersonExampleMap (Apr 4, 2015, 8:47:47 PM)
[2015.04.04-16.47.47:181][ 43]LogPlayLevel: PIE: StaticDuplicateObject took: (0.002103s)
[2015.04.04-16.47.47:182][ 43]LogPlayLevel: PIE: World Init took: (0.000422s)
[2015.04.04-16.47.47:182][ 43]LogPlayLevel: PIE: Created PIE world by copying editor world from /Game/FirstPersonBP/Maps/FirstPersonExampleMap.FirstPersonExampleMap to /Game/FirstPersonBP/Maps/UEDPIE_0_FirstPersonExampleMap.FirstPersonExampleMap (0.002697s)
[2015.04.04-16.47.47:246][ 43]LogWorld: Game class is 'FirstPersonGameMode_C'
[2015.04.04-16.47.47:248][ 43]LogAIModule: Creating AISystem for world FirstPersonExampleMap
[2015.04.04-16.47.47:249][ 43]LogWorld: Bringing World /Game/FirstPersonBP/Maps/UEDPIE_0_FirstPersonExampleMap.FirstPersonExampleMap up for play (max tick rate 0) at 2015.04.04-18.47.47
[2015.04.04-16.47.47:250][ 43]LogWorld: Bringing up level for play took: 0.002007
[2015.04.04-16.47.47:268][ 43]PIE: Info Play in editor start time for /Game/FirstPersonBP/Maps/UEDPIE_0_FirstPersonExampleMap 0.951
[2015.04.04-16.47.55:964][ 68]LogParticles: Destroying 0 GPU particle simulations for FXSystem 0x000000C813328F40
[2015.04.04-16.48.18:287][642]LogEditorViewport: Clicking on Actor (LMB): StaticMeshActor (StarHR)
[2015.04.04-16.48.51:208][526]LogPlayLevel: PIE:  No blueprints needed recompiling
[2015.04.04-16.48.51:209][526]PIE: New page: PIE session: FirstPersonExampleMap (Apr 4, 2015, 8:48:51 PM)
[2015.04.04-16.48.51:211][526]LogPlayLevel: PIE: StaticDuplicateObject took: (0.002069s)
[2015.04.04-16.48.51:211][526]LogPlayLevel: PIE: World Init took: (0.000361s)
[2015.04.04-16.48.51:212][526]LogPlayLevel: PIE: Created PIE world by copying editor world from /Game/FirstPersonBP/Maps/FirstPersonExampleMap.FirstPersonExampleMap to /Game/FirstPersonBP/Maps/UEDPIE_0_FirstPersonExampleMap.FirstPersonExampleMap (0.002563s)
[2015.04.04-16.48.51:273][526]LogWorld: Game class is 'FirstPersonGameMode_C'
[2015.04.04-16.48.51:275][526]LogAIModule: Creating AISystem for world FirstPersonExampleMap
[2015.04.04-16.48.51:277][526]LogWorld: Bringing World /Game/FirstPersonBP/Maps/UEDPIE_0_FirstPersonExampleMap.FirstPersonExampleMap up for play (max tick rate 0) at 2015.04.04-18.48.51
[2015.04.04-16.48.51:277][526]LogWorld: Bringing up level for play took: 0.001944
[2015.04.04-16.48.51:294][526]PIE: Info Play in editor start time for /Game/FirstPersonBP/Maps/UEDPIE_0_FirstPersonExampleMap 0.978
[2015.04.04-16.48.55:505][ 12]LogParticles: Destroying 0 GPU particle simulations for FXSystem 0x000000C817E5C720
[2015.04.04-16.48.59:557][494]Cmd: TRANSACTION UNDO
[2015.04.04-16.48.59:557][494]LogEditorTransaction: Undo Scale Actors
[2015.04.04-16.49.09:419][605]LogPlayLevel: PIE:  No blueprints needed recompiling
[2015.04.04-16.49.09:419][605]PIE: New page: PIE session: FirstPersonExampleMap (Apr 4, 2015, 8:49:09 PM)
[2015.04.04-16.49.09:421][605]LogPlayLevel: PIE: StaticDuplicateObject took: (0.002075s)
[2015.04.04-16.49.09:421][605]LogPlayLevel: PIE: World Init took: (0.000365s)
[2015.04.04-16.49.09:422][605]LogPlayLevel: PIE: Created PIE world by copying editor world from /Game/FirstPersonBP/Maps/FirstPersonExampleMap.FirstPersonExampleMap to /Game/FirstPersonBP/Maps/UEDPIE_0_FirstPersonExampleMap.FirstPersonExampleMap (0.002576s)
[2015.04.04-16.49.09:480][605]LogWorld: Game class is 'FirstPersonGameMode_C'
[2015.04.04-16.49.09:482][605]LogAIModule: Creating AISystem for world FirstPersonExampleMap
[2015.04.04-16.49.09:484][605]LogWorld: Bringing World /Game/FirstPersonBP/Maps/UEDPIE_0_FirstPersonExampleMap.FirstPersonExampleMap up for play (max tick rate 0) at 2015.04.04-18.49.09
[2015.04.04-16.49.09:485][605]LogWorld: Bringing up level for play took: 0.001916
[2015.04.04-16.49.09:502][605]PIE: Info Play in editor start time for /Game/FirstPersonBP/Maps/UEDPIE_0_FirstPersonExampleMap -0.815
[2015.04.04-16.49.23:135][221]LogParticles: Destroying 0 GPU particle simulations for FXSystem 0x000000C805625DA0
[2015.04.04-16.49.27:827][761]LogEditorViewport: Clicking on Actor (LMB): StaticMeshActor (StarHR)
[2015.04.04-16.49.40:021][174]LogPlayLevel: PIE:  No blueprints needed recompiling
[2015.04.04-16.49.40:021][174]PIE: New page: PIE session: FirstPersonExampleMap (Apr 4, 2015, 8:49:40 PM)
[2015.04.04-16.49.40:024][174]LogPlayLevel: PIE: StaticDuplicateObject took: (0.002189s)
[2015.04.04-16.49.40:024][174]LogPlayLevel: PIE: World Init took: (0.000406s)
[2015.04.04-16.49.40:024][174]LogPlayLevel: PIE: Created PIE world by copying editor world from /Game/FirstPersonBP/Maps/FirstPersonExampleMap.FirstPersonExampleMap to /Game/FirstPersonBP/Maps/UEDPIE_0_FirstPersonExampleMap.FirstPersonExampleMap (0.002717s)
[2015.04.04-16.49.40:084][174]LogWorld: Game class is 'FirstPersonGameMode_C'
[2015.04.04-16.49.40:086][174]LogAIModule: Creating AISystem for world FirstPersonExampleMap
[2015.04.04-16.49.40:088][174]LogWorld: Bringing World /Game/FirstPersonBP/Maps/UEDPIE_0_FirstPersonExampleMap.FirstPersonExampleMap up for play (max tick rate 0) at 2015.04.04-18.49.40
[2015.04.04-16.49.40:088][174]LogWorld: Bringing up level for play took: 0.001967
[2015.04.04-16.49.40:109][174]PIE: Info Play in editor start time for /Game/FirstPersonBP/Maps/UEDPIE_0_FirstPersonExampleMap -0.208
[2015.04.04-16.49.47:192][  5]LogParticles: Destroying 0 GPU particle simulations for FXSystem 0x000000C812DCAF20
[2015.04.04-16.49.59:399][433]LogPlayLevel: PIE:  No blueprints needed recompiling
[2015.04.04-16.49.59:399][433]PIE: New page: PIE session: FirstPersonExampleMap (Apr 4, 2015, 8:49:59 PM)
[2015.04.04-16.49.59:401][433]LogPlayLevel: PIE: StaticDuplicateObject took: (0.002140s)
[2015.04.04-16.49.59:402][433]LogPlayLevel: PIE: World Init took: (0.000367s)
[2015.04.04-16.49.59:402][433]LogPlayLevel: PIE: Created PIE world by copying editor world from /Game/FirstPersonBP/Maps/FirstPersonExampleMap.FirstPersonExampleMap to /Game/FirstPersonBP/Maps/UEDPIE_0_FirstPersonExampleMap.FirstPersonExampleMap (0.002626s)
[2015.04.04-16.49.59:465][433]LogWorld: Game class is 'FirstPersonGameMode_C'
[2015.04.04-16.49.59:466][433]LogAIModule: Creating AISystem for world FirstPersonExampleMap
[2015.04.04-16.49.59:468][433]LogWorld: Bringing World /Game/FirstPersonBP/Maps/UEDPIE_0_FirstPersonExampleMap.FirstPersonExampleMap up for play (max tick rate 0) at 2015.04.04-18.49.59
[2015.04.04-16.49.59:469][433]LogWorld: Bringing up level for play took: 0.001989
[2015.04.04-16.49.59:487][433]PIE: Info Play in editor start time for /Game/FirstPersonBP/Maps/UEDPIE_0_FirstPersonExampleMap -0.829
[2015.04.04-16.50.04:344][997]LogParticles: Destroying 0 GPU particle simulations for FXSystem 0x000000C812689760
[2015.04.04-16.50.17:457][528]Cmd: POLY SELECT ADJACENT WALLS
[2015.04.04-16.50.31:318][165]Cmd: POLY SELECT ADJACENT WALLS
[2015.04.04-16.51.12:045][915]Cmd: POLY SELECT ALL
[2015.04.04-16.51.22:907][154]LogContentBrowser:Verbose: The content browser source was changed by the sources view to '/Game/FXStarStarterKit/Particles'
[2015.04.04-16.51.37:884][904]LogEditorViewport: Clicking on Actor (LMB): StaticMeshActor (StarHR)
[2015.04.04-16.51.38:455][969]Cmd: TRANSACTION UNDO
[2015.04.04-16.51.38:455][969]LogEditorTransaction: Undo Clicking on Actors
[2015.04.04-16.51.39:069][993]Cmd: TRANSACTION UNDO
[2015.04.04-16.51.39:069][993]LogEditorTransaction: Undo Scale Actors
[2015.04.04-16.51.56:108][995]LogEditorViewport: Clicking on Actor (LMB): StaticMeshActor (StarHR)
[2015.04.04-16.52.01:190][593]LogPlayLevel: PIE:  No blueprints needed recompiling
[2015.04.04-16.52.01:190][593]PIE: New page: PIE session: FirstPersonExampleMap (Apr 4, 2015, 8:52:01 PM)
[2015.04.04-16.52.01:193][593]LogPlayLevel: PIE: StaticDuplicateObject took: (0.002293s)
[2015.04.04-16.52.01:193][593]LogPlayLevel: PIE: World Init took: (0.000456s)
[2015.04.04-16.52.01:193][593]LogPlayLevel: PIE: Created PIE world by copying editor world from /Game/FirstPersonBP/Maps/FirstPersonExampleMap.FirstPersonExampleMap to /Game/FirstPersonBP/Maps/UEDPIE_0_FirstPersonExampleMap.FirstPersonExampleMap (0.002876s)
[2015.04.04-16.52.01:259][593]LogWorld: Game class is 'FirstPersonGameMode_C'
[2015.04.04-16.52.01:261][593]LogAIModule: Creating AISystem for world FirstPersonExampleMap
[2015.04.04-16.52.01:263][593]LogWorld: Bringing World /Game/FirstPersonBP/Maps/UEDPIE_0_FirstPersonExampleMap.FirstPersonExampleMap up for play (max tick rate 0) at 2015.04.04-18.52.01
[2015.04.04-16.52.01:264][593]LogWorld: Bringing up level for play took: 0.002287
[2015.04.04-16.52.01:282][593]PIE: Info Play in editor start time for /Game/FirstPersonBP/Maps/UEDPIE_0_FirstPersonExampleMap 0.966
[2015.04.04-16.52.09:313][541]LogParticles: Destroying 0 GPU particle simulations for FXSystem 0x000000C81474CB80
[2015.04.04-16.52.48:968][164]LogPlayLevel: PIE:  No blueprints needed recompiling
[2015.04.04-16.52.48:968][164]PIE: New page: PIE session: FirstPersonExampleMap (Apr 4, 2015, 8:52:48 PM)
[2015.04.04-16.52.48:970][164]LogPlayLevel: PIE: StaticDuplicateObject took: (0.002251s)
[2015.04.04-16.52.48:971][164]LogPlayLevel: PIE: World Init took: (0.000396s)
[2015.04.04-16.52.48:971][164]LogPlayLevel: PIE: Created PIE world by copying editor world from /Game/FirstPersonBP/Maps/FirstPersonExampleMap.FirstPersonExampleMap to /Game/FirstPersonBP/Maps/UEDPIE_0_FirstPersonExampleMap.FirstPersonExampleMap (0.002781s)
[2015.04.04-16.52.49:030][164]LogWorld: Game class is 'FirstPersonGameMode_C'
[2015.04.04-16.52.49:032][164]LogAIModule: Creating AISystem for world FirstPersonExampleMap
[2015.04.04-16.52.49:034][164]LogWorld: Bringing World /Game/FirstPersonBP/Maps/UEDPIE_0_FirstPersonExampleMap.FirstPersonExampleMap up for play (max tick rate 0) at 2015.04.04-18.52.49
[2015.04.04-16.52.49:035][164]LogWorld: Bringing up level for play took: 0.002461
[2015.04.04-16.52.49:050][164]PIE: Info Play in editor start time for /Game/FirstPersonBP/Maps/UEDPIE_0_FirstPersonExampleMap 0.733
[2015.04.04-16.52.58:543][286]LogParticles: Destroying 0 GPU particle simulations for FXSystem 0x000000C81733B6A0
[2015.04.04-16.52.59:903][427]LogSavePackage: Save=42.211788ms
[2015.04.04-16.52.59:903][427]LogSavePackage: Moving '../../../../../../Users/admin/Documents/GitHub/StarProject/Saved/FirstPersonExampleMapCC1616DB4D96BABF0EB896BA6BE29548.tmp' to '../../../../../../Users/admin/Documents/GitHub/StarProject/Content/FirstPersonBP/Maps/FirstPersonExampleMap.umap'
[2015.04.04-16.53.03:839][631]LogSavePackage: Save=328.347809ms
[2015.04.04-16.53.03:839][631]LogSavePackage: Moving '../../../../../../Users/admin/Documents/GitHub/StarProject/Saved/MAT_SolarStorm064553BE4BD0558E771A0AA168C994F3.tmp' to '../../../../../../Users/admin/Documents/GitHub/StarProject/Content/FXStarStarterKit/Materials/MAT_SolarStorm.uasset'
[2015.04.04-16.53.03:856][631]Cmd: OBJ SAVEPACKAGE PACKAGE="/Game/FXStarStarterKit/Meshes/StarHR" FILE="../../../../../../Users/admin/Documents/GitHub/StarProject/Content/FXStarStarterKit/Meshes/StarHR.uasset" SILENT=true
[2015.04.04-16.53.04:008][631]LogSavePackage: Save=144.106232ms
[2015.04.04-16.53.04:008][631]LogSavePackage: Moving '../../../../../../Users/admin/Documents/GitHub/StarProject/Saved/StarHR38E0E9D7480D6016D8535E948C741883.tmp' to '../../../../../../Users/admin/Documents/GitHub/StarProject/Content/FXStarStarterKit/Meshes/StarHR.uasset'
[2015.04.04-16.53.04:025][631]Cmd: OBJ SAVEPACKAGE PACKAGE="/Game/FXStarStarterKit/MICs/MIC_SStormCone" FILE="../../../../../../Users/admin/Documents/GitHub/StarProject/Content/FXStarStarterKit/MICs/MIC_SStormCone.uasset" SILENT=true
[2015.04.04-16.53.04:341][631]LogSavePackage: Save=308.236176ms
[2015.04.04-16.53.04:341][631]LogSavePackage: Moving '../../../../../../Users/admin/Documents/GitHub/StarProject/Saved/MIC_SStormCone6C5A220F41DC39B4DA114B8ADAB68971.tmp' to '../../../../../../Users/admin/Documents/GitHub/StarProject/Content/FXStarStarterKit/MICs/MIC_SStormCone.uasset'
[2015.04.04-16.53.04:797][632]Cmd: QUIT_EDITOR
[2015.04.04-16.53.04:968][632]LogExit: Preparing to exit.
[2015.04.04-16.53.05:221][632]LogExit: Editor shut down
[2015.04.04-16.53.05:234][632]LogExit: Transaction tracking system shut down
[2015.04.04-16.53.05:235][632]LogParticles: Destroying 0 GPU particle simulations for FXSystem 0x000000C81658A340
[2015.04.04-16.53.05:235][632]LogParticles: Destroying 0 GPU particle simulations for FXSystem 0x000000C816C8EE80
[2015.04.04-16.53.05:235][632]LogParticles: Destroying 0 GPU particle simulations for FXSystem 0x000000C816C8FD80
[2015.04.04-16.53.05:235][632]LogParticles: Destroying 0 GPU particle simulations for FXSystem 0x000000C8177D5440
[2015.04.04-16.53.05:236][632]LogParticles: Destroying 0 GPU particle simulations for FXSystem 0x000000C81917B1A0
[2015.04.04-16.53.05:236][632]LogParticles: Destroying 0 GPU particle simulations for FXSystem 0x000000C816C8C400
[2015.04.04-16.53.05:272][632]LogExit: Object subsystem successfully closed.
[2015.04.04-16.53.05:318][632]LogModuleManager: Shutting down and abandoning module StaticMeshEditor (181)
[2015.04.04-16.53.05:318][632]LogModuleManager: Shutting down and abandoning module MaterialEditor (180)
[2015.04.04-16.53.05:318][632]LogModuleManager: Shutting down and abandoning module DistCurveEditor (179)
[2015.04.04-16.53.05:318][632]LogModuleManager: Shutting down and abandoning module Cascade (178)
[2015.04.04-16.53.05:318][632]LogModuleManager: Shutting down and abandoning module CrashTracker (177)
[2015.04.04-16.53.05:318][632]LogModuleManager: Shutting down and abandoning module SuperSearch (176)
[2015.04.04-16.53.05:318][632]LogModuleManager: Shutting down and abandoning module SceneOutliner (175)
[2015.04.04-16.53.05:318][632]LogModuleManager: Shutting down and abandoning module EditorWidgets (174)
[2015.04.04-16.53.05:318][632]LogModuleManager: Shutting down and abandoning module CollectionManager (173)
[2015.04.04-16.53.05:318][632]LogModuleManager: Shutting down and abandoning module StatsViewer (172)
[2015.04.04-16.53.05:318][632]LogModuleManager: Shutting down and abandoning module FoliageEdit (171)
[2015.04.04-16.53.05:318][632]LogModuleManager: Shutting down and abandoning module LandscapeEditor (170)
[2015.04.04-16.53.05:318][632]LogModuleManager: Shutting down and abandoning module MeshPaint (169)
[2015.04.04-16.53.05:318][632]LogModuleManager: Shutting down and abandoning module ActorPickerMode (168)
[2015.04.04-16.53.05:318][632]LogModuleManager: Shutting down and abandoning module GeometryMode (167)
[2015.04.04-16.53.05:318][632]LogModuleManager: Shutting down and abandoning module TextureAlignMode (166)
[2015.04.04-16.53.05:318][632]LogModuleManager: Shutting down and abandoning module BspMode (165)
[2015.04.04-16.53.05:318][632]LogModuleManager: Shutting down and abandoning module PlacementMode (164)
[2015.04.04-16.53.05:318][632]LogModuleManager: Shutting down and abandoning module AutomationWorker (163)
[2015.04.04-16.53.05:318][632]LogModuleManager: Shutting down and abandoning module CharacterAI (162)
[2015.04.04-16.53.05:318][632]LogModuleManager: Shutting down and abandoning module SmartSnapping (161)
[2015.04.04-16.53.05:318][632]LogModuleManager: Shutting down and abandoning module ViewportSnapping (160)
[2015.04.04-16.53.05:318][632]LogModuleManager: Shutting down and abandoning module LogVisualizer (159)
[2015.04.04-16.53.05:318][632]LogModuleManager: Shutting down and abandoning module GameProjectGeneration (158)
[2015.04.04-16.53.05:318][632]LogModuleManager: Shutting down and abandoning module IntroTutorials (157)
[2015.04.04-16.53.05:318][632]LogModuleManager: Shutting down and abandoning module EditorLiveStreaming (156)
[2015.04.04-16.53.05:318][632]LogModuleManager: Shutting down and abandoning module HardwareTargeting (155)
[2015.04.04-16.53.05:318][632]LogModuleManager: Shutting down and abandoning module DeviceProfileEditor (154)
[2015.04.04-16.53.05:318][632]LogModuleManager: Shutting down and abandoning module UndoHistory (153)
[2015.04.04-16.53.05:318][632]LogModuleManager: Shutting down and abandoning module GameplayTagsEditor (152)
[2015.04.04-16.53.05:318][632]LogModuleManager: Shutting down and abandoning module UserFeedback (151)
[2015.04.04-16.53.05:318][632]LogModuleManager: Shutting down and abandoning module XmlParser (150)
[2015.04.04-16.53.05:318][632]LogModuleManager: Shutting down and abandoning module Blutility (149)
[2015.04.04-16.53.05:318][632]LogModuleManager: Shutting down and abandoning module IOSPlatformEditor (148)
[2015.04.04-16.53.05:318][632]LogModuleManager: Shutting down and abandoning module IOSRuntimeSettings (147)
[2015.04.04-16.53.05:318][632]LogModuleManager: Shutting down and abandoning module AndroidDeviceDetection (146)
[2015.04.04-16.53.05:839][632]LogModuleManager: Shutting down and abandoning module AndroidPlatformEditor (145)
[2015.04.04-16.53.05:839][632]LogModuleManager: Shutting down and abandoning module AndroidRuntimeSettings (144)
[2015.04.04-16.53.05:839][632]LogModuleManager: Shutting down and abandoning module ProjectTargetPlatformEditor (143)
[2015.04.04-16.53.05:839][632]LogModuleManager: Shutting down and abandoning module ProjectSettingsViewer (142)
[2015.04.04-16.53.05:839][632]LogModuleManager: Shutting down and abandoning module InputBindingEditor (141)
[2015.04.04-16.53.05:839][632]LogModuleManager: Shutting down and abandoning module EditorSettingsViewer (140)
[2015.04.04-16.53.05:839][632]LogModuleManager: Shutting down and abandoning module SettingsEditor (139)
[2015.04.04-16.53.05:839][632]LogModuleManager: Shutting down and abandoning module ProjectLauncher (138)
[2015.04.04-16.53.05:839][632]LogModuleManager: Shutting down and abandoning module SessionFrontend (137)
[2015.04.04-16.53.05:839][632]LogModuleManager: Shutting down and abandoning module ProfilerClient (136)
[2015.04.04-16.53.05:839][632]LogModuleManager: Shutting down and abandoning module TargetDeviceServices (135)
[2015.04.04-16.53.05:839][632]LogModuleManager: Shutting down and abandoning module DeviceManager (134)
[2015.04.04-16.53.05:840][632]LogModuleManager: Shutting down and abandoning module AutomationController (133)
[2015.04.04-16.53.05:840][632]LogModuleManager: Shutting down and abandoning module AutomationWindow (132)
[2015.04.04-16.53.05:840][632]LogModuleManager: Shutting down and abandoning module Layers (131)
[2015.04.04-16.53.05:840][632]LogModuleManager: Shutting down and abandoning module ComponentVisualizers (130)
[2015.04.04-16.53.05:840][632]LogModuleManager: Shutting down and abandoning module DetailCustomizations (129)
[2015.04.04-16.53.05:840][632]LogModuleManager: Shutting down and abandoning module PackagesDialog (128)
[2015.04.04-16.53.05:840][632]LogModuleManager: Shutting down and abandoning module AssetRegistry (127)
[2015.04.04-16.53.05:933][632]LogModuleManager: Shutting down and abandoning module Persona (126)
[2015.04.04-16.53.05:933][632]LogModuleManager: Shutting down and abandoning module SlateReflector (125)
[2015.04.04-16.53.05:933][632]LogModuleManager: Shutting down and abandoning module LevelEditor (124)
[2015.04.04-16.53.05:934][632]LogModuleManager: Shutting down and abandoning module Kismet (123)
[2015.04.04-16.53.05:934][632]LogModuleManager: Shutting down and abandoning module GraphEditor (122)
[2015.04.04-16.53.05:934][632]LogModuleManager: Shutting down and abandoning module ClassViewer (121)
[2015.04.04-16.53.05:934][632]LogModuleManager: Shutting down and abandoning module Toolbox (120)
[2015.04.04-16.53.05:934][632]LogModuleManager: Shutting down and abandoning module ModuleUI (119)
[2015.04.04-16.53.05:934][632]LogModuleManager: Shutting down and abandoning module MovieSceneTools (118)
[2015.04.04-16.53.05:935][632]LogModuleManager: Shutting down and abandoning module OutputLog (117)
[2015.04.04-16.53.05:935][632]LogModuleManager: Shutting down and abandoning module GammaUI (116)
[2015.04.04-16.53.05:935][632]LogModuleManager: Shutting down and abandoning module Documentation (115)
[2015.04.04-16.53.05:935][632]LogModuleManager: Shutting down and abandoning module GameLiveStreaming (114)
[2015.04.04-16.53.05:935][632]LogModuleManager: Shutting down and abandoning module StreamingPauseRendering (113)
[2015.04.04-16.53.05:935][632]LogModuleManager: Shutting down and abandoning module HTTP (112)
[2015.04.04-16.53.05:935][632]LogModuleManager: Shutting down and abandoning module AnalyticsET (111)
[2015.04.04-16.53.05:935][632]LogModuleManager: Shutting down and abandoning module Analytics (110)
[2015.04.04-16.53.05:935][632]LogModuleManager: Shutting down and abandoning module AITestSuite (109)
[2015.04.04-16.53.05:935][632]LogModuleManager: Shutting down and abandoning module GameplayDebugger (108)
[2015.04.04-16.53.05:935][632]LogModuleManager: Shutting down and abandoning module AIModule (107)
[2015.04.04-16.53.05:935][632]LogModuleManager: Shutting down and abandoning module ProfilerService (106)
[2015.04.04-16.53.06:184][632]LogModuleManager: Shutting down and abandoning module TaskGraph (105)
[2015.04.04-16.53.06:184][632]LogModuleManager: Shutting down and abandoning module SlateRemote (104)
[2015.04.04-16.53.06:184][632]LogModuleManager: Shutting down and abandoning module ScriptEditorPlugin (103)
[2015.04.04-16.53.06:184][632]LogModuleManager: Shutting down and abandoning module CustomMeshComponent (102)
[2015.04.04-16.53.06:184][632]LogModuleManager: Shutting down and abandoning module CableComponent (101)
[2015.04.04-16.53.06:184][632]LogModuleManager: Shutting down and abandoning module MessagingDebugger (100)
[2015.04.04-16.53.06:184][632]LogModuleManager: Shutting down and abandoning module MediaPlayerEditor (99)
[2015.04.04-16.53.06:184][632]LogModuleManager: Shutting down and abandoning module SpeedTreeImporter (98)
[2015.04.04-16.53.06:184][632]LogModuleManager: Shutting down and abandoning module PluginsEditor (97)
[2015.04.04-16.53.06:184][632]LogModuleManager: Shutting down and abandoning module MainFrame (96)
[2015.04.04-16.53.06:184][632]LogModuleManager: Shutting down and abandoning module EpicSurvey (95)
[2015.04.04-16.53.06:184][632]LogModuleManager: Shutting down and abandoning module DesktopPlatform (94)
[2015.04.04-16.53.06:184][632]LogModuleManager: Shutting down and abandoning module DirectoryWatcher (93)
[2015.04.04-16.53.06:184][632]LogModuleManager: Shutting down and abandoning module HotReload (92)
[2015.04.04-16.53.06:184][632]LogModuleManager: Shutting down and abandoning module VisualStudioSourceCodeAccess (91)
[2015.04.04-16.53.06:184][632]LogModuleManager: Shutting down and abandoning module UObjectPlugin (90)
[2015.04.04-16.53.06:184][632]LogModuleManager: Shutting down and abandoning module SubversionSourceControl (89)
[2015.04.04-16.53.06:184][632]LogModuleManager: Shutting down and abandoning module PerforceSourceControl (88)
[2015.04.04-16.53.06:184][632]LogModuleManager: Shutting down and abandoning module SourceControl (87)
[2015.04.04-16.53.06:184][632]LogModuleManager: Shutting down and abandoning module GitSourceControl (86)
[2015.04.04-16.53.06:184][632]LogModuleManager: Shutting down and abandoning module BlankPlugin (85)
[2015.04.04-16.53.06:184][632]LogModuleManager: Shutting down and abandoning module PaperTiledImporter (84)
[2015.04.04-16.53.06:184][632]LogModuleManager: Shutting down and abandoning module PaperJsonImporter (83)
[2015.04.04-16.53.06:184][632]LogModuleManager: Shutting down and abandoning module ContentBrowser (82)
[2015.04.04-16.53.06:185][632]LogModuleManager: Shutting down and abandoning module Paper2DEditor (81)
[2015.04.04-16.53.06:185][632]LogModuleManager: Shutting down and abandoning module ScriptPlugin (80)
[2015.04.04-16.53.06:185][632]LogModuleManager: Shutting down and abandoning module UdpMessaging (79)
[2015.04.04-16.53.06:286][632]LogModuleManager: Shutting down and abandoning module Paper2D (78)
[2015.04.04-16.53.06:286][632]LogModuleManager: Shutting down and abandoning module WindowsMoviePlayer (77)
[2015.04.04-16.53.06:288][632]LogModuleManager: Shutting down and abandoning module Media (76)
[2015.04.04-16.53.06:288][632]LogModuleManager: Shutting down and abandoning module WmfMedia (75)
[2015.04.04-16.53.06:288][632]LogModuleManager: Shutting down and abandoning module OnlineBlueprintSupport (74)
[2015.04.04-16.53.06:288][632]LogModuleManager: Shutting down and abandoning module PropertyEditor (73)
[2015.04.04-16.53.06:288][632]LogModuleManager: Shutting down and abandoning module BehaviorTreeEditor (72)
[2015.04.04-16.53.06:288][632]LogModuleManager: Shutting down and abandoning module FunctionalTesting (71)
[2015.04.04-16.53.06:288][632]LogModuleManager: Shutting down and abandoning module CollisionAnalyzer (70)
[2015.04.04-16.53.06:288][632]LogModuleManager: Shutting down and abandoning module WorkspaceMenuStructure (69)
[2015.04.04-16.53.06:288][632]LogModuleManager: Shutting down and abandoning module MessageLog (68)
[2015.04.04-16.53.06:288][632]LogModuleManager: Shutting down and abandoning module Sequencer (67)
[2015.04.04-16.53.06:288][632]LogModuleManager: Shutting down and abandoning module AssetTools (66)
[2015.04.04-16.53.06:288][632]LogModuleManager: Shutting down and abandoning module UMGEditor (65)
[2015.04.04-16.53.06:288][632]LogModuleManager: Shutting down and abandoning module UMG (64)
[2015.04.04-16.53.06:288][632]LogModuleManager: Shutting down and abandoning module Slate (63)
[2015.04.04-16.53.06:288][632]LogModuleManager: Shutting down and abandoning module EditorStyle (62)
[2015.04.04-16.53.06:291][632]LogModuleManager: Shutting down and abandoning module SessionServices (61)
[2015.04.04-16.53.06:291][632]LogModuleManager: Shutting down and abandoning module SourceCodeAccess (60)
[2015.04.04-16.53.06:291][632]LogModuleManager: Shutting down and abandoning module HeadMountedDisplay (59)
[2015.04.04-16.53.06:291][632]LogModuleManager: Shutting down and abandoning module XAudio2 (58)
[2015.04.04-16.53.06:291][632]LogModuleManager: Shutting down and abandoning module Networking (56)
[2015.04.04-16.53.06:291][632]LogModuleManager: Shutting down and abandoning module Core (55)
[2015.04.04-16.53.06:291][632]LogModuleManager: Shutting down and abandoning module KismetCompiler (54)
[2015.04.04-16.53.06:291][632]LogModuleManager: Shutting down and abandoning module PhysXFormats (53)
[2015.04.04-16.53.06:291][632]LogModuleManager: Shutting down and abandoning module MeshUtilities (52)
[2015.04.04-16.53.06:291][632]LogModuleManager: Shutting down and abandoning module DerivedDataCache (51)
[2015.04.04-16.53.06:391][632]LogDerivedDataCache: Shutdown
[2015.04.04-16.53.06:391][632]LogModuleManager: Shutting down and abandoning module ShaderFormatOpenGL (50)
[2015.04.04-16.53.06:391][632]LogModuleManager: Shutting down and abandoning module ShaderFormatD3D (49)
[2015.04.04-16.53.06:391][632]LogModuleManager: Shutting down and abandoning module MetalShaderFormat (48)
[2015.04.04-16.53.06:391][632]LogModuleManager: Shutting down and abandoning module TextureFormatUncompressed (47)
[2015.04.04-16.53.06:391][632]LogModuleManager: Shutting down and abandoning module TextureFormatPVR (46)
[2015.04.04-16.53.06:391][632]LogModuleManager: Shutting down and abandoning module TextureFormatIntelISPCTexComp (45)
[2015.04.04-16.53.06:391][632]LogModuleManager: Shutting down and abandoning module TextureFormatDXT (44)
[2015.04.04-16.53.06:391][632]LogModuleManager: Shutting down and abandoning module ImageWrapper (43)
[2015.04.04-16.53.06:391][632]LogModuleManager: Shutting down and abandoning module TextureFormatASTC (42)
[2015.04.04-16.53.06:391][632]LogModuleManager: Shutting down and abandoning module TextureFormatAndroid (41)
[2015.04.04-16.53.06:391][632]LogModuleManager: Shutting down and abandoning module AudioFormatOpus (40)
[2015.04.04-16.53.06:391][632]LogModuleManager: Shutting down and abandoning module AudioFormatOgg (39)
[2015.04.04-16.53.06:391][632]LogModuleManager: Shutting down and abandoning module AudioFormatADPCM (38)
[2015.04.04-16.53.06:391][632]LogModuleManager: Shutting down and abandoning module LinuxTargetPlatform (37)
[2015.04.04-16.53.06:391][632]LogModuleManager: Shutting down and abandoning module LinuxServerTargetPlatform (36)
[2015.04.04-16.53.06:391][632]LogModuleManager: Shutting down and abandoning module LinuxNoEditorTargetPlatform (35)
[2015.04.04-16.53.06:391][632]LogModuleManager: Shutting down and abandoning module Messaging (34)
[2015.04.04-16.53.06:391][632]LogModuleManager: Shutting down and abandoning module IOSTargetPlatform (33)
[2015.04.04-16.53.06:391][632]LogModuleManager: Shutting down and abandoning module HTML5TargetPlatform (32)
[2015.04.04-16.53.06:391][632]LogModuleManager: Shutting down and abandoning module Android_PVRTCTargetPlatform (31)
[2015.04.04-16.53.06:391][632]LogModuleManager: Shutting down and abandoning module Android_ETC2TargetPlatform (30)
[2015.04.04-16.53.06:391][632]LogModuleManager: Shutting down and abandoning module Android_ETC1TargetPlatform (29)
[2015.04.04-16.53.06:391][632]LogModuleManager: Shutting down and abandoning module Android_ES31TargetPlatform (28)
[2015.04.04-16.53.06:391][632]LogModuleManager: Shutting down and abandoning module Android_DXTTargetPlatform (27)
[2015.04.04-16.53.06:391][632]LogModuleManager: Shutting down and abandoning module Android_ATCTargetPlatform (26)
[2015.04.04-16.53.06:391][632]LogModuleManager: Shutting down and abandoning module AndroidTargetPlatform (25)
[2015.04.04-16.53.06:391][632]LogModuleManager: Shutting down and abandoning module WindowsTargetPlatform (24)
[2015.04.04-16.53.06:391][632]LogModuleManager: Shutting down and abandoning module WindowsServerTargetPlatform (23)
[2015.04.04-16.53.06:391][632]LogModuleManager: Shutting down and abandoning module WindowsNoEditorTargetPlatform (22)
[2015.04.04-16.53.06:391][632]LogModuleManager: Shutting down and abandoning module WindowsClientTargetPlatform (21)
[2015.04.04-16.53.06:391][632]LogModuleManager: Shutting down and abandoning module TargetPlatform (20)
[2015.04.04-16.53.06:391][632]LogModuleManager: Shutting down and abandoning module InputCore (19)
[2015.04.04-16.53.06:391][632]LogModuleManager: Shutting down and abandoning module Settings (18)
[2015.04.04-16.53.06:391][632]LogModuleManager: Shutting down and abandoning module OnlineSubsystem (16)
[2015.04.04-16.53.06:391][632]LogModuleManager: Shutting down and abandoning module OculusRift (15)
[2015.04.04-16.53.06:391][632]LogModuleManager: Shutting down and abandoning module ExampleDeviceProfileSelector (14)
[2015.04.04-16.53.06:391][632]LogModuleManager: Shutting down and abandoning module TextureCompressor (13)
[2015.04.04-16.53.06:391][632]LogModuleManager: Shutting down and abandoning module ShaderCore (12)
[2015.04.04-16.53.06:391][632]LogModuleManager: Shutting down and abandoning module Landscape (11)
[2015.04.04-16.53.06:391][632]LogModuleManager: Shutting down and abandoning module SlateRHIRenderer (10)
[2015.04.04-16.53.06:394][632]LogModuleManager: Shutting down and abandoning module OpenGLDrv (9)
[2015.04.04-16.53.06:394][632]LogModuleManager: Shutting down and abandoning module D3D11RHI (8)
[2015.04.04-16.53.06:394][632]LogModuleManager: Shutting down and abandoning module Renderer (7)
[2015.04.04-16.53.06:394][632]LogModuleManager: Shutting down and abandoning module Engine (6)
[2015.04.04-16.53.06:394][632]LogModuleManager: Shutting down and abandoning module CoreUObject (5)
[2015.04.04-16.53.06:394][632]LogModuleManager: Shutting down and abandoning module NetworkFile (4)
[2015.04.04-16.53.06:394][632]LogModuleManager: Shutting down and abandoning module StreamingFile (3)
[2015.04.04-16.53.06:394][632]LogModuleManager: Shutting down and abandoning module SandboxFile (2)
[2015.04.04-16.53.06:394][632]LogModuleManager: Shutting down and abandoning module PakFile (1)
[2015.04.04-16.53.06:394][632]LogExit: Exiting.
[2015.04.04-16.53.06:412][632]Log file closed, 04/04/15 18:53:06
