Log file open, 04/04/15 18:23:33
LogInit:Display: Running engine for game: StarProject
LogInit: Version: 4.7.4-2497108+++depot+UE4-Releases+4.7
LogInit: API Version: 2455222
LogInit: Compiled (64-bit): Mar 31 2015 09:40:25
LogInit: Compiled with Visual C++: 18.00.21005.01
LogInit: Build Configuration: Development
LogInit: Branch Name: ++depot+UE4-Releases+4.7
LogInit: Command line:  
LogInit: Base directory: C:/Program Files/Epic Games/4.7/Engine/Binaries/Win64/
LogInit: Rocket: 1
[2015.04.04-16.23.33:738][  0]LogTaskGraph: Started task graph with 3 named threads and 6 total threads.
[2015.04.04-16.23.33:806][  0]LogOnline:Warning: No default platform service specified for OnlineSubsystem
[2015.04.04-16.23.33:826][  0]LogInit: Presizing for 0 objects not considered by GC, pre-allocating 0 bytes.
[2015.04.04-16.23.33:833][  0]LogInit: Object subsystem initialized
[2015.04.04-16.23.33:834][  0]LogConsoleResponse:Warning: Skipping Unknown console variable: 'TranslucentSortAxis = (X=0.000000,Y=-1.000000,Z=0.000000)'
[2015.04.04-16.23.33:834][  0]LogConsoleResponse:Warning:   Found in ini file 'C:/Users/admin/Documents/GitHub/StarProject/Saved/Config/Windows/Engine.ini', in section '[/Script/Engine.RendererSettings]'
[2015.04.04-16.23.33:834][  0]LogConsoleResponse:Warning: Skipping Unknown console variable: 'UIScaleRule = ShortestSide'
[2015.04.04-16.23.33:834][  0]LogConsoleResponse:Warning:   Found in ini file 'C:/Users/admin/Documents/GitHub/StarProject/Saved/Config/Windows/Engine.ini', in section '[/Script/Engine.RendererSettings]'
[2015.04.04-16.23.33:834][  0]LogConsoleResponse:Warning: Skipping Unknown console variable: 'UIScaleCurve = (EditorCurveData=(Keys=),ExternalCurve=None)'
[2015.04.04-16.23.33:834][  0]LogConsoleResponse:Warning:   Found in ini file 'C:/Users/admin/Documents/GitHub/StarProject/Saved/Config/Windows/Engine.ini', in section '[/Script/Engine.RendererSettings]'
[2015.04.04-16.23.33:835][  0]LogInit: Selected Device Profile: [Windows]
[2015.04.04-16.23.33:835][  0]LogInit: Applying CVar settings loaded from the selected device profile: [Windows]
[2015.04.04-16.23.33:841][  0]LogInit: Computer: ADMIN-PC
[2015.04.04-16.23.33:841][  0]LogInit: User: admin
[2015.04.04-16.23.33:841][  0]LogInit: CPU Page size=4096, Cores=4
[2015.04.04-16.23.33:841][  0]LogInit: High frequency timer resolution =14.318180 MHz
[2015.04.04-16.23.33:841][  0]LogMemory: Memory total: Physical=15.9GB (16GB approx) Virtual=131072.0GB
[2015.04.04-16.23.33:841][  0]LogMemory: Platform Memory Stats for Windows
[2015.04.04-16.23.33:841][  0]LogMemory: Process Physical Memory: 47.03 MB used, 47.03 MB peak
[2015.04.04-16.23.33:841][  0]LogMemory: Process Virtual Memory: 25.61 MB used, 25.62 MB peak
[2015.04.04-16.23.33:841][  0]LogMemory: Physical Memory: 4018.45 MB used, 16254.34 MB total
[2015.04.04-16.23.33:841][  0]LogMemory: Virtual Memory: 304.16 MB used, 134217728.00 MB total
[2015.04.04-16.23.33:862][  0]LogD3D11RHI: Found D3D11 adapter 0: NVIDIA GeForce GTX 770 (Feature Level 11_0)
[2015.04.04-16.23.33:862][  0]LogD3D11RHI: Adapter has 1985MB of dedicated video memory, 0MB of dedicated system memory, and 2048MB of shared system memory, 2 output[s]
[2015.04.04-16.23.33:867][  0]LogD3D11RHI: Found D3D11 adapter 1: Intel(R) HD Graphics 4600 (Feature Level 11_0)
[2015.04.04-16.23.33:867][  0]LogD3D11RHI: Adapter has 32MB of dedicated video memory, 0MB of dedicated system memory, and 1760MB of shared system memory, 1 output[s]
[2015.04.04-16.23.33:868][  0]LogD3D11RHI: Found D3D11 adapter 2: Microsoft Basic Render Driver (Feature Level 11_0)
[2015.04.04-16.23.33:868][  0]LogD3D11RHI: Adapter has 0MB of dedicated video memory, 0MB of dedicated system memory, and 256MB of shared system memory, 0 output[s]
[2015.04.04-16.23.33:868][  0]LogD3D11RHI: Chosen D3D11 Adapter Id = 0
[2015.04.04-16.23.33:871][  0]LogRHI: Texture pool is 1361 MB (70% of 1945 MB)
[2015.04.04-16.23.33:880][  0]LogD3D11RHI: Async texture creation enabled
[2015.04.04-16.23.33:939][  0]LogTextLocalizationManager: The requested culture ('de_DE') has no localization data; falling back to 'en' for localization and internationalization data.
[2015.04.04-16.23.34:006][  0]LogTextLocalizationManager:Warning: Loading localization resources contain conflicting entries for (Namespace:UICommands, Key:Save_ToolTip):
Resource: (C:/Program Files/Epic Games/4.7/Engine/Content/Localization/Editor/en/Editor.locres) Hash: (-29098895) String: (Saves the current level to disk)
Resource: (C:/Program Files/Epic Games/4.7/Engine/Content/Localization/Engine/en/Engine.locres) Hash: (-1280300587) String: (Save selected data to vlog file)
[2015.04.04-16.23.34:006][  0]LogTextLocalizationManager:Warning: Loading localization resources contain conflicting entries for (Namespace:ContentBrowser, Key:ImportAssetToolTip):
Resource: (C:/Program Files/Epic Games/4.7/Engine/Content/Localization/Editor/en/Editor.locres) Hash: (-630476809) String: (Import to {0}...)
Resource: (C:/Program Files/Epic Games/4.7/Engine/Content/Localization/Editor/en/Editor.locres) Hash: (1271782899) String: (Imports an asset from file to this folder.)
[2015.04.04-16.23.34:078][  0]LogContentStreaming: Texture pool size is 0.000000MB
[2015.04.04-16.23.35:827][  0]LogTargetPlatformManager:Display: Building Assets For Windows
[2015.04.04-16.23.36:221][  0]LogTargetPlatformManager:Display: Building Assets For Windows
[2015.04.04-16.23.36:269][  0]LogDerivedDataCache:Display: Max Cache Size: 512 MB
[2015.04.04-16.23.36:301][  0]LogDerivedDataCache: Loaded boot cache 0.03s 39MB C:/Users/admin/AppData/Local/UnrealEngine/4.7/DerivedDataCache/Boot.ddc.
[2015.04.04-16.23.36:301][  0]LogDerivedDataCache:Display: Loaded Boot cache: C:/Users/admin/AppData/Local/UnrealEngine/4.7/DerivedDataCache/Boot.ddc
[2015.04.04-16.23.36:301][  0]LogDerivedDataCache: FDerivedDataBackendGraph:  Pak pak cache file ../../../../../../Users/admin/Documents/GitHub/StarProject/DerivedDataCache/DDC.ddp not found, will not use a pak cache.
[2015.04.04-16.23.36:301][  0]LogDerivedDataCache: Unable to find inner node Pak for hierarchical cache Hierarchy.
[2015.04.04-16.23.36:394][  0]LogDerivedDataCache:Display: Pak cache opened for reading ../../../Engine/DerivedDataCache/Compressed.ddp.
[2015.04.04-16.23.36:406][  0]LogDerivedDataCache: Using Local data cache path C:/Users/admin/AppData/Local/UnrealEngine/Common/DerivedDataCache: Writable
[2015.04.04-16.23.36:619][  0]LogMeshUtilities: No automatic mesh reduction module available
[2015.04.04-16.23.36:619][  0]LogMeshUtilities: No automatic mesh merging module available
[2015.04.04-16.23.36:954][  0]LogInit: WinSock: version 1.1 (2.2), MaxSocks=32767, MaxUdp=65467
[2015.04.04-16.23.37:012][  0]LogSlate:Warning: Failed to load font data from '../../../Engine/Content/Slate/Fonts/Roboto-Italic.ttf'
[2015.04.04-16.23.37:599][  0]UdpMessaging: Initializing bridge on interface 0.0.0.0:0 to multicast group 230.0.0.1:6666.
[2015.04.04-16.23.37:781][  0]SourceControl: Info Source control is disabled
[2015.04.04-16.23.37:781][  0]SourceControl: Info Source control is disabled
[2015.04.04-16.23.37:781][  0]SourceControl: Info Source control is disabled
[2015.04.04-16.23.37:781][  0]LogSourceControl: RunCommandInternalRaw: 'git version'
[2015.04.04-16.23.37:781][  0]LogSourceControl: RunCommandInternalRaw: ExecProcess ReturnCode=2 OutResults=''
[2015.04.04-16.23.37:788][  0]SourceControl: Info Source control is disabled
[2015.04.04-16.23.37:932][  0]LogObj: 24232 objects as part of root set at end of initial load.
[2015.04.04-16.23.37:932][  0]LogUObjectAllocator: 5137176 out of 0 bytes used by permanent object pool.
[2015.04.04-16.23.37:998][  0]LogEngine: Initializing Engine...
[2015.04.04-16.23.40:181][  0]LogInit: XAudio2 using 'Lautsprecher (Logitech USB Headset)' : 2 channels at 44.1 kHz using 16 bits per sample (channel mask 0x3)
[2015.04.04-16.23.40:187][  0]LogInit: FAudioDevice initialized.
[2015.04.04-16.23.40:217][  0]LogAIModule: Creating AISystem for world NewWorld
[2015.04.04-16.23.40:235][  0]LogDerivedDataCache: Saved boot cache 0.02s 39MB C:/Users/admin/AppData/Local/UnrealEngine/4.7/DerivedDataCache/Boot.ddc.
[2015.04.04-16.23.40:241][  0]LogInit: Texture streaming: Enabled
[2015.04.04-16.23.40:310][  0]LogAnalytics: Creating configured Analytics provider AnalyticsET
[2015.04.04-16.23.40:310][  0]LogAnalytics: ET APIKey = Rocket.Release. APIServer = http://et2.epicgames.com/ET2/. AppVersion = 4.7.4-2497108+++depot+UE4-Releases+4.7
[2015.04.04-16.23.40:310][  0]LogAnalytics: ET APIKey = Rocket.Release. DataRouterUploadURL = https://datarouter-public-service-gamedev.ol.epicgames.net/datarouter/api/v1/public/data. AppVersion = 4.7.4-2497108+++depot+UE4-Releases+4.7
[2015.04.04-16.23.40:310][  0]LogAnalytics: SetUserId dde3deed4523c0a2a770c48b31092dad|9afb1e8fda0a480cb286d8fd65efbaea|7aadb3ab-5297-4333-a6d6-a0753f16fa7d
[2015.04.04-16.23.40:311][  0]LogAnalytics: AnalyticsET::StartSession [Rocket.Release]
[2015.04.04-16.23.40:331][  0]LogInit: Transaction tracking system initialized
[2015.04.04-16.23.40:469][  0]BlueprintLog: New page: Editor Load
[2015.04.04-16.23.40:498][  0]LogAssetRegistry: FAssetRegistry took 0.0110 seconds to start up
[2015.04.04-16.23.40:498][  0]LogDirectoryWatcher:Warning: Failed to begin reading directory changes for ../../../Engine/Plugins/Experimental/CharacterAI/Content/. Error: 0
[2015.04.04-16.23.40:937][  0]LogTargetPlatformManager:Display: Building Assets For Windows
[2015.04.04-16.23.41:222][  0]LogTargetPlatformManager:Display: Building Assets For Windows
[2015.04.04-16.23.41:423][  0]LogSlate:Warning: Failed to load font data from '../../../Engine/Content/Editor/Slate/Fonts/Roboto-Regular.ttf'
[2015.04.04-16.23.41:424][  0]LogSlate:Warning: Failed to load font data from '../../../Engine/Content/Editor/Slate/Fonts/Roboto-Bold.ttf'
[2015.04.04-16.23.41:427][  0]LogConsoleResponse:Display: 
[2015.04.04-16.23.41:535][  0]LogCook:Display: Done creating registry. It took  0.00s.
[2015.04.04-16.23.41:647][  0]SourceControl: Info Source control is disabled
[2015.04.04-16.23.41:647][  0]Cmd: MAP LOAD FILE="../../../../../../Users/admin/Documents/GitHub/StarProject/Content/FirstPersonBP/Maps/FirstPersonExampleMap.umap" TEMPLATE=0 SHOWPROGRESS=1 FEATURELEVEL=3
[2015.04.04-16.23.41:647][  0]LightingResults: New page: Lighting Build
[2015.04.04-16.23.41:657][  0]MapCheck: New page: Map Check
[2015.04.04-16.23.41:657][  0]LightingResults: New page: Lighting Build
[2015.04.04-16.23.41:665][  0]LogParticles: Destroying 0 GPU particle simulations for FXSystem 0x000000BD0E9CCC20
[2015.04.04-16.23.41:866][  0]LogEditorServer: Finished looking for orphan Actors (0.000 secs)
[2015.04.04-16.23.41:867][  0]LogAIModule: Creating AISystem for world FirstPersonExampleMap
[2015.04.04-16.23.41:867][  0]Cmd: MAP CHECKDEP
[2015.04.04-16.23.41:867][  0]MapCheck: New page: FirstPersonExampleMap - Apr 4, 2015, 8:23:41 PM
[2015.04.04-16.23.41:952][  0]MapCheck: Info Map check complete: 0 Error(s), 0 Warning(s), took 84.924ms to complete.
[2015.04.04-16.23.41:952][  0]LogFileHelpers: Loading map 'FirstPersonExampleMap' took 0.306
[2015.04.04-16.23.42:243][  0]LogCollectionManager: Loaded 0 collections in 0.001495 seconds
[2015.04.04-16.23.42:251][  0]LogContentBrowser: Native class hierarchy populated in 0.0073 seconds. Added 1696 classes and 261 folders.
[2015.04.04-16.23.42:284][  0]LogContentBrowser: Native class hierarchy updated for 'SceneOutliner' in 0.0014 seconds. Added 1 classes and 2 folders.
[2015.04.04-16.23.42:328][  0]LogCrashTracker: Crashtracker disabled due to settings.
[2015.04.04-16.23.42:329][  0]LogSlate:Warning: Failed to load font data from 'Veranda'
[2015.04.04-16.23.42:336][  0]LogUObjectGlobals:Warning: Failed to find object 'Class None.'
[2015.04.04-16.23.42:362][  0]LogLoad: Full Startup: 10.32 seconds (BP compile: 0.02 seconds)
[2015.04.04-16.23.42:783][  0]LogContentBrowser:Verbose: The content browser source was changed by the sources view to '/Game/FirstPersonBP/Blueprints'
[2015.04.04-16.23.42:878][  0]LogRenderer:Warning: Reallocating scene render targets to support 32x32 (Frame:2).
[2015.04.04-16.23.43:023][  0]LogRenderer:Warning: Reallocating scene render targets to support 944x576 (Frame:7).
[2015.04.04-16.23.45:814][  9]LogAssetRegistry: Asset discovery search completed in 5.3279 seconds
[2015.04.04-16.28.04:930][ 69]LogPlayLevel: PIE:  No blueprints needed recompiling
[2015.04.04-16.28.04:930][ 69]PIE: New page: PIE session: FirstPersonExampleMap (Apr 4, 2015, 8:28:04 PM)
[2015.04.04-16.28.04:933][ 69]LogPlayLevel: PIE: StaticDuplicateObject took: (0.002192s)
[2015.04.04-16.28.04:933][ 69]LogPlayLevel: PIE: World Init took: (0.000453s)
[2015.04.04-16.28.04:933][ 69]LogPlayLevel: PIE: Created PIE world by copying editor world from /Game/FirstPersonBP/Maps/FirstPersonExampleMap.FirstPersonExampleMap to /Game/FirstPersonBP/Maps/UEDPIE_0_FirstPersonExampleMap.FirstPersonExampleMap (0.002938s)
[2015.04.04-16.28.05:032][ 69]LogLinker:Warning: Asset '../../../Engine/Content/EngineMeshes/Humanoid.uasset' has been saved with empty engine version. The asset will be loaded but may be incompatible.
[2015.04.04-16.28.05:624][ 69]LogWorld: Game class is 'FirstPersonGameMode_C'
[2015.04.04-16.28.05:626][ 69]LogAIModule: Creating AISystem for world FirstPersonExampleMap
[2015.04.04-16.28.05:628][ 69]LogWorld: Bringing World /Game/FirstPersonBP/Maps/UEDPIE_0_FirstPersonExampleMap.FirstPersonExampleMap up for play (max tick rate 0) at 2015.04.04-18.28.05
[2015.04.04-16.28.05:629][ 69]LogWorld: Bringing up level for play took: 0.002000
[2015.04.04-16.28.05:645][ 69]PIE: Info Play in editor start time for /Game/FirstPersonBP/Maps/UEDPIE_0_FirstPersonExampleMap 1.328
[2015.04.04-16.28.05:680][ 69]LogRenderer:Warning: Reallocating scene render targets to support 1296x760 (Frame:314).
[2015.04.04-16.28.13:680][ 14]LogActorComponent: UnregisterComponent: (/Engine/Transient.CharMoveComp) Not registered. Aborting.
[2015.04.04-16.28.13:680][ 14]LogActorComponent: UnregisterComponent: (/Engine/Transient.ProjectileMovementComponent_40__A6522401) Not registered. Aborting.
[2015.04.04-16.28.13:693][ 14]LogParticles: Destroying 0 GPU particle simulations for FXSystem 0x000000BD1A6D28E0
[2015.04.04-16.28.16:881][380]LogPlayLevel: PIE:  No blueprints needed recompiling
[2015.04.04-16.28.16:881][380]PIE: New page: PIE session: FirstPersonExampleMap (Apr 4, 2015, 8:28:16 PM)
[2015.04.04-16.28.16:883][380]LogPlayLevel: PIE: StaticDuplicateObject took: (0.001970s)
[2015.04.04-16.28.16:884][380]LogPlayLevel: PIE: World Init took: (0.000343s)
[2015.04.04-16.28.16:884][380]LogPlayLevel: PIE: Created PIE world by copying editor world from /Game/FirstPersonBP/Maps/FirstPersonExampleMap.FirstPersonExampleMap to /Game/FirstPersonBP/Maps/UEDPIE_0_FirstPersonExampleMap.FirstPersonExampleMap (0.002426s)
[2015.04.04-16.28.16:962][380]LogWorld: Game class is 'FirstPersonGameMode_C'
[2015.04.04-16.28.16:964][380]LogAIModule: Creating AISystem for world FirstPersonExampleMap
[2015.04.04-16.28.16:966][380]LogWorld: Bringing World /Game/FirstPersonBP/Maps/UEDPIE_0_FirstPersonExampleMap.FirstPersonExampleMap up for play (max tick rate 0) at 2015.04.04-18.28.16
[2015.04.04-16.28.16:967][380]LogWorld: Bringing up level for play took: 0.001891
[2015.04.04-16.28.16:983][380]PIE: Info Play in editor start time for /Game/FirstPersonBP/Maps/UEDPIE_0_FirstPersonExampleMap 0.666
[2015.04.04-16.28.22:290][657]LogRenderer:Warning: Reallocating scene render targets to support 1920x1056 (Frame:1733).
[2015.04.04-16.28.40:706][849]LogParticles: Destroying 0 GPU particle simulations for FXSystem 0x000000BD1C414CC0
[2015.04.04-16.28.43:658][196]LogPlayLevel: PIE:  No blueprints needed recompiling
[2015.04.04-16.28.43:658][196]PIE: New page: PIE session: FirstPersonExampleMap (Apr 4, 2015, 8:28:43 PM)
[2015.04.04-16.28.43:661][196]LogPlayLevel: PIE: StaticDuplicateObject took: (0.002160s)
[2015.04.04-16.28.43:661][196]LogPlayLevel: PIE: World Init took: (0.000384s)
[2015.04.04-16.28.43:661][196]LogPlayLevel: PIE: Created PIE world by copying editor world from /Game/FirstPersonBP/Maps/FirstPersonExampleMap.FirstPersonExampleMap to /Game/FirstPersonBP/Maps/UEDPIE_0_FirstPersonExampleMap.FirstPersonExampleMap (0.002687s)
[2015.04.04-16.28.43:724][196]LogWorld: Game class is 'FirstPersonGameMode_C'
[2015.04.04-16.28.43:726][196]LogAIModule: Creating AISystem for world FirstPersonExampleMap
[2015.04.04-16.28.43:727][196]LogWorld: Bringing World /Game/FirstPersonBP/Maps/UEDPIE_0_FirstPersonExampleMap.FirstPersonExampleMap up for play (max tick rate 0) at 2015.04.04-18.28.43
[2015.04.04-16.28.43:728][196]LogWorld: Bringing up level for play took: 0.001856
[2015.04.04-16.28.43:742][196]PIE: Info Play in editor start time for /Game/FirstPersonBP/Maps/UEDPIE_0_FirstPersonExampleMap -0.575
[2015.04.04-16.28.48:066][701]LogActorComponent: UnregisterComponent: (/Engine/Transient.CharMoveComp) Not registered. Aborting.
[2015.04.04-16.28.48:066][701]LogActorComponent: UnregisterComponent: (/Engine/Transient.ProjectileMovementComponent_40__A6522401) Not registered. Aborting.
[2015.04.04-16.28.48:073][701]LogParticles: Destroying 0 GPU particle simulations for FXSystem 0x000000BD03B3E700
[2015.04.04-16.30.54:914][863]Cmd: QUIT_EDITOR
[2015.04.04-16.30.55:097][863]LogExit: Preparing to exit.
[2015.04.04-16.30.55:927][863]LogExit: Editor shut down
[2015.04.04-16.30.55:938][863]LogExit: Transaction tracking system shut down
[2015.04.04-16.30.55:938][863]LogParticles: Destroying 0 GPU particle simulations for FXSystem 0x000000BD07D4FB00
[2015.04.04-16.30.55:938][863]LogParticles: Destroying 0 GPU particle simulations for FXSystem 0x000000BD1A77E340
[2015.04.04-16.30.55:938][863]LogParticles: Destroying 0 GPU particle simulations for FXSystem 0x000000BD1AE8EE80
[2015.04.04-16.30.55:938][863]LogParticles: Destroying 0 GPU particle simulations for FXSystem 0x000000BD1AE8FD80
[2015.04.04-16.30.55:938][863]LogParticles: Destroying 0 GPU particle simulations for FXSystem 0x000000BD1B88F6A0
[2015.04.04-16.30.55:971][863]LogExit: Object subsystem successfully closed.
[2015.04.04-16.30.56:012][863]LogModuleManager: Shutting down and abandoning module CrashTracker (177)
[2015.04.04-16.30.56:012][863]LogModuleManager: Shutting down and abandoning module SuperSearch (176)
[2015.04.04-16.30.56:012][863]LogModuleManager: Shutting down and abandoning module SceneOutliner (175)
[2015.04.04-16.30.56:012][863]LogModuleManager: Shutting down and abandoning module EditorWidgets (174)
[2015.04.04-16.30.56:012][863]LogModuleManager: Shutting down and abandoning module CollectionManager (173)
[2015.04.04-16.30.56:012][863]LogModuleManager: Shutting down and abandoning module StatsViewer (172)
[2015.04.04-16.30.56:012][863]LogModuleManager: Shutting down and abandoning module FoliageEdit (171)
[2015.04.04-16.30.56:012][863]LogModuleManager: Shutting down and abandoning module LandscapeEditor (170)
[2015.04.04-16.30.56:012][863]LogModuleManager: Shutting down and abandoning module MeshPaint (169)
[2015.04.04-16.30.56:012][863]LogModuleManager: Shutting down and abandoning module ActorPickerMode (168)
[2015.04.04-16.30.56:012][863]LogModuleManager: Shutting down and abandoning module GeometryMode (167)
[2015.04.04-16.30.56:012][863]LogModuleManager: Shutting down and abandoning module TextureAlignMode (166)
[2015.04.04-16.30.56:012][863]LogModuleManager: Shutting down and abandoning module BspMode (165)
[2015.04.04-16.30.56:013][863]LogModuleManager: Shutting down and abandoning module PlacementMode (164)
[2015.04.04-16.30.56:013][863]LogModuleManager: Shutting down and abandoning module AutomationWorker (163)
[2015.04.04-16.30.56:013][863]LogModuleManager: Shutting down and abandoning module CharacterAI (162)
[2015.04.04-16.30.56:013][863]LogModuleManager: Shutting down and abandoning module SmartSnapping (161)
[2015.04.04-16.30.56:013][863]LogModuleManager: Shutting down and abandoning module ViewportSnapping (160)
[2015.04.04-16.30.56:013][863]LogModuleManager: Shutting down and abandoning module LogVisualizer (159)
[2015.04.04-16.30.56:013][863]LogModuleManager: Shutting down and abandoning module GameProjectGeneration (158)
[2015.04.04-16.30.56:013][863]LogModuleManager: Shutting down and abandoning module IntroTutorials (157)
[2015.04.04-16.30.56:013][863]LogModuleManager: Shutting down and abandoning module EditorLiveStreaming (156)
[2015.04.04-16.30.56:013][863]LogModuleManager: Shutting down and abandoning module HardwareTargeting (155)
[2015.04.04-16.30.56:013][863]LogModuleManager: Shutting down and abandoning module DeviceProfileEditor (154)
[2015.04.04-16.30.56:013][863]LogModuleManager: Shutting down and abandoning module UndoHistory (153)
[2015.04.04-16.30.56:013][863]LogModuleManager: Shutting down and abandoning module GameplayTagsEditor (152)
[2015.04.04-16.30.56:013][863]LogModuleManager: Shutting down and abandoning module UserFeedback (151)
[2015.04.04-16.30.56:013][863]LogModuleManager: Shutting down and abandoning module XmlParser (150)
[2015.04.04-16.30.56:013][863]LogModuleManager: Shutting down and abandoning module Blutility (149)
[2015.04.04-16.30.56:013][863]LogModuleManager: Shutting down and abandoning module IOSPlatformEditor (148)
[2015.04.04-16.30.56:013][863]LogModuleManager: Shutting down and abandoning module IOSRuntimeSettings (147)
[2015.04.04-16.30.56:013][863]LogModuleManager: Shutting down and abandoning module AndroidDeviceDetection (146)
[2015.04.04-16.30.56:510][863]LogModuleManager: Shutting down and abandoning module AndroidPlatformEditor (145)
[2015.04.04-16.30.56:510][863]LogModuleManager: Shutting down and abandoning module AndroidRuntimeSettings (144)
[2015.04.04-16.30.56:510][863]LogModuleManager: Shutting down and abandoning module ProjectTargetPlatformEditor (143)
[2015.04.04-16.30.56:510][863]LogModuleManager: Shutting down and abandoning module ProjectSettingsViewer (142)
[2015.04.04-16.30.56:510][863]LogModuleManager: Shutting down and abandoning module InputBindingEditor (141)
[2015.04.04-16.30.56:510][863]LogModuleManager: Shutting down and abandoning module EditorSettingsViewer (140)
[2015.04.04-16.30.56:511][863]LogModuleManager: Shutting down and abandoning module SettingsEditor (139)
[2015.04.04-16.30.56:511][863]LogModuleManager: Shutting down and abandoning module ProjectLauncher (138)
[2015.04.04-16.30.56:511][863]LogModuleManager: Shutting down and abandoning module SessionFrontend (137)
[2015.04.04-16.30.56:511][863]LogModuleManager: Shutting down and abandoning module ProfilerClient (136)
[2015.04.04-16.30.56:511][863]LogModuleManager: Shutting down and abandoning module TargetDeviceServices (135)
[2015.04.04-16.30.56:511][863]LogModuleManager: Shutting down and abandoning module DeviceManager (134)
[2015.04.04-16.30.56:511][863]LogModuleManager: Shutting down and abandoning module AutomationController (133)
[2015.04.04-16.30.56:511][863]LogModuleManager: Shutting down and abandoning module AutomationWindow (132)
[2015.04.04-16.30.56:511][863]LogModuleManager: Shutting down and abandoning module Layers (131)
[2015.04.04-16.30.56:511][863]LogModuleManager: Shutting down and abandoning module ComponentVisualizers (130)
[2015.04.04-16.30.56:511][863]LogModuleManager: Shutting down and abandoning module DetailCustomizations (129)
[2015.04.04-16.30.56:511][863]LogModuleManager: Shutting down and abandoning module PackagesDialog (128)
[2015.04.04-16.30.56:511][863]LogModuleManager: Shutting down and abandoning module AssetRegistry (127)
[2015.04.04-16.30.56:593][863]LogModuleManager: Shutting down and abandoning module Persona (126)
[2015.04.04-16.30.56:593][863]LogModuleManager: Shutting down and abandoning module SlateReflector (125)
[2015.04.04-16.30.56:593][863]LogModuleManager: Shutting down and abandoning module LevelEditor (124)
[2015.04.04-16.30.56:594][863]LogModuleManager: Shutting down and abandoning module Kismet (123)
[2015.04.04-16.30.56:594][863]LogModuleManager: Shutting down and abandoning module GraphEditor (122)
[2015.04.04-16.30.56:594][863]LogModuleManager: Shutting down and abandoning module ClassViewer (121)
[2015.04.04-16.30.56:594][863]LogModuleManager: Shutting down and abandoning module Toolbox (120)
[2015.04.04-16.30.56:594][863]LogModuleManager: Shutting down and abandoning module ModuleUI (119)
[2015.04.04-16.30.56:594][863]LogModuleManager: Shutting down and abandoning module MovieSceneTools (118)
[2015.04.04-16.30.56:594][863]LogModuleManager: Shutting down and abandoning module OutputLog (117)
[2015.04.04-16.30.56:594][863]LogModuleManager: Shutting down and abandoning module GammaUI (116)
[2015.04.04-16.30.56:594][863]LogModuleManager: Shutting down and abandoning module Documentation (115)
[2015.04.04-16.30.56:594][863]LogModuleManager: Shutting down and abandoning module GameLiveStreaming (114)
[2015.04.04-16.30.56:594][863]LogModuleManager: Shutting down and abandoning module StreamingPauseRendering (113)
[2015.04.04-16.30.56:594][863]LogModuleManager: Shutting down and abandoning module HTTP (112)
[2015.04.04-16.30.56:594][863]LogModuleManager: Shutting down and abandoning module AnalyticsET (111)
[2015.04.04-16.30.56:594][863]LogModuleManager: Shutting down and abandoning module Analytics (110)
[2015.04.04-16.30.56:594][863]LogModuleManager: Shutting down and abandoning module AITestSuite (109)
[2015.04.04-16.30.56:594][863]LogModuleManager: Shutting down and abandoning module GameplayDebugger (108)
[2015.04.04-16.30.56:594][863]LogModuleManager: Shutting down and abandoning module AIModule (107)
[2015.04.04-16.30.56:594][863]LogModuleManager: Shutting down and abandoning module ProfilerService (106)
[2015.04.04-16.30.56:640][863]LogModuleManager: Shutting down and abandoning module TaskGraph (105)
[2015.04.04-16.30.56:640][863]LogModuleManager: Shutting down and abandoning module SlateRemote (104)
[2015.04.04-16.30.56:640][863]LogModuleManager: Shutting down and abandoning module ScriptEditorPlugin (103)
[2015.04.04-16.30.56:640][863]LogModuleManager: Shutting down and abandoning module CustomMeshComponent (102)
[2015.04.04-16.30.56:640][863]LogModuleManager: Shutting down and abandoning module CableComponent (101)
[2015.04.04-16.30.56:640][863]LogModuleManager: Shutting down and abandoning module MessagingDebugger (100)
[2015.04.04-16.30.56:640][863]LogModuleManager: Shutting down and abandoning module MediaPlayerEditor (99)
[2015.04.04-16.30.56:640][863]LogModuleManager: Shutting down and abandoning module SpeedTreeImporter (98)
[2015.04.04-16.30.56:640][863]LogModuleManager: Shutting down and abandoning module PluginsEditor (97)
[2015.04.04-16.30.56:640][863]LogModuleManager: Shutting down and abandoning module MainFrame (96)
[2015.04.04-16.30.56:640][863]LogModuleManager: Shutting down and abandoning module EpicSurvey (95)
[2015.04.04-16.30.56:640][863]LogModuleManager: Shutting down and abandoning module DesktopPlatform (94)
[2015.04.04-16.30.56:640][863]LogModuleManager: Shutting down and abandoning module DirectoryWatcher (93)
[2015.04.04-16.30.56:640][863]LogModuleManager: Shutting down and abandoning module HotReload (92)
[2015.04.04-16.30.56:640][863]LogModuleManager: Shutting down and abandoning module VisualStudioSourceCodeAccess (91)
[2015.04.04-16.30.56:640][863]LogModuleManager: Shutting down and abandoning module UObjectPlugin (90)
[2015.04.04-16.30.56:640][863]LogModuleManager: Shutting down and abandoning module SubversionSourceControl (89)
[2015.04.04-16.30.56:640][863]LogModuleManager: Shutting down and abandoning module PerforceSourceControl (88)
[2015.04.04-16.30.56:640][863]LogModuleManager: Shutting down and abandoning module SourceControl (87)
[2015.04.04-16.30.56:640][863]LogModuleManager: Shutting down and abandoning module GitSourceControl (86)
[2015.04.04-16.30.56:640][863]LogModuleManager: Shutting down and abandoning module BlankPlugin (85)
[2015.04.04-16.30.56:640][863]LogModuleManager: Shutting down and abandoning module PaperTiledImporter (84)
[2015.04.04-16.30.56:640][863]LogModuleManager: Shutting down and abandoning module PaperJsonImporter (83)
[2015.04.04-16.30.56:640][863]LogModuleManager: Shutting down and abandoning module ContentBrowser (82)
[2015.04.04-16.30.56:641][863]LogModuleManager: Shutting down and abandoning module Paper2DEditor (81)
[2015.04.04-16.30.56:641][863]LogModuleManager: Shutting down and abandoning module ScriptPlugin (80)
[2015.04.04-16.30.56:641][863]LogModuleManager: Shutting down and abandoning module UdpMessaging (79)
[2015.04.04-16.30.56:742][863]LogModuleManager: Shutting down and abandoning module Paper2D (78)
[2015.04.04-16.30.56:742][863]LogModuleManager: Shutting down and abandoning module WindowsMoviePlayer (77)
[2015.04.04-16.30.56:743][863]LogModuleManager: Shutting down and abandoning module Media (76)
[2015.04.04-16.30.56:743][863]LogModuleManager: Shutting down and abandoning module WmfMedia (75)
[2015.04.04-16.30.56:743][863]LogModuleManager: Shutting down and abandoning module OnlineBlueprintSupport (74)
[2015.04.04-16.30.56:743][863]LogModuleManager: Shutting down and abandoning module PropertyEditor (73)
[2015.04.04-16.30.56:743][863]LogModuleManager: Shutting down and abandoning module BehaviorTreeEditor (72)
[2015.04.04-16.30.56:744][863]LogModuleManager: Shutting down and abandoning module FunctionalTesting (71)
[2015.04.04-16.30.56:744][863]LogModuleManager: Shutting down and abandoning module CollisionAnalyzer (70)
[2015.04.04-16.30.56:744][863]LogModuleManager: Shutting down and abandoning module WorkspaceMenuStructure (69)
[2015.04.04-16.30.56:744][863]LogModuleManager: Shutting down and abandoning module MessageLog (68)
[2015.04.04-16.30.56:744][863]LogModuleManager: Shutting down and abandoning module Sequencer (67)
[2015.04.04-16.30.56:744][863]LogModuleManager: Shutting down and abandoning module AssetTools (66)
[2015.04.04-16.30.56:744][863]LogModuleManager: Shutting down and abandoning module UMGEditor (65)
[2015.04.04-16.30.56:744][863]LogModuleManager: Shutting down and abandoning module UMG (64)
[2015.04.04-16.30.56:744][863]LogModuleManager: Shutting down and abandoning module Slate (63)
[2015.04.04-16.30.56:744][863]LogModuleManager: Shutting down and abandoning module EditorStyle (62)
[2015.04.04-16.30.56:746][863]LogModuleManager: Shutting down and abandoning module SessionServices (61)
[2015.04.04-16.30.56:746][863]LogModuleManager: Shutting down and abandoning module SourceCodeAccess (60)
[2015.04.04-16.30.56:746][863]LogModuleManager: Shutting down and abandoning module HeadMountedDisplay (59)
[2015.04.04-16.30.56:746][863]LogModuleManager: Shutting down and abandoning module XAudio2 (58)
[2015.04.04-16.30.56:746][863]LogModuleManager: Shutting down and abandoning module Networking (56)
[2015.04.04-16.30.56:746][863]LogModuleManager: Shutting down and abandoning module Core (55)
[2015.04.04-16.30.56:746][863]LogModuleManager: Shutting down and abandoning module KismetCompiler (54)
[2015.04.04-16.30.56:746][863]LogModuleManager: Shutting down and abandoning module PhysXFormats (53)
[2015.04.04-16.30.56:746][863]LogModuleManager: Shutting down and abandoning module MeshUtilities (52)
[2015.04.04-16.30.56:746][863]LogModuleManager: Shutting down and abandoning module DerivedDataCache (51)
[2015.04.04-16.30.56:787][863]LogDerivedDataCache: Shutdown
[2015.04.04-16.30.56:787][863]LogModuleManager: Shutting down and abandoning module ShaderFormatOpenGL (50)
[2015.04.04-16.30.56:787][863]LogModuleManager: Shutting down and abandoning module ShaderFormatD3D (49)
[2015.04.04-16.30.56:787][863]LogModuleManager: Shutting down and abandoning module MetalShaderFormat (48)
[2015.04.04-16.30.56:787][863]LogModuleManager: Shutting down and abandoning module TextureFormatUncompressed (47)
[2015.04.04-16.30.56:787][863]LogModuleManager: Shutting down and abandoning module TextureFormatPVR (46)
[2015.04.04-16.30.56:787][863]LogModuleManager: Shutting down and abandoning module TextureFormatIntelISPCTexComp (45)
[2015.04.04-16.30.56:787][863]LogModuleManager: Shutting down and abandoning module TextureFormatDXT (44)
[2015.04.04-16.30.56:787][863]LogModuleManager: Shutting down and abandoning module ImageWrapper (43)
[2015.04.04-16.30.56:787][863]LogModuleManager: Shutting down and abandoning module TextureFormatASTC (42)
[2015.04.04-16.30.56:787][863]LogModuleManager: Shutting down and abandoning module TextureFormatAndroid (41)
[2015.04.04-16.30.56:787][863]LogModuleManager: Shutting down and abandoning module AudioFormatOpus (40)
[2015.04.04-16.30.56:787][863]LogModuleManager: Shutting down and abandoning module AudioFormatOgg (39)
[2015.04.04-16.30.56:787][863]LogModuleManager: Shutting down and abandoning module AudioFormatADPCM (38)
[2015.04.04-16.30.56:787][863]LogModuleManager: Shutting down and abandoning module LinuxTargetPlatform (37)
[2015.04.04-16.30.56:787][863]LogModuleManager: Shutting down and abandoning module LinuxServerTargetPlatform (36)
[2015.04.04-16.30.56:787][863]LogModuleManager: Shutting down and abandoning module LinuxNoEditorTargetPlatform (35)
[2015.04.04-16.30.56:787][863]LogModuleManager: Shutting down and abandoning module Messaging (34)
[2015.04.04-16.30.56:787][863]LogModuleManager: Shutting down and abandoning module IOSTargetPlatform (33)
[2015.04.04-16.30.56:787][863]LogModuleManager: Shutting down and abandoning module HTML5TargetPlatform (32)
[2015.04.04-16.30.56:787][863]LogModuleManager: Shutting down and abandoning module Android_PVRTCTargetPlatform (31)
[2015.04.04-16.30.56:787][863]LogModuleManager: Shutting down and abandoning module Android_ETC2TargetPlatform (30)
[2015.04.04-16.30.56:787][863]LogModuleManager: Shutting down and abandoning module Android_ETC1TargetPlatform (29)
[2015.04.04-16.30.56:787][863]LogModuleManager: Shutting down and abandoning module Android_ES31TargetPlatform (28)
[2015.04.04-16.30.56:787][863]LogModuleManager: Shutting down and abandoning module Android_DXTTargetPlatform (27)
[2015.04.04-16.30.56:787][863]LogModuleManager: Shutting down and abandoning module Android_ATCTargetPlatform (26)
[2015.04.04-16.30.56:787][863]LogModuleManager: Shutting down and abandoning module AndroidTargetPlatform (25)
[2015.04.04-16.30.56:787][863]LogModuleManager: Shutting down and abandoning module WindowsTargetPlatform (24)
[2015.04.04-16.30.56:787][863]LogModuleManager: Shutting down and abandoning module WindowsServerTargetPlatform (23)
[2015.04.04-16.30.56:787][863]LogModuleManager: Shutting down and abandoning module WindowsNoEditorTargetPlatform (22)
[2015.04.04-16.30.56:787][863]LogModuleManager: Shutting down and abandoning module WindowsClientTargetPlatform (21)
[2015.04.04-16.30.56:787][863]LogModuleManager: Shutting down and abandoning module TargetPlatform (20)
[2015.04.04-16.30.56:787][863]LogModuleManager: Shutting down and abandoning module InputCore (19)
[2015.04.04-16.30.56:787][863]LogModuleManager: Shutting down and abandoning module Settings (18)
[2015.04.04-16.30.56:787][863]LogModuleManager: Shutting down and abandoning module OnlineSubsystem (16)
[2015.04.04-16.30.56:787][863]LogModuleManager: Shutting down and abandoning module OculusRift (15)
[2015.04.04-16.30.56:787][863]LogModuleManager: Shutting down and abandoning module ExampleDeviceProfileSelector (14)
[2015.04.04-16.30.56:787][863]LogModuleManager: Shutting down and abandoning module TextureCompressor (13)
[2015.04.04-16.30.56:788][863]LogModuleManager: Shutting down and abandoning module ShaderCore (12)
[2015.04.04-16.30.56:788][863]LogModuleManager: Shutting down and abandoning module Landscape (11)
[2015.04.04-16.30.56:788][863]LogModuleManager: Shutting down and abandoning module SlateRHIRenderer (10)
[2015.04.04-16.30.56:789][863]LogModuleManager: Shutting down and abandoning module OpenGLDrv (9)
[2015.04.04-16.30.56:789][863]LogModuleManager: Shutting down and abandoning module D3D11RHI (8)
[2015.04.04-16.30.56:789][863]LogModuleManager: Shutting down and abandoning module Renderer (7)
[2015.04.04-16.30.56:789][863]LogModuleManager: Shutting down and abandoning module Engine (6)
[2015.04.04-16.30.56:789][863]LogModuleManager: Shutting down and abandoning module CoreUObject (5)
[2015.04.04-16.30.56:789][863]LogModuleManager: Shutting down and abandoning module NetworkFile (4)
[2015.04.04-16.30.56:789][863]LogModuleManager: Shutting down and abandoning module StreamingFile (3)
[2015.04.04-16.30.56:789][863]LogModuleManager: Shutting down and abandoning module SandboxFile (2)
[2015.04.04-16.30.56:789][863]LogModuleManager: Shutting down and abandoning module PakFile (1)
[2015.04.04-16.30.56:789][863]LogExit: Exiting.
[2015.04.04-16.30.56:793][863]Log file closed, 04/04/15 18:30:56
